INFO:root:About to process dynamic_signs/youtube_final_j_z_nice.csv outputting to trained_models/09-05-2024/dynamic-EK.LR-09-05-2024(09-24-32).joblib
INFO:root:training set: Counter({'Z': 310, 'Hello': 250, 'J': 200, 'Bye': 88, 'Ready': 54, 'Yes': 52, 'Why': 52, 'Okay': 39, 'Wow': 38, 'Again': 35})
INFO:root:test set: Counter({'Z': 81, 'Hello': 56, 'J': 49, 'Bye': 26, 'Why': 17, 'Wow': 13, 'Yes': 11, 'Okay': 11, 'Again': 9, 'Ready': 7})
INFO:root:Returning lr model with best hyper parameters
INFO:root:Couldn't find dynamic-EK.LR-09-05-2024(09-24-32).joblib, so created it.
INFO:root:- Search resulted in -
INFO:root:Best Estimator: LogisticRegression(C=590, max_iter=10000, random_state=422)
INFO:root:Best Index: 29
INFO:root:Best Params: {'C': 590}
INFO:root:Best Score: 0.6708800448430494
INFO:root:Cross val score:
[0.66219839 0.63538874 0.69892473]
INFO:root:Classification Report for training set:
              precision    recall  f1-score   support

       Again       0.12      0.11      0.12        35
         Bye       0.27      0.25      0.26        88
       Hello       0.62      0.62      0.62       250
           J       0.96      0.96      0.96       200
        Okay       0.22      0.21      0.21        39
       Ready       0.60      0.48      0.54        54
         Why       0.15      0.23      0.18        52
         Wow       0.14      0.11      0.12        38
         Yes       0.26      0.25      0.25        52
           Z       0.98      0.99      0.99       310

    accuracy                           0.67      1118
   macro avg       0.43      0.42      0.42      1118
weighted avg       0.67      0.67      0.67      1118

INFO:root:Classification Report for test set:
              precision    recall  f1-score   support

       Again     0.0909    0.1111    0.1000         9
         Bye     0.1579    0.1154    0.1333        26
       Hello     0.5000    0.5714    0.5333        56
           J     0.9592    0.9592    0.9592        49
        Okay     0.1111    0.0909    0.1000        11
       Ready     0.2500    0.2857    0.2667         7
         Why     0.2778    0.2941    0.2857        17
         Wow     0.2000    0.0769    0.1111        13
         Yes     0.3125    0.4545    0.3704        11
           Z     0.9753    0.9753    0.9753        81

    accuracy                         0.6286       280
   macro avg     0.3835    0.3935    0.3835       280
weighted avg     0.6166    0.6286    0.6199       280

INFO:root:Probabilities:
[('Z', array([2.19156221e-27, 2.22113455e-22, 1.20450024e-32, 7.63739212e-44,
       1.88211341e-25, 1.52151464e-38, 1.44346771e-30, 1.05296640e-33,
       2.55871251e-26, 1.00000000e+00])), ('Hello', array([5.45371436e-34, 1.65381356e-22, 1.00000000e+00, 5.58759733e-40,
       6.17494526e-24, 5.87680049e-40, 1.99216463e-40, 5.49578844e-38,
       3.12145140e-41, 5.74712434e-43])), ('Why', array([9.99277742e-01, 2.31588351e-05, 5.56669240e-09, 7.56412460e-18,
       7.63428553e-10, 3.86017134e-13, 5.60693747e-04, 2.98900329e-17,
       1.38399309e-04, 3.10988698e-20])), ('Z', array([1.20469980e-26, 1.81265615e-26, 7.98573946e-27, 6.05228121e-29,
       1.03027077e-25, 1.25586182e-30, 3.79988338e-20, 4.61172370e-24,
       4.59717708e-19, 1.00000000e+00])), ('Yes', array([7.50235237e-16, 7.40681093e-05, 4.19283246e-01, 3.16578338e-05,
       2.93206167e-07, 3.30339167e-01, 4.60241938e-19, 3.36999283e-18,
       7.69595142e-06, 2.50263871e-01])), ('Z', array([1.52150419e-33, 1.15375317e-30, 8.89561919e-40, 5.81841651e-49,
       6.49800455e-42, 5.50646691e-50, 6.67233816e-40, 2.75875946e-45,
       2.88044305e-31, 1.00000000e+00])), ('Why', array([2.24332100e-11, 2.11603954e-05, 7.04596854e-06, 2.23507202e-21,
       2.04471337e-20, 6.08561611e-15, 9.99971794e-01, 5.98132682e-11,
       9.81148724e-18, 2.18290374e-11])), ('Okay', array([1.19362521e-12, 1.52352168e-16, 3.07524542e-10, 1.68166334e-30,
       2.56011506e-11, 2.62163328e-16, 1.74100919e-07, 9.99999826e-01,
       5.15019442e-18, 1.08844801e-28])), ('Bye', array([3.69874674e-12, 4.43425559e-25, 9.99999999e-01, 1.63554064e-33,
       9.56264622e-17, 1.16608284e-13, 9.41146629e-10, 1.47882525e-11,
       8.48091785e-17, 4.77894591e-27])), ('J', array([5.59147965e-20, 7.15482724e-23, 9.40236308e-04, 9.99059752e-01,
       2.13846519e-21, 9.32661629e-32, 5.32481938e-23, 1.91465235e-33,
       1.19577534e-08, 3.35214615e-21])), ('Z', array([1.44093079e-38, 1.07585132e-27, 1.75992782e-29, 1.48138972e-43,
       3.04330455e-39, 1.31191414e-30, 1.64463286e-28, 1.07223512e-31,
       1.03663158e-42, 1.00000000e+00])), ('Hello', array([9.83593883e-01, 1.10688085e-12, 4.24202623e-18, 4.53134478e-21,
       1.00775163e-15, 1.18266359e-02, 9.14138319e-13, 4.01012617e-28,
       4.57948085e-03, 1.43417116e-22])), ('Hello', array([7.75799109e-28, 1.76402760e-27, 9.99998484e-01, 4.84489798e-11,
       1.38995845e-11, 5.16453713e-13, 7.87447418e-07, 1.46128872e-22,
       7.28577778e-07, 2.65492089e-26])), ('Why', array([1.06064467e-13, 1.82836017e-02, 9.75207946e-01, 7.14198946e-27,
       3.98014352e-03, 1.87691175e-05, 4.88671014e-05, 8.83970164e-04,
       1.57670260e-03, 9.19373481e-16])), ('Hello', array([7.03467435e-03, 1.37544841e-13, 9.80398702e-01, 1.77049734e-16,
       4.75981224e-05, 7.99344677e-12, 1.25190242e-02, 2.94944877e-10,
       7.97101385e-10, 7.90013077e-34])), ('Hello', array([9.99999979e-01, 2.22588053e-11, 3.42615885e-14, 2.13131730e-08,
       2.82425364e-12, 4.41785967e-31, 1.08924471e-27, 9.17099935e-18,
       3.64776211e-17, 3.91119098e-15])), ('J', array([2.51272487e-47, 6.39650533e-30, 1.24335144e-23, 1.00000000e+00,
       2.49272268e-39, 2.25083572e-39, 1.16936385e-30, 2.48591836e-34,
       2.77795316e-27, 1.28513655e-27])), ('Z', array([4.08662740e-27, 4.16474991e-20, 1.17554819e-23, 2.62291332e-23,
       1.73351744e-28, 3.14183434e-27, 3.21631514e-27, 1.31832039e-34,
       1.99417529e-25, 1.00000000e+00])), ('Hello', array([1.12811704e-08, 1.39550838e-09, 9.79081636e-01, 2.15967343e-12,
       1.00734511e-06, 4.95852722e-15, 8.34592337e-10, 2.35311819e-05,
       2.08938124e-02, 1.01551882e-18])), ('Hello', array([7.49183173e-35, 1.76342318e-23, 1.00000000e+00, 6.25411927e-25,
       8.09368640e-17, 5.28221352e-23, 1.08201884e-14, 5.02534648e-21,
       1.18032247e-30, 1.49376479e-24])), ('Z', array([7.91798331e-25, 7.05440151e-18, 2.30349367e-29, 1.38793325e-44,
       7.00884152e-30, 3.21032379e-39, 3.31704956e-18, 1.89175953e-31,
       1.20955609e-13, 1.00000000e+00])), ('Bye', array([3.00852852e-24, 1.00000000e+00, 5.55849340e-23, 1.15651008e-39,
       3.33177133e-31, 4.30964820e-36, 2.32564477e-26, 2.02493049e-20,
       1.89405854e-20, 3.53793320e-37])), ('Hello', array([2.03830540e-29, 3.50773583e-15, 9.99998626e-01, 4.18219027e-18,
       8.56612952e-09, 3.41399066e-12, 1.00978682e-06, 1.51433397e-12,
       3.55485021e-07, 1.30079067e-23])), ('Z', array([8.02300118e-37, 3.53806314e-16, 9.52435713e-29, 1.03397153e-34,
       1.10697700e-32, 9.33724191e-33, 3.06117984e-24, 1.86642488e-35,
       3.14694414e-24, 1.00000000e+00])), ('J', array([4.24403784e-29, 6.96266839e-48, 2.12572936e-17, 1.00000000e+00,
       3.48647017e-37, 1.10669692e-32, 7.87482036e-40, 1.45651900e-38,
       4.79358296e-20, 3.12510465e-42])), ('Z', array([2.95343892e-28, 2.77742690e-22, 2.07264180e-32, 4.35249602e-54,
       4.37074826e-25, 2.10865605e-41, 8.63875067e-28, 1.16721689e-44,
       1.75768635e-32, 1.00000000e+00])), ('Hello', array([1.05199063e-18, 2.50635663e-22, 9.62729181e-10, 5.77280748e-16,
       9.91098211e-01, 1.89208390e-18, 5.17111409e-22, 8.90172966e-03,
       5.84045683e-08, 1.60095399e-20])), ('Why', array([1.22249160e-16, 8.50618199e-04, 3.48368839e-15, 3.42727254e-33,
       3.37751684e-22, 5.04653926e-24, 1.04381900e-03, 6.95920557e-08,
       9.98105493e-01, 4.51212032e-19])), ('Why', array([3.90670219e-17, 8.30568126e-12, 2.53165989e-09, 7.25088628e-29,
       3.19095217e-12, 7.74169861e-13, 9.99999997e-01, 3.73661004e-16,
       3.69485472e-21, 1.19710412e-34])), ('Hello', array([1.17709663e-07, 1.21487760e-08, 1.25094826e-02, 7.22559030e-09,
       9.87403826e-01, 2.05982771e-08, 1.22944766e-08, 8.61710373e-05,
       3.50621263e-07, 5.27274051e-12])), ('Bye', array([2.06370535e-06, 2.27778272e-02, 9.77191792e-01, 2.82957242e-05,
       5.21253015e-25, 2.67628126e-18, 2.11861455e-08, 6.44587882e-25,
       1.38789220e-13, 7.01825943e-21])), ('Z', array([2.22492670e-34, 9.96694723e-31, 3.32581499e-37, 6.86291100e-37,
       2.84616923e-39, 4.64001541e-41, 2.15165377e-34, 1.53977058e-44,
       1.46127689e-30, 1.00000000e+00])), ('Z', array([4.47354920e-33, 1.09445795e-27, 2.09440785e-29, 1.04079831e-36,
       3.36786808e-51, 7.40434448e-35, 3.77487363e-19, 2.31145078e-40,
       1.22887810e-36, 1.00000000e+00])), ('Hello', array([2.67405813e-35, 3.57513366e-12, 1.00000000e+00, 1.08160602e-22,
       2.79529809e-20, 1.49790058e-24, 2.78476396e-11, 2.41148866e-27,
       2.84099052e-24, 2.19284762e-26])), ('Hello', array([7.46301923e-02, 2.11160249e-13, 1.64757696e-09, 2.35107109e-37,
       2.13372737e-09, 1.02339627e-21, 1.31983430e-13, 3.00707613e-05,
       9.25339733e-01, 3.42986818e-30])), ('Z', array([1.75937128e-41, 2.44443217e-15, 6.77103697e-15, 1.03760947e-35,
       8.29593916e-28, 9.27104614e-22, 1.07471846e-21, 4.41846133e-22,
       2.92848672e-20, 1.00000000e+00])), ('Again', array([3.23230567e-13, 4.68032176e-01, 1.65127365e-04, 1.72364280e-07,
       1.75303435e-05, 2.06827194e-13, 2.80012291e-11, 5.31784993e-01,
       3.53756322e-10, 2.24204512e-23])), ('Hello', array([7.24967186e-28, 9.45140364e-09, 9.99040912e-01, 2.11980991e-09,
       6.18603565e-13, 4.30320640e-24, 9.67755104e-18, 9.59076715e-04,
       2.53378057e-21, 1.73571952e-19])), ('Hello', array([1.00608890e-24, 9.40348775e-22, 7.69609108e-06, 9.27187199e-01,
       5.39946542e-08, 2.79704581e-10, 1.27857068e-06, 9.58105486e-23,
       7.28037716e-02, 4.02581978e-19])), ('Hello', array([1.03993449e-01, 8.96006544e-01, 7.34806155e-13, 5.94305361e-12,
       3.18471773e-14, 1.19545357e-18, 8.30417138e-11, 3.25719632e-17,
       6.34351754e-09, 1.52170373e-21])), ('Wow', array([4.79618937e-12, 5.79788373e-13, 9.99998432e-01, 7.38228444e-20,
       1.46042852e-23, 7.07678352e-14, 2.20598010e-11, 3.70536963e-19,
       1.56832423e-06, 2.05426012e-16])), ('Wow', array([9.98207136e-01, 1.11317435e-16, 4.22793809e-10, 7.05232338e-19,
       7.85584228e-16, 1.78922123e-03, 7.73164422e-14, 3.31102496e-21,
       3.64234377e-06, 1.13526955e-13])), ('Z', array([2.79977126e-29, 2.72851831e-24, 3.28319592e-29, 3.02347072e-48,
       9.56371258e-24, 1.90259850e-38, 1.42551664e-25, 8.86400935e-42,
       5.21772815e-27, 1.00000000e+00])), ('Z', array([2.01528568e-37, 1.53664187e-23, 8.96043719e-32, 9.81209600e-45,
       3.40457416e-30, 3.14450267e-41, 7.61822609e-23, 3.02318031e-36,
       1.24873720e-22, 1.00000000e+00])), ('Z', array([8.16311854e-30, 1.77806308e-23, 2.08743083e-34, 2.99954648e-28,
       1.94748500e-35, 3.95206816e-27, 1.08857010e-33, 5.80912549e-42,
       1.40058685e-33, 1.00000000e+00])), ('Wow', array([1.40217488e-17, 5.51534191e-06, 1.89198955e-02, 4.27733716e-18,
       4.13675995e-10, 2.20816796e-11, 1.93979413e-08, 2.02367049e-08,
       9.81074549e-01, 1.05375261e-15])), ('J', array([2.70511307e-32, 1.11209250e-37, 5.98328308e-15, 1.00000000e+00,
       1.86427614e-19, 4.43805296e-36, 4.32308668e-42, 9.75261190e-45,
       5.56748619e-33, 2.70530897e-31])), ('Bye', array([1.48234071e-24, 5.19390937e-15, 6.00625662e-04, 6.49436485e-46,
       1.30368405e-11, 9.99399372e-01, 4.18237918e-13, 2.27247759e-09,
       2.50856845e-25, 6.45955566e-32])), ('Z', array([7.52840485e-16, 5.94738959e-23, 1.19597458e-18, 1.68838327e-26,
       8.77994826e-23, 1.02064610e-30, 2.09768349e-26, 3.01407506e-25,
       1.48784000e-19, 1.00000000e+00])), ('Hello', array([1.59122728e-20, 8.81157385e-01, 8.00952538e-06, 5.78158821e-27,
       4.93586452e-11, 9.39393766e-12, 1.18834604e-01, 1.53345321e-15,
       1.37093730e-09, 1.31724531e-24])), ('Z', array([5.32217451e-37, 7.77445172e-26, 6.52003761e-33, 2.60928543e-36,
       5.71912790e-45, 7.23816958e-35, 8.65078574e-26, 7.58023244e-37,
       2.01260257e-30, 1.00000000e+00])), ('Z', array([1.61514869e-25, 8.14066733e-12, 2.22076924e-07, 1.94996075e-30,
       1.25274217e-22, 6.39284144e-18, 3.65815022e-22, 1.32363868e-22,
       5.88672358e-30, 9.99999778e-01])), ('J', array([3.00748145e-19, 1.29046736e-15, 1.96793474e-16, 1.00000000e+00,
       2.06256580e-17, 6.24799359e-25, 1.33540039e-24, 8.12155207e-31,
       2.30686835e-17, 1.24164045e-20])), ('Why', array([1.38576645e-03, 1.57304546e-07, 8.63749808e-03, 4.65605606e-16,
       2.92709203e-21, 1.33623555e-12, 9.89968600e-01, 3.73621096e-15,
       7.97800570e-06, 2.40560471e-13])), ('Bye', array([5.31789547e-25, 1.44813161e-17, 9.99999999e-01, 2.71253010e-37,
       8.27308487e-11, 1.28152807e-09, 2.75038360e-15, 5.78123332e-26,
       1.73175372e-15, 4.49693485e-43])), ('Hello', array([3.50751708e-15, 9.99855302e-01, 1.44698016e-04, 7.20036214e-18,
       7.28369137e-15, 3.40525621e-19, 3.72998593e-13, 1.00871391e-11,
       7.09115063e-15, 4.84612237e-18])), ('Z', array([5.46323192e-35, 2.78751186e-21, 4.53385270e-24, 2.95367915e-43,
       3.06799622e-32, 6.39409294e-43, 3.57049010e-27, 1.14330388e-34,
       3.81273551e-27, 1.00000000e+00])), ('Z', array([5.16495330e-38, 8.34899138e-22, 1.00841071e-26, 3.02178682e-31,
       2.91191864e-43, 8.61623034e-25, 4.96304494e-28, 4.80851271e-37,
       8.16419324e-36, 1.00000000e+00])), ('Z', array([1.49669867e-42, 3.42436871e-14, 1.43115986e-23, 5.32519093e-20,
       5.10120541e-37, 3.07969841e-17, 1.03939113e-21, 1.29542957e-19,
       7.10696105e-19, 1.00000000e+00])), ('Why', array([4.01708247e-11, 1.00000000e+00, 1.79378596e-35, 9.22970896e-34,
       6.03887575e-25, 7.29761513e-30, 3.37002354e-18, 1.33873396e-23,
       7.86864476e-27, 7.21666875e-17])), ('Bye', array([2.39680833e-18, 8.57660297e-06, 9.22903627e-01, 6.07914199e-27,
       3.23515574e-08, 1.14248587e-14, 7.70877621e-02, 1.67164561e-09,
       1.91958268e-11, 2.32608140e-33])), ('Why', array([1.74642693e-14, 8.43325749e-06, 4.44016874e-08, 5.56237059e-34,
       2.60794655e-17, 2.70212799e-28, 9.99991522e-01, 8.13398990e-17,
       6.52550020e-16, 6.12343016e-11])), ('Hello', array([8.45509805e-25, 5.27185398e-15, 1.00000000e+00, 3.10494238e-14,
       2.66001744e-18, 3.64218903e-22, 3.75925330e-15, 4.31067438e-22,
       7.03158198e-24, 1.24181605e-16])), ('Okay', array([5.66392141e-12, 1.04114365e-16, 4.80268701e-11, 1.59974722e-31,
       2.49876326e-02, 1.89356628e-11, 9.75012019e-01, 8.11958460e-12,
       3.48666305e-07, 1.81376033e-20])), ('Z', array([7.42596541e-33, 2.05772735e-25, 2.67273480e-26, 5.72109319e-44,
       1.08966475e-38, 2.13789755e-25, 1.24667291e-25, 3.69493993e-37,
       1.09646854e-33, 1.00000000e+00])), ('Bye', array([1.11476835e-11, 6.55798335e-03, 1.95170453e-02, 4.07478993e-04,
       9.79832304e-06, 5.31816249e-14, 2.91397604e-09, 5.06194076e-15,
       9.73507688e-01, 2.86919010e-09])), ('Z', array([5.41448951e-28, 2.76338263e-19, 1.47161125e-20, 4.03735810e-26,
       6.14574937e-27, 3.74422734e-32, 1.09817661e-20, 2.76666393e-30,
       1.41885187e-22, 1.00000000e+00])), ('J', array([9.01748826e-10, 2.14607378e-24, 4.85267127e-04, 9.99514732e-01,
       3.64036275e-21, 4.08669056e-25, 1.34521181e-18, 1.02211671e-36,
       2.65805447e-17, 5.68199900e-12])), ('Z', array([4.02614274e-30, 1.01416872e-29, 1.84525037e-30, 9.23426382e-32,
       2.51990420e-37, 4.42283208e-34, 1.96364287e-35, 1.33094966e-41,
       8.75430978e-28, 1.00000000e+00])), ('Bye', array([1.43110856e-01, 2.15158223e-27, 1.74095482e-07, 8.91183914e-31,
       9.08883368e-13, 8.56886935e-01, 5.35046916e-22, 3.64244438e-12,
       2.03542343e-06, 1.54616397e-46])), ('Z', array([7.83293674e-29, 9.40338347e-26, 2.14014958e-29, 2.00671532e-27,
       3.17660545e-34, 1.50600734e-26, 4.24258197e-34, 7.58081706e-41,
       8.33780989e-34, 1.00000000e+00])), ('Z', array([3.49938694e-29, 9.21432791e-27, 9.20356614e-34, 3.21134854e-37,
       1.75320221e-40, 1.73424097e-32, 2.76595713e-30, 2.28186824e-32,
       5.35270603e-33, 1.00000000e+00])), ('Z', array([1.24356885e-31, 8.54558433e-33, 1.23893399e-40, 1.64565261e-45,
       5.31390275e-34, 1.57024190e-45, 4.15490076e-49, 5.67307981e-50,
       5.04138485e-23, 1.00000000e+00])), ('Bye', array([5.62236889e-17, 4.29942109e-13, 2.63971095e-20, 1.94000855e-35,
       1.00000000e+00, 4.74115799e-19, 9.88814434e-22, 1.24795580e-24,
       5.35124744e-36, 2.18462933e-30])), ('Yes', array([6.09651148e-26, 1.86229688e-15, 1.00000000e+00, 4.67931466e-23,
       7.37518633e-20, 1.75673159e-19, 2.72758891e-12, 9.70912417e-18,
       2.00397911e-12, 4.29469838e-37])), ('Why', array([1.35000557e-21, 9.99999971e-01, 2.91892588e-08, 2.06063596e-30,
       5.24869654e-16, 5.38733227e-20, 1.73466236e-25, 3.79546294e-11,
       2.67893069e-23, 1.14862666e-27])), ('Again', array([9.99986336e-01, 2.73893656e-11, 1.36084411e-05, 7.70178674e-18,
       5.58252723e-08, 2.59862559e-14, 2.06691393e-22, 3.72323118e-14,
       3.25168960e-18, 5.16114982e-29])), ('J', array([1.78298386e-37, 9.57392646e-38, 1.82964736e-21, 1.00000000e+00,
       6.65808853e-39, 3.23614601e-40, 7.62640097e-39, 4.57922924e-45,
       4.60763149e-25, 2.88855022e-37])), ('Okay', array([2.84914168e-16, 3.47577639e-14, 4.10743761e-15, 3.29058450e-43,
       1.29720593e-12, 1.52019968e-19, 9.99999929e-01, 7.10995698e-08,
       5.49597074e-15, 4.16839369e-24])), ('J', array([1.25697307e-49, 2.06174253e-38, 1.67673700e-26, 1.00000000e+00,
       7.99029118e-38, 3.81222084e-37, 3.78144884e-32, 7.47979221e-43,
       4.21959821e-30, 3.31384296e-34])), ('Ready', array([9.16359300e-27, 4.71219560e-26, 1.60490336e-15, 1.47539218e-36,
       9.37690124e-33, 1.75850418e-26, 3.64628639e-35, 3.23806366e-28,
       1.00000000e+00, 2.88253009e-18])), ('Hello', array([6.35486940e-23, 8.47235987e-06, 6.82961146e-03, 1.68568149e-17,
       9.84835763e-20, 3.45349084e-15, 9.93161864e-01, 5.24854479e-08,
       3.12711552e-14, 1.32707911e-13])), ('Bye', array([2.30533885e-21, 4.01681364e-06, 9.99978052e-01, 2.45555499e-22,
       1.78601692e-05, 3.49832756e-12, 9.66824340e-12, 7.10204916e-08,
       6.20438726e-11, 4.95905078e-16])), ('Z', array([1.61531780e-43, 3.82151580e-26, 2.79201326e-28, 4.75208627e-47,
       1.77298505e-35, 1.51153738e-37, 1.09435842e-29, 2.50395350e-43,
       3.53171747e-23, 1.00000000e+00])), ('Bye', array([8.71899984e-15, 1.90891692e-03, 6.59657357e-04, 4.48891967e-28,
       4.77060828e-05, 4.14335386e-16, 1.07528078e-06, 4.03590425e-04,
       9.96979054e-01, 3.11420644e-29])), ('Bye', array([3.76092879e-09, 7.60817979e-04, 2.79833222e-08, 1.39248001e-20,
       4.83173561e-20, 1.30526123e-02, 9.86186538e-01, 2.70559551e-17,
       7.01968533e-23, 2.04003039e-12])), ('J', array([2.43199655e-18, 3.64476055e-21, 2.74545126e-19, 6.30439052e-07,
       1.39594559e-20, 3.50898289e-25, 2.52125030e-23, 5.89715034e-30,
       4.42663073e-08, 9.99999325e-01])), ('J', array([3.99409045e-34, 2.04595572e-44, 1.27281969e-19, 1.00000000e+00,
       5.43483775e-29, 2.52700450e-48, 9.91237374e-42, 1.66901146e-37,
       2.48049946e-24, 5.25612848e-42])), ('Z', array([4.91823357e-40, 4.11302412e-24, 3.25848707e-26, 1.84438381e-38,
       1.82867870e-36, 1.14221260e-41, 1.10030773e-31, 2.64520648e-31,
       4.78934656e-26, 1.00000000e+00])), ('Ready', array([1.37019627e-17, 3.06782341e-02, 1.33415653e-08, 1.85688860e-32,
       2.59696706e-03, 9.47918088e-01, 3.05282831e-04, 1.85006205e-02,
       7.94246634e-07, 5.72352011e-20])), ('J', array([1.34112029e-28, 1.70430955e-47, 1.28041950e-22, 1.00000000e+00,
       5.99646564e-37, 9.60203274e-47, 6.86290313e-49, 1.13281222e-41,
       9.60716133e-27, 1.08143530e-45])), ('Again', array([2.07532453e-07, 8.54060197e-04, 2.97126099e-01, 6.44467470e-19,
       6.85862175e-01, 3.21085954e-12, 1.61421219e-02, 1.52385446e-05,
       9.76230252e-08, 3.13193826e-11])), ('Z', array([1.38467699e-29, 2.68415471e-25, 6.43941579e-31, 2.16738348e-34,
       5.67446655e-28, 1.33155902e-26, 1.12278835e-29, 1.51922066e-27,
       1.33148772e-17, 1.00000000e+00])), ('Hello', array([1.14543013e-14, 9.02061799e-01, 9.74798539e-02, 5.31967911e-14,
       7.20568640e-12, 8.35285825e-05, 2.79935241e-05, 9.83972295e-08,
       3.46725878e-04, 4.82655840e-10])), ('Z', array([1.45151816e-25, 4.06152597e-26, 8.51610578e-37, 4.32201996e-30,
       3.59325024e-28, 2.64702660e-37, 4.58059681e-37, 6.26792498e-30,
       7.03141356e-34, 1.00000000e+00])), ('J', array([2.15581086e-35, 2.16406651e-34, 1.25516974e-18, 1.00000000e+00,
       1.81023378e-30, 3.15381936e-26, 4.68112954e-30, 1.13732829e-41,
       1.22185000e-13, 1.36503343e-31])), ('Z', array([7.37693211e-63, 2.65433742e-30, 5.55549608e-37, 9.20888541e-46,
       1.24484392e-50, 1.19627211e-50, 8.89115137e-33, 2.07768110e-42,
       8.55243598e-42, 1.00000000e+00])), ('Z', array([6.85756759e-33, 1.97222438e-32, 1.79036361e-41, 6.41758016e-28,
       2.04157205e-44, 1.15242743e-34, 2.06433382e-29, 3.39860438e-45,
       7.11468277e-35, 1.00000000e+00])), ('Why', array([2.30715136e-18, 1.01276312e-08, 1.40688538e-12, 1.53526422e-38,
       2.25785505e-23, 6.71027346e-24, 9.99999990e-01, 7.20433119e-18,
       1.58139657e-15, 1.05360844e-32])), ('Hello', array([3.86487480e-22, 3.89536474e-14, 1.00000000e+00, 2.09113974e-20,
       5.79471952e-17, 4.95628162e-16, 1.58819151e-11, 7.86206447e-19,
       7.97604780e-16, 6.29204919e-17])), ('Z', array([2.12831468e-33, 1.17487645e-28, 1.44188339e-32, 3.32189003e-33,
       3.02261723e-40, 5.75241451e-33, 5.29022362e-30, 2.32687061e-44,
       4.88660283e-37, 1.00000000e+00])), ('Hello', array([1.66153722e-12, 7.27136946e-08, 6.69917293e-01, 4.17476061e-08,
       4.42289674e-16, 9.06004395e-15, 3.24661792e-01, 5.42080081e-03,
       1.52932594e-20, 1.06342854e-12])), ('Z', array([7.37625181e-50, 9.15323417e-38, 1.34427912e-38, 5.87086278e-46,
       3.81861794e-36, 6.40596349e-32, 6.92318509e-44, 1.21840867e-29,
       1.20729135e-29, 1.00000000e+00])), ('Z', array([8.40749084e-42, 4.94385882e-22, 3.13327726e-29, 4.68465025e-50,
       8.34404429e-42, 4.82485026e-55, 8.87198324e-35, 1.20429584e-36,
       1.76863814e-28, 1.00000000e+00])), ('J', array([5.53115076e-39, 1.37150451e-46, 7.00418327e-29, 1.00000000e+00,
       1.59616036e-41, 1.53650449e-43, 3.57450644e-40, 1.79632962e-54,
       1.71685423e-30, 4.20710945e-38])), ('Z', array([3.87011073e-33, 3.87060468e-19, 8.75514945e-22, 8.30968496e-41,
       1.09180036e-38, 1.31926595e-33, 2.76307515e-24, 4.33346629e-38,
       1.74069279e-29, 1.00000000e+00])), ('Bye', array([5.58747019e-12, 9.99999999e-01, 5.03248389e-10, 5.59791858e-20,
       6.69682347e-25, 3.74339056e-24, 7.28054227e-18, 1.40771280e-10,
       8.91454198e-18, 7.71777338e-23])), ('Hello', array([4.43056472e-27, 3.91568683e-01, 5.72400450e-01, 4.60436441e-16,
       2.99640332e-05, 1.28866740e-03, 1.98952406e-02, 1.04365357e-09,
       1.48169934e-02, 1.71823098e-15])), ('Bye', array([8.96111968e-25, 1.50595592e-12, 1.00000000e+00, 6.65492574e-20,
       2.81583024e-16, 6.57556505e-16, 3.65067647e-20, 9.10971514e-11,
       6.34542975e-21, 8.30367689e-13])), ('Hello', array([1.56993503e-02, 1.48342737e-03, 9.82787541e-01, 9.29253827e-37,
       1.23507129e-20, 1.54385285e-17, 2.96586572e-05, 2.14179495e-08,
       8.01797901e-10, 2.23611653e-20])), ('Z', array([1.95018445e-18, 5.06296503e-21, 9.99577900e-28, 8.63545814e-24,
       2.27684969e-32, 1.95085603e-18, 5.00611612e-01, 3.77559998e-14,
       3.99674755e-22, 4.99388388e-01])), ('Z', array([3.72542020e-36, 1.06196846e-23, 2.81448048e-28, 9.44507793e-53,
       8.65197396e-33, 4.53107273e-44, 1.42105970e-26, 1.94860270e-35,
       2.12512314e-27, 1.00000000e+00])), ('Hello', array([1.22384906e-06, 2.74361237e-02, 9.46778815e-01, 1.65988721e-28,
       4.38858130e-07, 1.30805512e-03, 2.44582531e-02, 1.01995348e-06,
       1.60701171e-05, 5.43374801e-23])), ('Ready', array([3.53667711e-37, 6.80479953e-43, 2.95694283e-31, 7.14086744e-38,
       6.41459576e-28, 1.00000000e+00, 1.35196378e-30, 2.62908173e-20,
       1.25472367e-25, 7.10641812e-29])), ('Z', array([7.40961369e-23, 4.22093492e-16, 2.09296225e-28, 3.48749076e-26,
       1.16231589e-29, 5.64775625e-28, 2.17401486e-32, 6.33552528e-36,
       6.62343206e-29, 1.00000000e+00])), ('Hello', array([1.15871224e-16, 6.32695034e-16, 9.99943815e-01, 2.60585550e-18,
       4.89282477e-23, 1.32522997e-17, 1.29413710e-14, 4.52159578e-14,
       5.61854277e-05, 9.94548881e-15])), ('Hello', array([1.82563829e-06, 2.00922349e-07, 9.99997940e-01, 4.51607519e-16,
       3.46384863e-10, 8.05164778e-13, 3.29319490e-08, 1.48788606e-14,
       1.53227760e-12, 2.49960027e-10])), ('Wow', array([9.99901303e-01, 1.42591549e-14, 9.86271208e-05, 5.19982535e-36,
       6.21154623e-08, 5.97496412e-15, 1.44580960e-11, 7.82435349e-09,
       8.39590994e-16, 4.18942835e-35])), ('Hello', array([5.38584075e-04, 4.68532888e-03, 6.99573311e-01, 3.92512554e-24,
       1.20968790e-07, 1.45180690e-07, 2.53210525e-01, 4.19919833e-02,
       2.27158351e-09, 4.84446494e-16])), ('Yes', array([1.15779390e-09, 1.67866143e-09, 2.68097125e-06, 9.90570554e-19,
       4.01602658e-03, 1.55381864e-05, 4.53957428e-08, 1.64245062e-08,
       9.95965690e-01, 7.28788182e-16])), ('Bye', array([3.69236842e-11, 8.82149167e-09, 9.99998114e-01, 1.87611271e-06,
       2.24601795e-14, 1.60092104e-14, 9.67610316e-12, 7.50693998e-13,
       1.05863605e-09, 8.51107706e-11])), ('Why', array([1.93330834e-10, 1.82270159e-17, 9.99998786e-01, 1.19515305e-23,
       1.21398206e-06, 1.41263261e-11, 9.01786063e-11, 3.90185724e-14,
       1.32004472e-20, 8.25101996e-35])), ('Hello', array([2.01786861e-35, 1.40068786e-01, 8.59931151e-01, 5.04882051e-12,
       5.64420736e-21, 5.08594272e-18, 1.60991558e-10, 6.36066858e-08,
       1.21780853e-18, 2.56887622e-24])), ('Hello', array([9.31584924e-10, 1.55511344e-02, 9.83631533e-01, 1.68808223e-10,
       8.17242858e-04, 8.72499015e-08, 6.35980542e-11, 1.29197466e-09,
       6.58148423e-12, 1.07950259e-10])), ('J', array([4.53051677e-34, 3.00196438e-37, 2.89621786e-32, 1.00000000e+00,
       3.31674345e-25, 4.58631801e-38, 8.85607177e-43, 1.85281674e-30,
       1.44435693e-24, 3.35239178e-40])), ('Z', array([1.04956308e-32, 2.31208675e-26, 7.96633135e-36, 4.00397475e-53,
       4.65069955e-33, 1.61490847e-48, 1.86249211e-30, 1.02268034e-45,
       1.10281125e-33, 1.00000000e+00])), ('J', array([2.30302125e-33, 2.02772801e-35, 3.53045744e-22, 1.00000000e+00,
       8.24112349e-37, 1.19973911e-38, 7.34149335e-35, 2.60265525e-40,
       1.07122540e-20, 6.99684282e-34])), ('J', array([1.72042334e-22, 1.14796388e-28, 6.35718221e-28, 1.00000000e+00,
       4.02299732e-31, 6.20918669e-47, 3.94997821e-32, 1.92687270e-38,
       1.59872725e-21, 9.79724609e-29])), ('Yes', array([1.02839396e-14, 2.62032935e-11, 7.50773698e-05, 2.26228995e-34,
       1.89774202e-14, 6.17691083e-26, 9.99465225e-01, 4.59328262e-04,
       3.68941465e-07, 1.01612717e-26])), ('Why', array([2.24540733e-11, 9.99617952e-01, 7.92176745e-18, 1.01287208e-23,
       3.68889613e-19, 1.59729253e-36, 3.82047832e-04, 1.36787744e-19,
       2.85190722e-13, 1.81381632e-18])), ('Z', array([4.89201297e-26, 2.35332471e-20, 8.67729678e-31, 5.74270541e-36,
       6.46817354e-35, 2.85416842e-32, 1.79607339e-33, 4.80451488e-33,
       4.19789865e-29, 1.00000000e+00])), ('J', array([2.42036431e-30, 7.94286639e-42, 4.70166696e-13, 1.00000000e+00,
       5.03745441e-32, 2.84425218e-30, 1.76025302e-36, 4.63994810e-37,
       3.91234420e-19, 1.37012552e-37])), ('Wow', array([3.55788600e-12, 5.35677885e-05, 3.52946565e-06, 1.76999020e-30,
       9.53723208e-10, 4.50302609e-11, 9.99941778e-01, 1.10920502e-06,
       1.40515280e-08, 3.95239064e-15])), ('Why', array([9.35270015e-19, 6.93606043e-01, 2.23861890e-18, 9.81105595e-35,
       1.01623086e-06, 6.33022767e-05, 4.50302019e-02, 2.60570607e-01,
       7.28829618e-04, 6.28757682e-32])), ('Again', array([1.28056728e-16, 4.98547276e-32, 8.60072946e-01, 1.03531356e-18,
       1.39927054e-01, 5.06474410e-20, 2.41220413e-22, 1.80626389e-14,
       7.45106306e-21, 2.13536578e-22])), ('Z', array([1.49888027e-31, 8.18224950e-29, 3.05292414e-31, 9.01663491e-48,
       1.64304165e-31, 1.76378422e-45, 2.94801182e-31, 3.54313489e-39,
       2.99426588e-22, 1.00000000e+00])), ('Bye', array([1.48217698e-10, 9.99886221e-01, 5.99505266e-11, 2.86279698e-32,
       7.45493220e-13, 5.15279754e-16, 4.69964968e-16, 5.00660464e-22,
       1.13778978e-04, 7.34147824e-24])), ('Again', array([9.06301916e-08, 1.65334514e-12, 9.98365071e-01, 9.48103864e-33,
       4.46776276e-18, 1.15960871e-18, 1.62954084e-03, 5.29777105e-06,
       3.57008766e-14, 6.72891661e-28])), ('Z', array([1.43877825e-33, 2.70861385e-24, 5.04171281e-31, 2.09118448e-23,
       1.53571512e-37, 1.66896299e-32, 7.62071325e-28, 9.28244240e-40,
       1.88772517e-29, 1.00000000e+00])), ('Wow', array([1.33270898e-17, 4.55013770e-12, 4.48787600e-06, 4.50225860e-11,
       1.55931624e-04, 3.22321704e-04, 2.50604669e-13, 9.99517241e-01,
       1.76106827e-08, 9.10950508e-31])), ('Z', array([4.50425133e-33, 1.00436120e-30, 7.61718806e-32, 3.85535427e-33,
       7.41155688e-35, 3.16714003e-31, 9.55594879e-30, 1.99854678e-34,
       6.05480128e-29, 1.00000000e+00])), ('Z', array([1.24102278e-32, 5.12347986e-24, 1.64447032e-31, 4.89203793e-56,
       4.91192322e-32, 6.24177173e-47, 1.76490108e-32, 1.27108619e-38,
       1.41542107e-35, 1.00000000e+00])), ('Z', array([1.57372532e-50, 2.89892863e-27, 1.75978830e-39, 1.46746007e-37,
       6.22771074e-38, 1.56806619e-35, 3.93888576e-41, 4.12032595e-46,
       8.33968969e-36, 1.00000000e+00])), ('Z', array([2.59144961e-36, 7.80273469e-30, 2.74226773e-41, 4.56555650e-48,
       7.30897659e-43, 5.12054250e-48, 1.00231725e-31, 6.55182053e-45,
       3.23185487e-34, 1.00000000e+00])), ('Hello', array([3.28089732e-16, 5.56495415e-15, 1.00000000e+00, 2.35165042e-19,
       7.21350429e-14, 5.55869782e-21, 4.77704755e-15, 2.97990078e-16,
       5.46894830e-26, 8.18638182e-26])), ('Z', array([7.34037647e-46, 6.39818422e-12, 1.34053954e-39, 2.12735638e-57,
       4.02429722e-49, 1.02192895e-54, 6.21927661e-38, 2.27009519e-47,
       4.53600883e-30, 1.00000000e+00])), ('Okay', array([3.08444764e-21, 2.01048035e-04, 9.87400291e-01, 1.08071347e-38,
       7.72883697e-05, 1.11168723e-10, 9.81579841e-08, 1.23212735e-02,
       1.02793347e-09, 8.90385468e-26])), ('Z', array([3.18334670e-23, 2.84511066e-09, 4.35824991e-21, 6.66805867e-24,
       3.11937986e-27, 3.97092880e-25, 5.36692411e-06, 8.68916896e-21,
       1.03395605e-14, 9.99994630e-01])), ('Bye', array([4.37201620e-03, 1.04573276e-07, 1.34606131e-07, 1.90324715e-18,
       2.01005381e-15, 8.49789922e-17, 2.60611976e-09, 1.69594834e-14,
       9.95627742e-01, 7.99664791e-13])), ('Z', array([1.14355634e-30, 5.60899438e-23, 5.83060382e-22, 4.66216973e-43,
       1.62223304e-31, 1.83061623e-36, 6.87398932e-26, 3.34630094e-33,
       4.79121193e-20, 1.00000000e+00])), ('Yes', array([5.73412162e-17, 1.10808216e-14, 2.92129434e-05, 2.26666349e-09,
       7.86862848e-06, 4.86090708e-09, 2.40757374e-19, 8.21257627e-21,
       9.99962911e-01, 9.76530614e-15])), ('Hello', array([1.58143980e-03, 5.92875416e-02, 9.39118897e-01, 4.90779567e-16,
       8.80234727e-06, 7.00518423e-25, 2.08878331e-15, 2.39769336e-06,
       9.21590556e-07, 2.32800979e-14])), ('J', array([1.07377483e-32, 1.87843803e-41, 1.72492140e-16, 1.00000000e+00,
       2.10016222e-30, 4.37450288e-31, 4.89935888e-32, 3.19515488e-40,
       3.02625954e-21, 2.16919018e-32])), ('Ready', array([1.98389968e-20, 4.64739756e-16, 9.99839157e-01, 1.22724117e-33,
       2.75293792e-23, 1.60842661e-04, 4.89940026e-10, 4.56196636e-26,
       1.27243071e-28, 3.58808340e-16])), ('Okay', array([2.73727618e-13, 2.43083073e-08, 4.97374791e-08, 4.12667698e-13,
       9.99999919e-01, 7.66904255e-20, 4.13304412e-10, 1.68344839e-16,
       6.06682373e-09, 4.23752279e-27])), ('J', array([1.64226651e-28, 6.38611091e-40, 5.28952483e-15, 1.00000000e+00,
       6.87482844e-23, 1.20120733e-28, 1.30821259e-25, 5.95325568e-35,
       9.53577032e-17, 2.87013582e-42])), ('J', array([9.62063095e-27, 4.19508412e-25, 6.98050579e-19, 1.00000000e+00,
       3.35029680e-23, 5.32905365e-26, 3.03428231e-20, 1.21179060e-28,
       2.72465561e-10, 1.27146838e-22])), ('J', array([1.28728156e-15, 5.50255061e-28, 3.68840698e-13, 9.99999992e-01,
       3.30796904e-22, 1.01309166e-23, 1.03219209e-27, 4.08172513e-27,
       7.57188129e-09, 1.00265903e-33])), ('Z', array([9.99985712e-01, 1.18329113e-11, 5.21359065e-08, 1.28618196e-36,
       7.19617335e-19, 7.37968535e-23, 9.79062966e-09, 1.42260921e-05,
       1.89541032e-15, 8.75039305e-19])), ('Yes', array([2.44806384e-09, 6.55807198e-08, 2.59917472e-10, 9.05078965e-20,
       1.65267000e-12, 5.85868615e-17, 9.36820560e-07, 2.21176386e-15,
       7.85515417e-01, 2.14483578e-01])), ('Bye', array([1.17153511e-04, 2.54702506e-07, 9.99882591e-01, 7.09663072e-24,
       1.45648631e-27, 3.64307884e-10, 2.63490165e-20, 3.61770239e-25,
       8.04732224e-31, 3.98858103e-25])), ('J', array([1.42213019e-32, 1.71978502e-39, 9.52857889e-24, 1.00000000e+00,
       8.13219812e-31, 3.75534713e-46, 4.27056936e-41, 3.97909274e-42,
       6.79425186e-21, 2.40851749e-32])), ('Okay', array([4.06704524e-17, 4.63527209e-06, 1.70847504e-05, 5.10202448e-26,
       1.97317737e-11, 6.90241207e-09, 9.81369212e-01, 1.85334432e-02,
       3.56626585e-11, 7.56174839e-05])), ('J', array([1.31407206e-20, 1.11317491e-16, 1.50296168e-06, 9.99994689e-01,
       2.97836103e-20, 1.68976768e-22, 2.61289389e-40, 2.16437373e-37,
       2.56974464e-20, 3.80787107e-06])), ('Hello', array([2.34574754e-01, 1.58594328e-16, 8.78004558e-09, 1.21398085e-17,
       7.59531231e-01, 2.69969132e-13, 1.39323051e-11, 5.89347446e-03,
       5.31033275e-07, 4.47109850e-28])), ('J', array([7.00037963e-30, 1.10109305e-43, 2.23300435e-21, 1.00000000e+00,
       2.01558516e-30, 7.01514291e-44, 6.51468859e-47, 1.77940939e-38,
       4.31888962e-29, 2.96809845e-39])), ('Z', array([6.27299004e-25, 1.24777822e-23, 2.78715822e-20, 6.45796044e-24,
       6.28861127e-18, 4.11320423e-21, 4.04872903e-27, 4.47666155e-30,
       1.15836539e-22, 1.00000000e+00])), ('Z', array([5.89934038e-35, 2.10171319e-35, 7.52377973e-38, 1.19883995e-28,
       2.35980898e-33, 3.55572075e-37, 9.43130202e-40, 8.94080911e-41,
       8.14543318e-33, 1.00000000e+00])), ('Z', array([1.32873187e-20, 3.52244256e-07, 7.87103165e-20, 1.95899203e-31,
       7.59201448e-15, 7.94813245e-14, 3.32973420e-15, 1.22018125e-21,
       2.57532174e-18, 9.99999648e-01])), ('Ready', array([4.64084314e-11, 8.98445457e-13, 9.99999199e-01, 7.91044754e-07,
       9.40977392e-09, 8.75558110e-13, 2.98939821e-12, 8.74537712e-18,
       1.12832463e-10, 6.90784136e-11])), ('Hello', array([6.39274876e-18, 6.60591133e-13, 1.00000000e+00, 1.48757949e-18,
       7.86984972e-15, 2.19703193e-27, 9.69875274e-14, 3.71159846e-19,
       1.38041657e-22, 2.16953942e-19])), ('Hello', array([1.07411354e-16, 3.74784459e-06, 9.99996252e-01, 3.40601345e-16,
       1.43098821e-16, 1.00742463e-11, 1.00724531e-10, 5.66003452e-14,
       3.48564619e-16, 1.87630848e-18])), ('J', array([1.48878617e-39, 1.68777448e-31, 2.19489754e-29, 1.00000000e+00,
       1.33924270e-38, 8.48514613e-36, 8.07630970e-25, 4.16188897e-24,
       1.26876647e-24, 1.97517920e-19])), ('Hello', array([9.99979477e-01, 1.51566247e-13, 2.04889630e-05, 1.97300879e-17,
       1.78741030e-10, 3.17434398e-08, 2.74842883e-12, 6.27845535e-11,
       2.06071538e-09, 2.41990502e-25])), ('Again', array([3.84531383e-07, 2.20050669e-05, 1.13797223e-15, 3.32529978e-08,
       7.58606694e-02, 3.35979441e-04, 2.87566083e-04, 1.00228594e-02,
       9.13470503e-01, 6.82275301e-27])), ('Bye', array([1.41075141e-26, 3.97607729e-26, 6.70598411e-16, 5.58428666e-23,
       1.00000000e+00, 1.62859686e-30, 1.77018379e-26, 4.53794119e-15,
       3.81731116e-16, 1.51679664e-27])), ('Bye', array([3.11554051e-18, 7.87619601e-22, 9.99999999e-01, 4.42163863e-48,
       5.91133986e-10, 1.34309936e-11, 1.45746085e-21, 1.73542532e-24,
       4.81276980e-19, 1.80650099e-34])), ('Z', array([9.72308856e-34, 1.26990539e-28, 2.78642336e-27, 1.80061956e-40,
       2.73471227e-29, 3.06527137e-33, 2.62242904e-28, 1.96418693e-31,
       1.99510922e-27, 1.00000000e+00])), ('Ready', array([3.14855517e-34, 9.37248670e-16, 1.00000000e+00, 1.08734254e-35,
       1.95198651e-21, 1.04786591e-10, 1.78956814e-21, 2.75405822e-10,
       2.41261180e-25, 5.09235393e-32])), ('Hello', array([1.63657971e-21, 3.85364096e-15, 2.18904609e-10, 9.33933725e-22,
       4.41647461e-19, 1.07693745e-16, 2.94423096e-08, 1.84876006e-22,
       9.99999970e-01, 1.11665940e-22])), ('Okay', array([9.97084363e-01, 1.76913847e-08, 2.91534165e-03, 5.16099822e-22,
       1.28601275e-07, 4.79024597e-08, 1.01159576e-07, 3.85949967e-16,
       1.31138563e-14, 1.22283716e-20])), ('J', array([6.83858244e-40, 1.62146967e-36, 9.97706442e-25, 1.00000000e+00,
       6.19208427e-35, 1.22480319e-42, 5.85373737e-27, 2.69429923e-26,
       3.97286724e-24, 6.45505598e-28])), ('J', array([2.87095893e-19, 6.39827028e-46, 1.73107466e-21, 1.00000000e+00,
       5.78795467e-21, 2.80886492e-26, 3.21151219e-36, 1.03532170e-35,
       3.19309191e-22, 2.41097113e-41])), ('Bye', array([1.36196252e-09, 2.46516728e-06, 3.17083098e-08, 8.80949085e-14,
       3.13820209e-17, 1.65156569e-14, 1.90331913e-13, 7.78199918e-13,
       9.99988523e-01, 8.97883591e-06])), ('Wow', array([1.22749597e-31, 8.62782471e-39, 9.99999999e-01, 1.03691793e-09,
       3.78191543e-16, 2.60980109e-19, 1.18678475e-21, 3.62216389e-33,
       3.37234466e-16, 1.71703801e-20])), ('Bye', array([1.16998517e-19, 1.31952303e-09, 9.99999137e-01, 6.15150228e-21,
       3.70122624e-17, 6.74691173e-07, 2.86138296e-10, 7.52041931e-16,
       1.18735086e-07, 6.77979788e-08])), ('Again', array([3.89258427e-01, 2.22821569e-11, 6.10741573e-01, 6.27203940e-11,
       1.00548319e-20, 4.04094326e-13, 3.09235905e-17, 1.43035019e-21,
       2.22420171e-20, 4.19495802e-23])), ('J', array([2.39822267e-19, 8.49828067e-33, 1.62362356e-16, 1.00000000e+00,
       2.43748770e-23, 9.97597864e-35, 1.17768683e-30, 1.18019274e-34,
       1.72894192e-16, 1.36048660e-32])), ('Z', array([2.08507240e-25, 3.38004679e-33, 9.33255442e-28, 3.32072419e-19,
       5.73304208e-29, 5.33053744e-30, 4.85275971e-36, 2.34753990e-45,
       8.00408355e-29, 1.00000000e+00])), ('Z', array([1.50046152e-21, 3.07677259e-28, 2.21132092e-24, 1.34384017e-34,
       2.30322551e-32, 1.65669603e-29, 2.33326672e-20, 6.31698914e-27,
       2.01462282e-29, 1.00000000e+00])), ('Bye', array([9.99351907e-01, 1.74574807e-10, 3.31521215e-05, 2.12460506e-21,
       9.62616842e-06, 6.05256973e-04, 5.74753445e-08, 4.26720269e-13,
       3.91874240e-14, 3.47038445e-45])), ('J', array([7.02079868e-20, 2.49472945e-24, 5.85272969e-12, 1.00000000e+00,
       4.93762074e-21, 3.63301619e-33, 3.15300504e-30, 5.24037285e-27,
       3.98606144e-21, 4.39705938e-15])), ('J', array([7.96701830e-26, 5.61454868e-36, 1.39772355e-19, 1.00000000e+00,
       4.86722432e-29, 2.57607567e-30, 6.32307554e-39, 5.41735901e-44,
       8.92708427e-18, 9.49228318e-37])), ('J', array([1.89591138e-43, 9.92106215e-50, 1.27099644e-28, 1.00000000e+00,
       4.37068918e-23, 2.51783856e-45, 1.25656307e-27, 4.55849330e-32,
       8.72911397e-31, 3.05991010e-44])), ('J', array([9.70548291e-32, 3.90599675e-39, 2.00349196e-14, 1.00000000e+00,
       6.55784657e-29, 3.26378276e-24, 1.16479124e-36, 7.10550490e-42,
       1.38030436e-22, 6.42937871e-40])), ('Wow', array([9.99999682e-01, 4.71684737e-24, 3.03192426e-07, 8.40532145e-23,
       2.22610172e-19, 5.86882451e-22, 1.17345906e-08, 3.46202562e-09,
       3.62408189e-21, 4.20672387e-22])), ('Wow', array([2.50122554e-15, 1.99368078e-23, 2.01658824e-24, 1.28844975e-46,
       7.53058478e-30, 4.84675497e-18, 1.00000000e+00, 1.04605116e-19,
       1.12478772e-34, 3.56369829e-31])), ('Why', array([7.64864562e-05, 2.98961341e-05, 9.99893616e-01, 2.28774149e-23,
       7.10080843e-11, 1.33737109e-15, 3.44761843e-11, 7.97668458e-11,
       1.67140825e-09, 8.44317276e-13])), ('Again', array([1.99617429e-15, 4.06412385e-17, 5.09097160e-01, 7.62626731e-21,
       1.39505203e-09, 4.90902516e-01, 2.19243136e-12, 1.16082844e-09,
       3.21662646e-07, 1.52671894e-37])), ('Z', array([1.12747131e-29, 1.81006953e-13, 1.07683303e-15, 2.78000322e-32,
       1.29598727e-27, 2.76820660e-26, 3.89342052e-12, 3.49748091e-24,
       1.77292449e-18, 1.00000000e+00])), ('Hello', array([1.18537785e-16, 1.08355290e-07, 3.76870228e-05, 1.23649903e-05,
       4.41195292e-07, 2.95167284e-09, 5.20955864e-18, 1.88432339e-15,
       9.99543450e-01, 4.05945832e-04])), ('Z', array([1.25076229e-31, 6.10229461e-28, 5.99995024e-38, 1.54152007e-51,
       6.80853942e-39, 2.05127300e-47, 6.34775758e-27, 1.79156018e-39,
       6.68510251e-27, 1.00000000e+00])), ('Hello', array([1.31223471e-35, 2.32248680e-17, 1.00000000e+00, 1.43036052e-16,
       9.76371368e-21, 1.89096549e-16, 1.54517780e-22, 1.69000988e-16,
       8.27280699e-29, 1.44427542e-26])), ('J', array([5.83910412e-33, 2.00008115e-37, 3.33563807e-16, 1.00000000e+00,
       2.98177772e-33, 1.20160558e-33, 3.32529319e-39, 3.89178225e-33,
       1.08024170e-12, 1.09050562e-35])), ('Z', array([2.39870266e-31, 8.77993173e-15, 1.35964410e-19, 1.66136856e-26,
       3.07119702e-32, 3.26436643e-17, 1.21558563e-17, 4.84355328e-24,
       1.32417105e-18, 1.00000000e+00])), ('Z', array([3.68052152e-35, 2.11885860e-16, 1.18491851e-27, 1.29072030e-37,
       9.15256118e-37, 1.29393004e-18, 1.29990516e-19, 1.04285121e-33,
       1.01630311e-15, 1.00000000e+00])), ('Why', array([3.98212876e-18, 1.00000000e+00, 1.64785910e-19, 3.97184376e-26,
       2.11151726e-26, 7.56793041e-31, 7.43240400e-12, 1.09974316e-21,
       5.07962259e-11, 1.42756024e-14])), ('Hello', array([1.02161208e-14, 3.22046506e-12, 7.68663232e-01, 3.07139491e-11,
       2.64803297e-11, 8.12294926e-12, 2.22828863e-16, 1.17951951e-16,
       2.31336768e-01, 1.04527244e-22])), ('Okay', array([2.24316645e-25, 6.36517487e-19, 9.95682931e-01, 5.35018209e-25,
       3.16785647e-21, 9.26361004e-20, 4.31706917e-03, 1.15078322e-13,
       3.54958685e-21, 7.88715644e-27])), ('Wow', array([1.58828081e-17, 7.65668808e-21, 9.99976808e-01, 1.74694486e-27,
       3.76800098e-14, 4.45114832e-13, 2.14552553e-25, 2.02679566e-05,
       2.92371342e-06, 5.03348990e-40])), ('J', array([8.66256020e-17, 1.92204437e-39, 1.60119596e-17, 1.00000000e+00,
       2.66689826e-21, 4.63189769e-29, 8.05885433e-34, 6.42035403e-40,
       3.60333044e-21, 2.73997909e-35])), ('Why', array([1.82299476e-04, 1.12474483e-08, 9.98668980e-01, 8.83487517e-16,
       4.63810179e-10, 8.33753219e-10, 7.58266001e-05, 1.32395710e-06,
       2.17314223e-16, 1.07155718e-03])), ('Hello', array([1.58445289e-12, 9.78408348e-01, 1.98888272e-09, 2.44265336e-26,
       4.07777867e-15, 5.73989045e-08, 7.67050449e-11, 2.07669393e-02,
       8.24653428e-04, 3.57670147e-22])), ('Bye', array([4.89981345e-06, 1.66693626e-03, 9.98326284e-01, 3.04830697e-18,
       7.49926093e-18, 1.02736759e-08, 9.31190095e-08, 1.77670470e-06,
       2.83582965e-12, 8.73843898e-19])), ('Hello', array([1.66177443e-05, 1.69038113e-04, 9.73753678e-01, 1.77122321e-37,
       2.59506265e-02, 2.55995688e-13, 1.10032278e-04, 7.27594497e-09,
       7.85684771e-14, 1.55243467e-21])), ('J', array([2.03140716e-24, 1.44019525e-42, 9.31072569e-11, 1.00000000e+00,
       6.42947823e-28, 2.42566336e-28, 1.10741466e-34, 3.31238562e-41,
       9.39518705e-21, 2.22782613e-36])), ('Hello', array([3.55846720e-18, 3.77685197e-19, 9.99999719e-01, 1.19251227e-22,
       3.35077028e-13, 4.25398481e-08, 5.53567736e-17, 1.69205623e-35,
       2.38515062e-07, 4.44290641e-19])), ('Z', array([3.94724348e-27, 5.06160944e-24, 9.77089920e-36, 8.69117985e-47,
       9.11016332e-40, 4.79695561e-46, 4.35452472e-36, 1.73690093e-40,
       1.04609934e-35, 1.00000000e+00])), ('Z', array([2.01619048e-27, 3.36692559e-18, 2.36763157e-11, 6.59593901e-29,
       7.97670769e-25, 1.13139110e-19, 1.00753674e-13, 1.29860145e-26,
       8.78727574e-29, 1.00000000e+00])), ('J', array([2.09596626e-37, 2.11763002e-49, 6.35486321e-21, 1.00000000e+00,
       6.67207264e-27, 4.01362445e-31, 6.04905875e-42, 4.18874650e-52,
       2.17502113e-30, 6.68465371e-46])), ('Hello', array([3.68072216e-13, 9.96234430e-01, 3.75674681e-03, 4.82180729e-19,
       1.48422104e-10, 2.69712890e-17, 8.82337433e-06, 1.11174228e-27,
       2.11398861e-13, 7.30553249e-19])), ('Z', array([3.78043567e-38, 8.82345550e-21, 2.07728414e-29, 1.56626587e-44,
       2.92567658e-39, 1.65115392e-23, 9.65814440e-25, 4.93716312e-33,
       1.05889590e-34, 1.00000000e+00])), ('Z', array([8.25888431e-31, 1.53392075e-16, 4.09784033e-30, 1.10080940e-45,
       9.12107014e-33, 2.18587547e-41, 3.43445549e-29, 1.70281126e-41,
       3.36493229e-27, 1.00000000e+00])), ('J', array([1.19450693e-25, 4.62478498e-17, 3.07742420e-27, 1.00000000e+00,
       2.18512306e-26, 2.31235480e-37, 7.93030827e-37, 6.20024393e-46,
       9.40167238e-14, 1.07004937e-26])), ('Again', array([1.19847972e-14, 2.90898289e-03, 2.90091909e-06, 8.19553056e-01,
       1.28946271e-01, 5.47883149e-11, 5.67337960e-10, 7.15902201e-29,
       4.85887889e-02, 1.97246880e-15])), ('Yes', array([4.75464335e-20, 8.48051937e-10, 2.14343285e-21, 2.76902871e-30,
       9.48769081e-16, 2.59529423e-36, 1.19066289e-22, 6.01134421e-41,
       9.99999999e-01, 3.59397354e-25])), ('J', array([2.79052126e-20, 2.17250950e-35, 9.88747998e-18, 1.00000000e+00,
       4.16959444e-30, 7.34207900e-31, 3.39610778e-27, 1.05541856e-36,
       1.61607033e-20, 4.08217574e-37])), ('J', array([3.64170406e-28, 2.56537007e-44, 2.32706617e-24, 1.00000000e+00,
       6.44974939e-25, 1.13459222e-39, 2.34216140e-33, 6.34900921e-40,
       2.05497981e-28, 2.87880835e-38])), ('Okay', array([1.23454126e-05, 4.25996958e-22, 1.47228739e-12, 4.58086473e-11,
       7.65879095e-15, 3.89370654e-22, 9.99987197e-01, 5.22311829e-16,
       4.57332945e-07, 1.26224360e-19])), ('Yes', array([2.40470865e-15, 5.04651228e-02, 3.11355673e-09, 6.10008715e-23,
       3.52669348e-02, 4.37453114e-14, 3.39479816e-05, 3.57529177e-09,
       2.59647498e-01, 6.54586490e-01])), ('Hello', array([1.34296861e-08, 9.98537607e-15, 1.69761735e-21, 5.61444521e-44,
       9.99985391e-01, 2.33066506e-16, 6.22167586e-14, 1.45948851e-05,
       2.05806367e-10, 2.16693392e-28])), ('Hello', array([1.56864949e-02, 4.99363476e-14, 4.28824282e-01, 9.77859098e-23,
       5.55489223e-01, 1.52269865e-14, 2.01969797e-14, 4.98469070e-18,
       1.54749506e-18, 3.98901008e-12])), ('J', array([2.00042687e-41, 3.59712675e-36, 4.19332897e-30, 1.00000000e+00,
       7.34268445e-42, 6.36463767e-43, 5.20059030e-31, 6.88585462e-40,
       4.44412288e-34, 4.34015828e-23])), ('Okay', array([3.60151831e-15, 2.30486318e-13, 2.89203900e-03, 5.54405074e-25,
       2.60499924e-13, 1.94490311e-14, 5.58324318e-13, 9.97107961e-01,
       4.50962733e-10, 5.79008804e-38])), ('J', array([1.03789877e-38, 5.29268014e-29, 1.31321848e-26, 1.00000000e+00,
       1.32977505e-28, 5.32760462e-29, 2.06080742e-34, 3.06020236e-38,
       4.85735948e-17, 1.12288863e-17])), ('J', array([3.37285444e-52, 4.71192078e-42, 5.74759376e-30, 1.00000000e+00,
       7.91507928e-36, 5.46746701e-43, 4.01959061e-40, 8.22682451e-44,
       1.38008959e-33, 5.57318775e-44])), ('Okay', array([1.50381778e-11, 2.20117186e-03, 9.97341782e-01, 1.17598010e-10,
       1.94350122e-15, 3.56160494e-22, 4.23321705e-05, 9.66387761e-05,
       3.18074748e-04, 1.06618418e-13])), ('Z', array([3.89084134e-31, 1.11990062e-31, 1.40465246e-32, 1.27985628e-46,
       3.41742867e-31, 9.10848123e-43, 4.02074506e-32, 6.82253836e-41,
       2.22742271e-31, 1.00000000e+00])), ('J', array([6.72235257e-31, 6.94696745e-45, 4.32548897e-23, 1.00000000e+00,
       2.05147899e-28, 8.03639896e-40, 6.23463581e-44, 7.55402957e-46,
       4.56981269e-37, 4.93179403e-46])), ('Wow', array([2.59568094e-08, 9.99993477e-01, 2.78155593e-10, 1.90425882e-36,
       2.37277504e-14, 1.84252701e-13, 2.26031876e-06, 4.22346394e-06,
       1.26135484e-08, 3.14638418e-27])), ('Hello', array([3.44257878e-18, 9.99999930e-01, 7.02774577e-08, 1.82571974e-19,
       1.09651978e-13, 1.63411808e-19, 1.49192505e-11, 6.66942037e-21,
       1.89073775e-23, 1.11307343e-21])), ('Hello', array([3.25680543e-20, 2.00719222e-03, 2.12828569e-18, 1.03018162e-38,
       1.91839063e-07, 1.79987344e-15, 3.28177675e-04, 9.97664438e-01,
       1.62152928e-22, 5.96906467e-28])), ('Z', array([5.89287871e-45, 6.51139782e-28, 1.44039992e-34, 8.25101265e-56,
       6.12748258e-46, 2.76409624e-50, 2.11798518e-37, 8.41065524e-42,
       1.02083761e-26, 1.00000000e+00])), ('Z', array([1.48583406e-26, 3.44973367e-28, 1.04118473e-29, 1.14801448e-33,
       3.84402256e-35, 1.01663181e-34, 5.13844003e-35, 6.03665820e-43,
       4.11941902e-31, 1.00000000e+00])), ('Z', array([4.85034572e-31, 7.52355913e-25, 1.85407115e-28, 1.40680207e-32,
       1.73777068e-38, 2.92760164e-34, 8.85567214e-26, 7.29305291e-41,
       7.34338698e-29, 1.00000000e+00])), ('J', array([3.00518682e-47, 4.04294447e-43, 6.36139219e-32, 1.00000000e+00,
       1.36395124e-38, 1.60840270e-46, 1.93298818e-35, 5.44569711e-40,
       6.00840280e-25, 9.48263362e-48])), ('Wow', array([3.59810584e-07, 9.99686981e-01, 9.09180104e-08, 1.91359772e-18,
       3.12568570e-04, 1.83547051e-23, 1.47511021e-30, 8.70196128e-15,
       1.45496758e-14, 1.32038094e-23])), ('Z', array([1.27323740e-23, 1.01134698e-17, 2.00661489e-19, 1.05630199e-30,
       4.61287470e-25, 4.23516870e-22, 5.66120985e-18, 3.13487588e-23,
       2.94520133e-21, 1.00000000e+00])), ('Bye', array([6.82187340e-22, 5.97755134e-10, 2.37716268e-19, 7.35143713e-25,
       1.41838070e-24, 7.00224007e-34, 9.99999666e-01, 1.68413773e-18,
       1.75634654e-10, 3.32874309e-07])), ('J', array([1.08761301e-24, 1.35611510e-32, 1.22438227e-18, 1.00000000e+00,
       4.53093760e-28, 2.08177357e-38, 3.94801640e-39, 1.19472542e-40,
       1.84014867e-17, 2.10128790e-35])), ('Z', array([2.14397084e-24, 1.17391315e-11, 1.14771183e-23, 7.52327291e-37,
       1.04009536e-27, 8.20676026e-19, 1.67945025e-17, 1.19825053e-26,
       1.74650801e-14, 1.00000000e+00])), ('Z', array([7.37856122e-31, 8.03764019e-23, 8.81705915e-25, 4.82443263e-43,
       6.29598405e-24, 1.37593299e-38, 5.75748552e-26, 5.29055350e-35,
       1.39648755e-28, 1.00000000e+00])), ('J', array([2.97215072e-17, 1.28586542e-17, 9.99943768e-01, 2.16772707e-15,
       3.06672824e-18, 5.57815658e-05, 2.83230739e-26, 1.67106460e-21,
       4.50497216e-07, 1.03942127e-23])), ('Z', array([3.60396740e-19, 3.98594298e-15, 1.56898392e-16, 1.14534097e-32,
       7.57314722e-22, 5.57202355e-10, 4.46097521e-14, 1.61108874e-15,
       3.02701678e-21, 9.99999999e-01])), ('Ready', array([5.28857577e-19, 2.39197484e-10, 3.22814138e-05, 3.19180407e-32,
       6.84550830e-15, 1.40642640e-10, 9.99967718e-01, 2.72349413e-13,
       2.31394978e-13, 8.57168195e-14])), ('Hello', array([1.47077632e-09, 2.04950483e-04, 9.95870628e-01, 1.41171140e-20,
       3.92442051e-03, 6.97902688e-14, 1.67836282e-12, 1.15927819e-13,
       8.79865386e-19, 5.57737162e-16])), ('Z', array([8.10944166e-25, 2.66769454e-27, 1.21088964e-29, 3.08130418e-42,
       7.25082193e-28, 6.20774252e-38, 1.07229249e-24, 2.81636004e-28,
       4.55812265e-36, 1.00000000e+00])), ('Hello', array([8.73046673e-02, 3.51249417e-02, 8.77536767e-01, 1.76339251e-17,
       1.87016544e-05, 4.85664772e-25, 1.30184574e-15, 1.43248174e-05,
       5.97488744e-07, 5.19809773e-14])), ('Hello', array([7.36654230e-06, 2.11549552e-03, 1.82775934e-02, 9.15425228e-12,
       1.52916954e-06, 9.79564905e-01, 9.93695540e-11, 1.55466602e-08,
       3.30944578e-05, 6.74824902e-15])), ('Wow', array([6.80514227e-08, 9.96715714e-01, 5.20409794e-04, 5.28412125e-21,
       1.98627368e-05, 5.07277904e-09, 2.56397493e-03, 1.78858233e-04,
       1.10741563e-06, 1.45445182e-18])), ('Hello', array([6.44374826e-28, 4.36871714e-15, 9.99999999e-01, 3.75399903e-21,
       1.70766142e-21, 6.08671592e-10, 9.44458770e-21, 4.03626400e-29,
       7.94072669e-29, 3.87539547e-21])), ('Z', array([1.22110918e-21, 1.31673645e-15, 6.07119668e-22, 7.71138068e-31,
       1.38521715e-23, 3.24359495e-21, 5.33029503e-24, 6.15408801e-23,
       7.46208923e-21, 1.00000000e+00])), ('J', array([3.73431000e-29, 1.51194826e-31, 1.65113043e-18, 1.00000000e+00,
       2.74213718e-31, 2.82128086e-32, 2.68378397e-35, 9.91873853e-35,
       5.91673575e-12, 8.11984095e-36])), ('Why', array([2.17357350e-03, 6.65041846e-01, 2.96000807e-01, 3.41219557e-14,
       7.99175603e-08, 4.80987747e-20, 3.67524829e-02, 7.11491275e-09,
       3.11437648e-05, 5.98279759e-08])), ('Hello', array([1.68152227e-15, 2.18230475e-04, 5.12012900e-06, 4.44377451e-25,
       2.34051080e-10, 9.79163363e-01, 1.00060422e-04, 1.64759476e-12,
       2.05132254e-02, 6.43034075e-15])), ('J', array([1.94223532e-40, 2.13054533e-50, 1.38487652e-18, 1.00000000e+00,
       1.46810708e-38, 1.89776636e-34, 4.95456985e-50, 2.53137845e-49,
       1.89468912e-22, 2.41732235e-35])), ('Yes', array([1.63468811e-04, 1.05371524e-08, 4.88012334e-04, 2.55141299e-24,
       2.71396208e-04, 2.20034609e-19, 1.45623022e-12, 5.25899517e-05,
       9.99024522e-01, 1.69341160e-26])), ('Z', array([9.57479072e-18, 1.33127302e-23, 3.61596005e-18, 1.62059438e-18,
       1.23889394e-18, 1.14045539e-10, 1.21444048e-16, 2.99030623e-14,
       4.20721985e-19, 1.00000000e+00])), ('Z', array([1.36505155e-22, 2.14387086e-08, 4.58262662e-23, 2.31784091e-35,
       2.46568436e-34, 2.24492609e-27, 3.10967139e-07, 6.48326335e-25,
       5.59725219e-27, 9.99999668e-01])), ('Yes', array([1.92312576e-38, 4.61088561e-43, 1.00000000e+00, 2.51278087e-43,
       2.78975708e-15, 9.41150178e-36, 5.12795002e-34, 4.40766064e-35,
       7.83186952e-34, 1.52025540e-36])), ('Hello', array([4.21377159e-08, 3.32780938e-31, 5.96258548e-13, 1.02184425e-22,
       1.65128291e-12, 9.99999958e-01, 1.95843035e-20, 2.86532284e-12,
       6.97014657e-11, 4.18818575e-22])), ('J', array([4.99034581e-33, 1.05208875e-31, 8.18639507e-22, 1.00000000e+00,
       1.08029985e-29, 1.08012319e-32, 4.69834871e-36, 2.44180745e-50,
       1.48039992e-26, 8.65491120e-39])), ('Z', array([1.19178972e-23, 3.09464128e-27, 4.20002296e-28, 6.76302567e-28,
       1.32981428e-31, 2.89035912e-25, 5.89805712e-26, 1.46411591e-37,
       1.39248661e-31, 1.00000000e+00])), ('Z', array([1.92916493e-30, 5.55378215e-36, 1.97053947e-35, 4.20363923e-51,
       9.14280672e-34, 9.09948147e-42, 7.25851553e-39, 2.52784104e-32,
       1.92281006e-33, 1.00000000e+00])), ('Z', array([5.88840443e-33, 9.58236456e-28, 1.74684086e-35, 5.94834534e-42,
       6.97472200e-46, 1.45429883e-33, 1.15666462e-17, 1.86232975e-33,
       2.31766723e-27, 1.00000000e+00])), ('Yes', array([1.17878784e-20, 2.24196636e-17, 5.55817552e-05, 1.01837663e-12,
       1.68792428e-12, 9.99943111e-01, 1.72910380e-07, 3.19376461e-11,
       1.13386280e-06, 2.15542365e-22])), ('Hello', array([2.51148764e-03, 2.21377565e-01, 7.72381138e-01, 3.32588836e-22,
       2.89718338e-11, 2.11256510e-03, 1.10977049e-03, 5.07474091e-04,
       3.75834295e-10, 2.86476528e-16])), ('Bye', array([1.50699613e-16, 5.83868966e-10, 3.29582336e-09, 1.12251430e-14,
       2.81371618e-10, 1.03862152e-13, 9.99990581e-01, 9.25892955e-06,
       1.00498821e-12, 1.55512323e-07])), ('Hello', array([6.82945883e-27, 4.43009193e-11, 1.00000000e+00, 2.51219125e-11,
       9.81098807e-15, 9.89685368e-15, 9.59214530e-18, 5.21827537e-18,
       4.54064615e-23, 6.22133258e-19])), ('Z', array([3.11679664e-30, 6.44946091e-24, 1.66470894e-29, 8.11058439e-39,
       7.58024094e-37, 3.06723466e-39, 1.23667707e-26, 3.89804745e-33,
       1.94331860e-27, 1.00000000e+00]))]
