INFO:root:About to process dynamic_signs/youtube_final_j_z_nice.csv outputting to trained_models/07-05-2024/dynamic-EK.RF-07-05-2024(12-03-32).joblib
INFO:root:training set: Counter({'Z': 310, 'Hello': 250, 'J': 200, 'Bye': 88, 'Ready': 54, 'Yes': 52, 'Why': 52, 'Okay': 39, 'Wow': 38, 'Again': 35})
INFO:root:test set: Counter({'Z': 81, 'Hello': 56, 'J': 49, 'Bye': 26, 'Why': 17, 'Wow': 13, 'Yes': 11, 'Okay': 11, 'Again': 9, 'Ready': 7})
INFO:root:Returning model with best hyper parameters
INFO:root:- Search resulted in -
INFO:root:Best Estimator: RandomForestClassifier(max_depth=520, n_estimators=4500)
INFO:root:Best Index: 7
INFO:root:Best Params: {'n_estimators': 4500, 'max_features': 'sqrt', 'max_depth': 520}
INFO:root:Best Score: 0.732575272261371
INFO:root:Cross val score:
[0.73190349 0.71313673 0.7311828 ]
INFO:root:Classification Report for training set:
              precision    recall  f1-score   support

       Again       0.38      0.14      0.21        35
         Bye       0.41      0.23      0.29        88
       Hello       0.54      0.88      0.67       250
           J       0.98      0.98      0.98       200
        Okay       0.47      0.23      0.31        39
       Ready       0.69      0.61      0.65        54
         Why       0.36      0.15      0.22        52
         Wow       0.00      0.00      0.00        38
         Yes       0.57      0.40      0.47        52
           Z       0.97      1.00      0.98       310

    accuracy                           0.74      1118
   macro avg       0.54      0.46      0.48      1118
weighted avg       0.70      0.74      0.70      1118

INFO:root:Classification Report for test set:
              precision    recall  f1-score   support

       Again     0.3750    0.3333    0.3529         9
         Bye     0.5000    0.1923    0.2778        26
       Hello     0.4839    0.8036    0.6040        56
           J     0.9796    0.9796    0.9796        49
        Okay     0.6667    0.1818    0.2857        11
       Ready     0.5556    0.7143    0.6250         7
         Why     0.5833    0.4118    0.4828        17
         Wow     1.0000    0.0000    0.0000        13
         Yes     0.4615    0.5455    0.5000        11
           Z     0.9639    0.9877    0.9756        81

    accuracy                         0.7179       280
   macro avg     0.6569    0.5150    0.5083       280
weighted avg     0.7456    0.7179    0.6874       280

INFO:root:Probabilities:
[('Z', array([0.00000000e+00, 0.00000000e+00, 4.44444444e-04, 2.22222222e-04,
       6.66666667e-04, 6.66666667e-04, 0.00000000e+00, 0.00000000e+00,
       2.00000000e-03, 9.96000000e-01])), ('Hello', array([0.04777778, 0.07711111, 0.54288889, 0.02755556, 0.058     ,
       0.05022222, 0.06555556, 0.06      , 0.04      , 0.03088889])), ('Why', array([0.41888889, 0.04377778, 0.26733333, 0.02022222, 0.02466667,
       0.05333333, 0.04666667, 0.08755556, 0.02622222, 0.01133333])), ('Z', array([8.88888889e-04, 2.00000000e-03, 3.33333333e-03, 2.00000000e-03,
       3.33333333e-03, 5.55555556e-03, 6.66666667e-04, 6.66666667e-04,
       4.22222222e-03, 9.77333333e-01])), ('Yes', array([0.01022222, 0.01688889, 0.04244444, 0.08955556, 0.02266667,
       0.01155556, 0.004     , 0.00666667, 0.26688889, 0.52911111])), ('Z', array([2.22222222e-04, 6.66666667e-04, 0.00000000e+00, 0.00000000e+00,
       0.00000000e+00, 4.44444444e-04, 0.00000000e+00, 0.00000000e+00,
       4.44444444e-04, 9.98222222e-01])), ('Why', array([0.02555556, 0.088     , 0.22711111, 0.00088889, 0.05822222,
       0.03822222, 0.49755556, 0.05177778, 0.01      , 0.00266667])), ('Okay', array([0.08488889, 0.05066667, 0.12911111, 0.04311111, 0.25844444,
       0.07133333, 0.08311111, 0.08644444, 0.12533333, 0.06755556])), ('Bye', array([0.02955556, 0.13888889, 0.38044444, 0.01822222, 0.06      ,
       0.09088889, 0.14644444, 0.09755556, 0.02755556, 0.01044444])), ('J', array([0.00111111, 0.00155556, 0.00688889, 0.97333333, 0.00244444,
       0.00311111, 0.00244444, 0.00177778, 0.002     , 0.00533333])), ('Z', array([0.00844444, 0.00422222, 0.026     , 0.01844444, 0.008     ,
       0.00688889, 0.00133333, 0.00311111, 0.02555556, 0.898     ])), ('Hello', array([0.07533333, 0.10822222, 0.20355556, 0.00288889, 0.07644444,
       0.14866667, 0.25866667, 0.06777778, 0.04711111, 0.01133333])), ('Hello', array([0.08044444, 0.03977778, 0.33555556, 0.176     , 0.04755556,
       0.05733333, 0.05911111, 0.03      , 0.11844444, 0.05577778])), ('Why', array([0.02511111, 0.27755556, 0.21511111, 0.002     , 0.04222222,
       0.11466667, 0.12777778, 0.01733333, 0.17133333, 0.00688889])), ('Hello', array([0.102     , 0.05711111, 0.35177778, 0.03311111, 0.086     ,
       0.08577778, 0.08133333, 0.10155556, 0.048     , 0.05333333])), ('Hello', array([0.09511111, 0.05288889, 0.29444444, 0.05288889, 0.06022222,
       0.03222222, 0.02155556, 0.01488889, 0.14488889, 0.23088889])), ('J', array([6.66666667e-04, 1.33333333e-03, 6.00000000e-03, 9.79111111e-01,
       2.22222222e-04, 8.88888889e-04, 1.33333333e-03, 1.11111111e-03,
       3.11111111e-03, 6.22222222e-03])), ('Z', array([0.00177778, 0.00422222, 0.01822222, 0.00288889, 0.01266667,
       0.00511111, 0.00266667, 0.00333333, 0.02022222, 0.92888889])), ('Hello', array([4.44444444e-04, 7.11111111e-03, 9.89111111e-01, 4.44444444e-04,
       4.44444444e-04, 1.55555556e-03, 4.44444444e-04, 0.00000000e+00,
       2.22222222e-04, 2.22222222e-04])), ('Hello', array([0.008     , 0.05288889, 0.84866667, 0.00288889, 0.01355556,
       0.01044444, 0.02111111, 0.01622222, 0.01288889, 0.01333333])), ('Z', array([2.22222222e-03, 3.33333333e-03, 3.11111111e-03, 8.88888889e-04,
       4.22222222e-03, 5.33333333e-03, 1.33333333e-03, 2.22222222e-03,
       2.66666667e-03, 9.74666667e-01])), ('Bye', array([0.01888889, 0.23666667, 0.42377778, 0.002     , 0.062     ,
       0.05955556, 0.106     , 0.07244444, 0.01066667, 0.008     ])), ('Hello', array([0.00644444, 0.042     , 0.88555556, 0.00244444, 0.00577778,
       0.01155556, 0.016     , 0.01488889, 0.00977778, 0.00555556])), ('Z', array([0.01111111, 0.00711111, 0.01644444, 0.02266667, 0.01377778,
       0.01088889, 0.00577778, 0.00555556, 0.07288889, 0.83377778])), ('J', array([4.44444444e-04, 2.22222222e-04, 3.33333333e-03, 9.85777778e-01,
       8.88888889e-04, 1.33333333e-03, 4.44444444e-04, 2.22222222e-04,
       2.88888889e-03, 4.44444444e-03])), ('Z', array([0.00488889, 0.00466667, 0.00488889, 0.00177778, 0.00666667,
       0.00511111, 0.002     , 0.00111111, 0.008     , 0.96088889])), ('Hello', array([0.08266667, 0.03911111, 0.16044444, 0.048     , 0.07888889,
       0.08022222, 0.03066667, 0.07977778, 0.21333333, 0.18688889])), ('Why', array([0.05466667, 0.14622222, 0.24288889, 0.00355556, 0.08955556,
       0.07066667, 0.26      , 0.09755556, 0.03      , 0.00488889])), ('Why', array([2.13333333e-02, 3.80000000e-02, 2.88666667e-01, 2.22222222e-04,
       1.80000000e-02, 3.33333333e-02, 5.57555556e-01, 3.80000000e-02,
       4.00000000e-03, 8.88888889e-04])), ('Hello', array([0.20311111, 0.03333333, 0.36      , 0.01644444, 0.04422222,
       0.03844444, 0.01533333, 0.03044444, 0.16644444, 0.09222222])), ('Bye', array([0.01911111, 0.24355556, 0.44333333, 0.02377778, 0.03177778,
       0.03666667, 0.09288889, 0.05355556, 0.032     , 0.02333333])), ('Z', array([0.00000000e+00, 0.00000000e+00, 2.22222222e-04, 0.00000000e+00,
       0.00000000e+00, 2.22222222e-04, 0.00000000e+00, 0.00000000e+00,
       0.00000000e+00, 9.99555556e-01])), ('Z', array([2.88888889e-03, 8.88888889e-04, 4.88888889e-03, 7.55555556e-03,
       3.77777778e-03, 4.88888889e-03, 2.88888889e-03, 2.22222222e-03,
       2.44444444e-03, 9.67555556e-01])), ('Hello', array([0.00244444, 0.08977778, 0.79933333, 0.00377778, 0.008     ,
       0.00488889, 0.06755556, 0.00733333, 0.01044444, 0.00644444])), ('Hello', array([0.064     , 0.03933333, 0.08466667, 0.01533333, 0.30222222,
       0.04177778, 0.11288889, 0.13666667, 0.18688889, 0.01622222])), ('Z', array([0.02577778, 0.018     , 0.03066667, 0.01      , 0.02311111,
       0.03111111, 0.00622222, 0.01244444, 0.05622222, 0.78644444])), ('Again', array([0.11177778, 0.20022222, 0.24888889, 0.00622222, 0.10266667,
       0.05688889, 0.08488889, 0.12955556, 0.04066667, 0.01822222])), ('Hello', array([0.02777778, 0.13533333, 0.52644444, 0.004     , 0.07155556,
       0.04733333, 0.10377778, 0.06533333, 0.01111111, 0.00733333])), ('Hello', array([0.00533333, 0.05355556, 0.86088889, 0.01377778, 0.01066667,
       0.01044444, 0.02022222, 0.01422222, 0.00622222, 0.00466667])), ('Hello', array([0.03088889, 0.08711111, 0.43933333, 0.12888889, 0.03955556,
       0.03977778, 0.09955556, 0.04022222, 0.04888889, 0.04577778])), ('Wow', array([0.05466667, 0.20066667, 0.29977778, 0.00466667, 0.07666667,
       0.054     , 0.16288889, 0.09155556, 0.03688889, 0.01822222])), ('Wow', array([0.174     , 0.06866667, 0.25933333, 0.06133333, 0.05888889,
       0.06377778, 0.03222222, 0.02733333, 0.12177778, 0.13266667])), ('Z', array([2.22222222e-04, 8.88888889e-04, 1.11111111e-03, 4.44444444e-04,
       4.44444444e-04, 6.66666667e-04, 6.66666667e-04, 2.22222222e-04,
       1.55555556e-03, 9.93777778e-01])), ('Z', array([4.44444444e-04, 1.55555556e-03, 0.00000000e+00, 0.00000000e+00,
       1.33333333e-03, 1.33333333e-03, 2.22222222e-04, 4.44444444e-04,
       1.11111111e-03, 9.93555556e-01])), ('Z', array([0.        , 0.00177778, 0.00666667, 0.00155556, 0.00311111,
       0.002     , 0.00244444, 0.00155556, 0.00511111, 0.97577778])), ('Wow', array([0.01311111, 0.16266667, 0.35977778, 0.00222222, 0.06      ,
       0.13622222, 0.06888889, 0.17288889, 0.01866667, 0.00555556])), ('J', array([0.00177778, 0.00222222, 0.00911111, 0.96422222, 0.00355556,
       0.00133333, 0.00466667, 0.002     , 0.00355556, 0.00755556])), ('Bye', array([0.05288889, 0.12333333, 0.37044444, 0.01311111, 0.06044444,
       0.10933333, 0.10911111, 0.10466667, 0.04311111, 0.01355556])), ('Z', array([0.00555556, 0.01866667, 0.03511111, 0.01466667, 0.03333333,
       0.01177778, 0.00533333, 0.00866667, 0.06533333, 0.80155556])), ('Hello', array([0.00266667, 0.298     , 0.63311111, 0.00155556, 0.01533333,
       0.01466667, 0.02044444, 0.01      , 0.00333333, 0.00088889])), ('Z', array([6.66666667e-04, 8.88888889e-04, 1.55555556e-03, 4.44444444e-04,
       2.22222222e-04, 2.22222222e-03, 2.22222222e-04, 2.22222222e-04,
       1.33333333e-03, 9.92222222e-01])), ('Z', array([0.00666667, 0.00533333, 0.01422222, 0.00733333, 0.00711111,
       0.006     , 0.00488889, 0.004     , 0.01088889, 0.93355556])), ('J', array([0.00644444, 0.00311111, 0.01466667, 0.92666667, 0.00533333,
       0.002     , 0.00333333, 0.00711111, 0.01533333, 0.016     ])), ('Why', array([0.02488889, 0.11466667, 0.27244444, 0.00488889, 0.04488889,
       0.08488889, 0.38488889, 0.04844444, 0.014     , 0.006     ])), ('Bye', array([0.01044444, 0.3       , 0.552     , 0.00088889, 0.024     ,
       0.01644444, 0.06355556, 0.02444444, 0.00733333, 0.00088889])), ('Hello', array([8.88888889e-04, 3.03333333e-01, 6.48666667e-01, 2.22222222e-04,
       9.77777778e-03, 3.33333333e-03, 1.13333333e-02, 2.15555556e-02,
       2.22222222e-04, 6.66666667e-04])), ('Z', array([0.004     , 0.00488889, 0.00622222, 0.00244444, 0.00711111,
       0.00711111, 0.00444444, 0.00355556, 0.00733333, 0.95288889])), ('Z', array([0.00488889, 0.00222222, 0.00511111, 0.006     , 0.004     ,
       0.00266667, 0.002     , 0.00333333, 0.00288889, 0.96688889])), ('Z', array([0.01555556, 0.01088889, 0.02577778, 0.01377778, 0.00977778,
       0.00866667, 0.008     , 0.006     , 0.03777778, 0.86377778])), ('Why', array([0.05866667, 0.10333333, 0.22466667, 0.03222222, 0.10222222,
       0.07133333, 0.13977778, 0.08133333, 0.11911111, 0.06733333])), ('Bye', array([5.11111111e-03, 3.60666667e-01, 5.24222222e-01, 4.44444444e-04,
       1.44444444e-02, 1.31111111e-02, 6.55555556e-02, 1.26666667e-02,
       3.33333333e-03, 4.44444444e-04])), ('Why', array([0.07555556, 0.09577778, 0.25688889, 0.01355556, 0.046     ,
       0.05177778, 0.32      , 0.04866667, 0.03466667, 0.05711111])), ('Hello', array([0.00377778, 0.03466667, 0.89377778, 0.00355556, 0.00555556,
       0.00222222, 0.032     , 0.01511111, 0.006     , 0.00333333])), ('Okay', array([0.05511111, 0.05711111, 0.08266667, 0.00133333, 0.38555556,
       0.09577778, 0.15466667, 0.09755556, 0.05644444, 0.01377778])), ('Z', array([0.01911111, 0.01222222, 0.05711111, 0.016     , 0.01911111,
       0.01488889, 0.00755556, 0.01133333, 0.05177778, 0.79088889])), ('Bye', array([0.01688889, 0.38666667, 0.27088889, 0.01533333, 0.07644444,
       0.044     , 0.04022222, 0.03288889, 0.05822222, 0.05844444])), ('Z', array([0.02288889, 0.01688889, 0.02955556, 0.03622222, 0.038     ,
       0.04488889, 0.01222222, 0.01288889, 0.10555556, 0.68088889])), ('J', array([0.00733333, 0.00422222, 0.02644444, 0.83177778, 0.00844444,
       0.006     , 0.004     , 0.00466667, 0.04933333, 0.05777778])), ('Z', array([0.00000000e+00, 4.44444444e-04, 6.66666667e-04, 8.88888889e-04,
       6.66666667e-04, 3.55555556e-03, 0.00000000e+00, 0.00000000e+00,
       4.88888889e-03, 9.88888889e-01])), ('Bye', array([0.20533333, 0.06311111, 0.18777778, 0.00755556, 0.07333333,
       0.07066667, 0.14      , 0.19288889, 0.05044444, 0.00888889])), ('Z', array([2.22222222e-04, 1.55555556e-03, 5.55555556e-03, 1.55555556e-03,
       3.11111111e-03, 1.33333333e-03, 6.66666667e-04, 4.44444444e-04,
       7.77777778e-03, 9.77777778e-01])), ('Z', array([0., 0., 0., 0., 0., 0., 0., 0., 0., 1.])), ('Z', array([2.22222222e-04, 0.00000000e+00, 0.00000000e+00, 0.00000000e+00,
       0.00000000e+00, 4.44444444e-04, 2.22222222e-04, 0.00000000e+00,
       6.66666667e-04, 9.98444444e-01])), ('Bye', array([0.01222222, 0.33066667, 0.38688889, 0.00333333, 0.03288889,
       0.052     , 0.09977778, 0.05488889, 0.016     , 0.01133333])), ('Yes', array([0.15155556, 0.06644444, 0.19888889, 0.07044444, 0.08088889,
       0.05955556, 0.03911111, 0.034     , 0.228     , 0.07111111])), ('Why', array([0.02866667, 0.17066667, 0.47866667, 0.01511111, 0.04666667,
       0.03822222, 0.126     , 0.05977778, 0.02466667, 0.01155556])), ('Again', array([0.34977778, 0.04466667, 0.37977778, 0.01711111, 0.03555556,
       0.02711111, 0.01777778, 0.03266667, 0.07466667, 0.02088889])), ('J', array([0.002     , 0.00133333, 0.00622222, 0.96555556, 0.00133333,
       0.00177778, 0.00444444, 0.00333333, 0.01222222, 0.00177778])), ('Okay', array([0.03888889, 0.26533333, 0.11977778, 0.00066667, 0.02466667,
       0.02644444, 0.20977778, 0.204     , 0.108     , 0.00244444])), ('J', array([0.00000000e+00, 4.44444444e-04, 2.44444444e-03, 9.90444444e-01,
       4.44444444e-04, 6.66666667e-04, 8.88888889e-04, 2.22222222e-04,
       3.33333333e-03, 1.11111111e-03])), ('Ready', array([0.08177778, 0.102     , 0.11488889, 0.03777778, 0.10555556,
       0.16911111, 0.07333333, 0.06044444, 0.13488889, 0.12022222])), ('Hello', array([1.33333333e-03, 8.97777778e-02, 8.75111111e-01, 2.22222222e-04,
       4.22222222e-03, 6.66666667e-04, 2.06666667e-02, 6.66666667e-03,
       4.44444444e-04, 8.88888889e-04])), ('Bye', array([0.09066667, 0.27533333, 0.19488889, 0.00044444, 0.024     ,
       0.04377778, 0.18488889, 0.09311111, 0.08844444, 0.00444444])), ('Z', array([0.00000000e+00, 2.22222222e-04, 2.22222222e-04, 0.00000000e+00,
       2.22222222e-04, 4.44444444e-04, 0.00000000e+00, 0.00000000e+00,
       0.00000000e+00, 9.98888889e-01])), ('Bye', array([0.01866667, 0.23244444, 0.37955556, 0.00066667, 0.00911111,
       0.04688889, 0.16044444, 0.03444444, 0.11688889, 0.00088889])), ('Bye', array([0.01911111, 0.23866667, 0.43977778, 0.00733333, 0.04266667,
       0.05266667, 0.09288889, 0.04822222, 0.03111111, 0.02755556])), ('J', array([0.00955556, 0.01488889, 0.03466667, 0.71088889, 0.01333333,
       0.01311111, 0.00955556, 0.00444444, 0.10044444, 0.08911111])), ('J', array([0.00000000e+00, 2.22222222e-04, 2.22222222e-04, 9.98000000e-01,
       2.22222222e-04, 0.00000000e+00, 0.00000000e+00, 0.00000000e+00,
       8.88888889e-04, 4.44444444e-04])), ('Z', array([0.00000000e+00, 0.00000000e+00, 0.00000000e+00, 0.00000000e+00,
       4.44444444e-04, 8.88888889e-04, 0.00000000e+00, 0.00000000e+00,
       4.44444444e-04, 9.98222222e-01])), ('Ready', array([0.01711111, 0.068     , 0.11777778, 0.00333333, 0.06466667,
       0.5       , 0.05511111, 0.10488889, 0.054     , 0.01511111])), ('J', array([4.44444444e-04, 6.66666667e-04, 8.88888889e-04, 9.89777778e-01,
       8.88888889e-04, 4.44444444e-04, 0.00000000e+00, 2.22222222e-04,
       5.55555556e-03, 1.11111111e-03])), ('Again', array([0.17466667, 0.05844444, 0.16266667, 0.03511111, 0.05111111,
       0.03866667, 0.02155556, 0.04288889, 0.28533333, 0.12955556])), ('Z', array([0.004     , 0.028     , 0.03333333, 0.00288889, 0.036     ,
       0.04133333, 0.00488889, 0.01177778, 0.05222222, 0.78555556])), ('Hello', array([1.77777778e-03, 2.32222222e-01, 6.84222222e-01, 6.66666667e-04,
       1.26666667e-02, 2.20000000e-02, 2.28888889e-02, 2.17777778e-02,
       4.44444444e-04, 1.33333333e-03])), ('Z', array([4.44444444e-04, 2.88888889e-03, 5.33333333e-03, 4.88888889e-03,
       6.66666667e-03, 0.00000000e+00, 8.88888889e-04, 6.66666667e-04,
       9.11111111e-03, 9.69111111e-01])), ('J', array([2.22222222e-04, 2.22222222e-04, 8.88888889e-04, 9.94666667e-01,
       0.00000000e+00, 2.22222222e-04, 0.00000000e+00, 2.22222222e-04,
       2.00000000e-03, 1.55555556e-03])), ('Z', array([6.00000000e-03, 6.66666667e-03, 1.42222222e-02, 1.40000000e-02,
       5.77777778e-03, 7.55555556e-03, 3.33333333e-03, 4.44444444e-04,
       3.15555556e-02, 9.10444444e-01])), ('Z', array([1.11111111e-03, 6.00000000e-03, 1.37777778e-02, 3.33333333e-03,
       7.11111111e-03, 1.55555556e-03, 4.22222222e-03, 6.66666667e-04,
       4.00000000e-03, 9.58222222e-01])), ('Why', array([0.02933333, 0.11777778, 0.43355556, 0.        , 0.03666667,
       0.04733333, 0.29088889, 0.03822222, 0.00422222, 0.002     ])), ('Hello', array([0.00955556, 0.23666667, 0.67044444, 0.00088889, 0.01911111,
       0.01888889, 0.02488889, 0.01355556, 0.00466667, 0.00133333])), ('Z', array([4.44444444e-04, 4.44444444e-04, 2.88888889e-03, 2.88888889e-03,
       8.88888889e-04, 0.00000000e+00, 2.22222222e-04, 2.22222222e-04,
       4.66666667e-03, 9.87333333e-01])), ('Hello', array([0.02266667, 0.05644444, 0.56044444, 0.11311111, 0.02711111,
       0.03177778, 0.05155556, 0.06355556, 0.036     , 0.03733333])), ('Z', array([0.02222222, 0.01822222, 0.04333333, 0.04266667, 0.02933333,
       0.02888889, 0.01      , 0.01622222, 0.11444444, 0.67466667])), ('Z', array([6.66666667e-04, 2.22222222e-04, 1.77777778e-03, 8.88888889e-04,
       1.11111111e-03, 8.88888889e-04, 2.22222222e-04, 4.44444444e-04,
       1.33333333e-03, 9.92444444e-01])), ('J', array([4.44444444e-04, 4.44444444e-04, 4.44444444e-03, 9.88666667e-01,
       6.66666667e-04, 0.00000000e+00, 4.44444444e-04, 4.44444444e-04,
       2.22222222e-03, 2.22222222e-03])), ('Z', array([0.00688889, 0.012     , 0.01533333, 0.00244444, 0.01511111,
       0.01644444, 0.00466667, 0.00288889, 0.01266667, 0.91155556])), ('Bye', array([0.01244444, 0.45266667, 0.32711111, 0.00311111, 0.03688889,
       0.02688889, 0.07333333, 0.04555556, 0.01711111, 0.00488889])), ('Hello', array([0.04377778, 0.09822222, 0.13755556, 0.06577778, 0.132     ,
       0.14044444, 0.11977778, 0.08733333, 0.15288889, 0.02222222])), ('Bye', array([0.02822222, 0.11955556, 0.50266667, 0.04      , 0.02933333,
       0.04088889, 0.048     , 0.052     , 0.05511111, 0.08422222])), ('Hello', array([0.01177778, 0.23      , 0.57533333, 0.00088889, 0.03333333,
       0.02177778, 0.05688889, 0.04844444, 0.01777778, 0.00377778])), ('Z', array([0.03288889, 0.01822222, 0.03444444, 0.022     , 0.02933333,
       0.02622222, 0.01444444, 0.01422222, 0.052     , 0.75622222])), ('Z', array([2.22222222e-04, 2.22222222e-04, 2.22222222e-04, 0.00000000e+00,
       0.00000000e+00, 8.88888889e-04, 0.00000000e+00, 0.00000000e+00,
       2.22222222e-04, 9.98222222e-01])), ('Hello', array([0.06777778, 0.27822222, 0.22711111, 0.00244444, 0.1       ,
       0.08644444, 0.08488889, 0.04777778, 0.10422222, 0.00111111])), ('Ready', array([0.02466667, 0.04044444, 0.18888889, 0.00577778, 0.06755556,
       0.53933333, 0.04155556, 0.04822222, 0.02155556, 0.022     ])), ('Z', array([4.44444444e-04, 1.55555556e-03, 3.33333333e-03, 4.66666667e-03,
       3.11111111e-03, 6.66666667e-04, 2.22222222e-04, 2.22222222e-03,
       1.80000000e-02, 9.65777778e-01])), ('Hello', array([0.00288889, 0.04044444, 0.84755556, 0.01266667, 0.01133333,
       0.00844444, 0.04822222, 0.01355556, 0.00822222, 0.00666667])), ('Hello', array([0.00000000e+00, 1.93333333e-02, 9.72888889e-01, 2.22222222e-04,
       6.66666667e-04, 2.22222222e-04, 3.33333333e-03, 2.88888889e-03,
       4.44444444e-04, 0.00000000e+00])), ('Wow', array([0.15111111, 0.06155556, 0.34955556, 0.02288889, 0.06244444,
       0.06622222, 0.03488889, 0.09177778, 0.132     , 0.02755556])), ('Hello', array([2.84444444e-02, 2.38444444e-01, 2.92888889e-01, 1.11111111e-03,
       1.26666667e-02, 5.42222222e-02, 1.36222222e-01, 1.28444444e-01,
       1.07333333e-01, 2.22222222e-04])), ('Yes', array([0.03066667, 0.016     , 0.04355556, 0.03888889, 0.08622222,
       0.02977778, 0.01      , 0.02088889, 0.48244444, 0.24155556])), ('Bye', array([0.00511111, 0.20044444, 0.548     , 0.01111111, 0.03666667,
       0.00711111, 0.14755556, 0.01888889, 0.01377778, 0.01133333])), ('Why', array([0.02777778, 0.12822222, 0.36755556, 0.008     , 0.05977778,
       0.04933333, 0.29066667, 0.05466667, 0.01288889, 0.00111111])), ('Hello', array([0.08177778, 0.06177778, 0.39822222, 0.12355556, 0.058     ,
       0.04622222, 0.02244444, 0.014     , 0.10466667, 0.08933333])), ('Hello', array([8.88888889e-04, 3.62222222e-02, 9.00666667e-01, 4.66666667e-03,
       7.77777778e-03, 6.22222222e-03, 2.31111111e-02, 1.51111111e-02,
       3.55555556e-03, 1.77777778e-03])), ('J', array([0.00511111, 0.00333333, 0.00822222, 0.91711111, 0.00911111,
       0.00555556, 0.00266667, 0.00111111, 0.03333333, 0.01444444])), ('Z', array([0.00000000e+00, 0.00000000e+00, 0.00000000e+00, 2.22222222e-04,
       0.00000000e+00, 2.22222222e-04, 2.22222222e-04, 0.00000000e+00,
       8.88888889e-04, 9.98444444e-01])), ('J', array([0.00155556, 0.00466667, 0.01688889, 0.94155556, 0.00155556,
       0.00133333, 0.00711111, 0.00155556, 0.02111111, 0.00266667])), ('J', array([0.00511111, 0.00377778, 0.01711111, 0.914     , 0.00866667,
       0.01222222, 0.01555556, 0.00844444, 0.01066667, 0.00444444])), ('Yes', array([0.06266667, 0.21266667, 0.12466667, 0.        , 0.01866667,
       0.01955556, 0.29088889, 0.14311111, 0.12688889, 0.00088889])), ('Why', array([0.05044444, 0.08933333, 0.28977778, 0.01822222, 0.07044444,
       0.06333333, 0.30044444, 0.06177778, 0.038     , 0.01822222])), ('Z', array([2.22222222e-04, 2.22222222e-04, 0.00000000e+00, 2.22222222e-04,
       0.00000000e+00, 2.22222222e-04, 0.00000000e+00, 0.00000000e+00,
       6.66666667e-04, 9.98444444e-01])), ('J', array([2.22222222e-04, 4.44444444e-04, 2.00000000e-03, 9.91777778e-01,
       4.44444444e-04, 0.00000000e+00, 1.33333333e-03, 8.88888889e-04,
       2.00000000e-03, 8.88888889e-04])), ('Wow', array([0.02777778, 0.22      , 0.21711111, 0.00133333, 0.06688889,
       0.108     , 0.11266667, 0.01444444, 0.22822222, 0.00355556])), ('Why', array([0.04777778, 0.16666667, 0.20977778, 0.004     , 0.062     ,
       0.15711111, 0.13822222, 0.07066667, 0.13177778, 0.012     ])), ('Again', array([0.28533333, 0.05333333, 0.26755556, 0.02711111, 0.05888889,
       0.05888889, 0.05      , 0.05155556, 0.10022222, 0.04711111])), ('Z', array([0.008     , 0.00844444, 0.00555556, 0.00488889, 0.00644444,
       0.016     , 0.00177778, 0.00288889, 0.026     , 0.92      ])), ('Bye', array([0.05444444, 0.17622222, 0.22577778, 0.02177778, 0.09088889,
       0.13266667, 0.09288889, 0.08044444, 0.08266667, 0.04222222])), ('Again', array([0.28777778, 0.05088889, 0.26755556, 0.02955556, 0.05866667,
       0.05511111, 0.05822222, 0.07777778, 0.07933333, 0.03511111])), ('Z', array([1.55555556e-03, 1.11111111e-03, 7.33333333e-03, 3.77777778e-03,
       4.22222222e-03, 6.66666667e-04, 6.66666667e-04, 2.22222222e-04,
       8.66666667e-03, 9.71777778e-01])), ('Wow', array([0.07088889, 0.06533333, 0.37733333, 0.04311111, 0.058     ,
       0.05911111, 0.03755556, 0.04755556, 0.07466667, 0.16644444])), ('Z', array([0.00000000e+00, 0.00000000e+00, 4.44444444e-04, 0.00000000e+00,
       2.22222222e-04, 4.44444444e-04, 0.00000000e+00, 0.00000000e+00,
       2.22222222e-04, 9.98666667e-01])), ('Z', array([8.88888889e-04, 2.00000000e-03, 1.77777778e-03, 2.22222222e-04,
       1.55555556e-03, 1.33333333e-03, 4.44444444e-04, 0.00000000e+00,
       2.66666667e-03, 9.89111111e-01])), ('Z', array([0.00511111, 0.00755556, 0.00622222, 0.00822222, 0.00666667,
       0.01311111, 0.00177778, 0.00177778, 0.05244444, 0.89711111])), ('Z', array([6.66666667e-04, 8.88888889e-04, 2.66666667e-03, 2.44444444e-03,
       1.55555556e-03, 2.88888889e-03, 1.11111111e-03, 4.44444444e-04,
       4.44444444e-03, 9.82888889e-01])), ('Hello', array([2.88888889e-03, 3.01111111e-01, 6.44666667e-01, 4.44444444e-04,
       1.80000000e-02, 6.88888889e-03, 1.35555556e-02, 1.15555556e-02,
       4.44444444e-04, 4.44444444e-04])), ('Z', array([0.00000000e+00, 0.00000000e+00, 0.00000000e+00, 2.22222222e-04,
       0.00000000e+00, 4.44444444e-04, 0.00000000e+00, 0.00000000e+00,
       4.44444444e-04, 9.98888889e-01])), ('Okay', array([0.02222222, 0.27777778, 0.27977778, 0.00066667, 0.01      ,
       0.03244444, 0.20644444, 0.09222222, 0.07666667, 0.00177778])), ('Z', array([0.02244444, 0.00377778, 0.01733333, 0.00822222, 0.00422222,
       0.00533333, 0.00466667, 0.002     , 0.02866667, 0.90333333])), ('Bye', array([0.03      , 0.19466667, 0.25777778, 0.01933333, 0.10733333,
       0.04977778, 0.14933333, 0.07333333, 0.08844444, 0.03      ])), ('Z', array([6.66666667e-04, 6.66666667e-04, 8.88888889e-04, 4.44444444e-04,
       2.22222222e-04, 4.44444444e-04, 0.00000000e+00, 2.22222222e-04,
       4.44444444e-04, 9.96000000e-01])), ('Yes', array([0.02577778, 0.00644444, 0.046     , 0.11288889, 0.02      ,
       0.01733333, 0.00844444, 0.00644444, 0.53577778, 0.22088889])), ('Hello', array([2.22222222e-03, 7.13333333e-02, 7.96222222e-01, 2.22222222e-04,
       1.17777778e-02, 2.97777778e-02, 3.80000000e-02, 4.86666667e-02,
       1.11111111e-03, 6.66666667e-04])), ('J', array([4.44444444e-04, 2.22222222e-04, 1.11111111e-03, 9.96444444e-01,
       0.00000000e+00, 0.00000000e+00, 0.00000000e+00, 4.44444444e-04,
       1.11111111e-03, 2.22222222e-04])), ('Ready', array([0.01555556, 0.22866667, 0.37444444, 0.00333333, 0.06533333,
       0.056     , 0.09266667, 0.096     , 0.05911111, 0.00888889])), ('Okay', array([0.10911111, 0.05933333, 0.35066667, 0.04377778, 0.09311111,
       0.05466667, 0.06466667, 0.06733333, 0.11244444, 0.04488889])), ('J', array([0.00444444, 0.00155556, 0.00866667, 0.95955556, 0.004     ,
       0.00311111, 0.00488889, 0.00111111, 0.01022222, 0.00244444])), ('J', array([0.004     , 0.00377778, 0.00511111, 0.90666667, 0.006     ,
       0.00355556, 0.00355556, 0.002     , 0.04355556, 0.02177778])), ('J', array([1.77777778e-03, 6.66666667e-04, 2.88888889e-03, 9.83555556e-01,
       1.11111111e-03, 1.11111111e-03, 1.11111111e-03, 4.44444444e-04,
       4.88888889e-03, 2.44444444e-03])), ('Z', array([0.22511111, 0.09866667, 0.14777778, 0.01088889, 0.10066667,
       0.06066667, 0.108     , 0.11044444, 0.10066667, 0.03711111])), ('Yes', array([0.01577778, 0.02555556, 0.04577778, 0.02155556, 0.11133333,
       0.03644444, 0.01422222, 0.03066667, 0.276     , 0.42266667])), ('Bye', array([0.01822222, 0.30333333, 0.28422222, 0.016     , 0.04644444,
       0.03044444, 0.234     , 0.03444444, 0.02622222, 0.00666667])), ('J', array([6.66666667e-04, 4.44444444e-04, 1.55555556e-03, 9.86888889e-01,
       6.66666667e-04, 1.11111111e-03, 1.11111111e-03, 2.00000000e-03,
       1.77777778e-03, 3.77777778e-03])), ('Okay', array([0.09488889, 0.09044444, 0.09511111, 0.002     , 0.19644444,
       0.11155556, 0.19777778, 0.12822222, 0.066     , 0.01755556])), ('J', array([0.00422222, 0.00622222, 0.02333333, 0.87933333, 0.00555556,
       0.00377778, 0.00444444, 0.00155556, 0.03866667, 0.03288889])), ('Hello', array([0.13888889, 0.05      , 0.46488889, 0.04044444, 0.044     ,
       0.034     , 0.02844444, 0.03577778, 0.11      , 0.05355556])), ('J', array([0.01288889, 0.01      , 0.05622222, 0.80244444, 0.01533333,
       0.00955556, 0.01533333, 0.01066667, 0.03311111, 0.03444444])), ('Z', array([2.22222222e-04, 2.22222222e-04, 2.00000000e-03, 8.88888889e-04,
       1.33333333e-03, 2.22222222e-04, 4.44444444e-04, 0.00000000e+00,
       1.77777778e-03, 9.92888889e-01])), ('Z', array([0.00155556, 0.00333333, 0.00955556, 0.01222222, 0.002     ,
       0.00711111, 0.002     , 0.00244444, 0.02088889, 0.93888889])), ('Z', array([0.01266667, 0.00488889, 0.02044444, 0.00711111, 0.00911111,
       0.00666667, 0.004     , 0.00466667, 0.01888889, 0.91155556])), ('Ready', array([0.01022222, 0.02866667, 0.03955556, 0.61422222, 0.03088889,
       0.01688889, 0.09911111, 0.01911111, 0.11244444, 0.02888889])), ('Hello', array([8.88888889e-04, 1.50000000e-01, 8.25111111e-01, 0.00000000e+00,
       5.11111111e-03, 4.22222222e-03, 7.77777778e-03, 5.77777778e-03,
       6.66666667e-04, 4.44444444e-04])), ('Hello', array([8.88888889e-04, 1.41777778e-01, 7.94666667e-01, 2.22222222e-04,
       1.91111111e-02, 1.26666667e-02, 1.86666667e-02, 1.02222222e-02,
       1.77777778e-03, 0.00000000e+00])), ('J', array([0.00177778, 0.002     , 0.00777778, 0.93488889, 0.00311111,
       0.00444444, 0.00222222, 0.00288889, 0.02111111, 0.01977778])), ('Hello', array([0.36466667, 0.05266667, 0.444     , 0.00577778, 0.02288889,
       0.02111111, 0.004     , 0.01844444, 0.05755556, 0.00888889])), ('Again', array([0.16133333, 0.054     , 0.25822222, 0.01666667, 0.05288889,
       0.05133333, 0.18355556, 0.15688889, 0.05333333, 0.01177778])), ('Bye', array([0.038     , 0.164     , 0.24422222, 0.02977778, 0.14377778,
       0.14222222, 0.06022222, 0.06688889, 0.05933333, 0.05155556])), ('Bye', array([0.02733333, 0.23022222, 0.44666667, 0.00333333, 0.03866667,
       0.04977778, 0.11444444, 0.05733333, 0.02355556, 0.00866667])), ('Z', array([0.00000000e+00, 0.00000000e+00, 0.00000000e+00, 0.00000000e+00,
       0.00000000e+00, 0.00000000e+00, 0.00000000e+00, 0.00000000e+00,
       4.44444444e-04, 9.99555556e-01])), ('Ready', array([0.02311111, 0.04244444, 0.14      , 0.00311111, 0.09622222,
       0.55111111, 0.04355556, 0.07555556, 0.01488889, 0.01      ])), ('Hello', array([0.07333333, 0.22888889, 0.23488889, 0.02066667, 0.04022222,
       0.09222222, 0.13333333, 0.06044444, 0.08288889, 0.03311111])), ('Okay', array([0.09644444, 0.07466667, 0.27266667, 0.02111111, 0.08888889,
       0.12311111, 0.15377778, 0.07244444, 0.07044444, 0.02644444])), ('J', array([6.66666667e-04, 5.33333333e-03, 1.66666667e-02, 9.22666667e-01,
       4.44444444e-03, 2.66666667e-03, 6.88888889e-03, 2.22222222e-03,
       1.86666667e-02, 1.97777778e-02])), ('J', array([1.33333333e-03, 6.66666667e-04, 3.55555556e-03, 9.85777778e-01,
       8.88888889e-04, 1.55555556e-03, 1.33333333e-03, 4.44444444e-04,
       3.33333333e-03, 1.11111111e-03])), ('Bye', array([0.02533333, 0.21288889, 0.28622222, 0.00955556, 0.09133333,
       0.042     , 0.06466667, 0.07333333, 0.14377778, 0.05088889])), ('Wow', array([0.24088889, 0.07844444, 0.23577778, 0.06555556, 0.04933333,
       0.05844444, 0.02622222, 0.02777778, 0.13066667, 0.08688889])), ('Bye', array([0.04155556, 0.21577778, 0.26244444, 0.01644444, 0.06822222,
       0.108     , 0.10488889, 0.08422222, 0.07577778, 0.02266667])), ('Again', array([0.08711111, 0.19555556, 0.30422222, 0.00933333, 0.06488889,
       0.06711111, 0.12444444, 0.06622222, 0.04955556, 0.03155556])), ('J', array([1.11111111e-03, 4.44444444e-04, 2.66666667e-03, 9.86888889e-01,
       4.44444444e-04, 8.88888889e-04, 2.66666667e-03, 1.55555556e-03,
       1.77777778e-03, 1.55555556e-03])), ('Z', array([0.00511111, 0.00644444, 0.04644444, 0.02111111, 0.01422222,
       0.01177778, 0.00577778, 0.00488889, 0.06155556, 0.82266667])), ('Z', array([0.00288889, 0.002     , 0.00466667, 0.00266667, 0.00333333,
       0.00377778, 0.00222222, 0.00155556, 0.00355556, 0.97333333])), ('Bye', array([0.19355556, 0.03111111, 0.14777778, 0.024     , 0.01977778,
       0.21644444, 0.03511111, 0.15866667, 0.16844444, 0.00511111])), ('J', array([0.00466667, 0.00533333, 0.01466667, 0.89266667, 0.00888889,
       0.008     , 0.00377778, 0.00311111, 0.036     , 0.02288889])), ('J', array([0.01266667, 0.00555556, 0.01866667, 0.87644444, 0.00666667,
       0.00555556, 0.00488889, 0.00177778, 0.05555556, 0.01222222])), ('J', array([0.00777778, 0.00555556, 0.01422222, 0.90511111, 0.01066667,
       0.00844444, 0.00822222, 0.00422222, 0.02266667, 0.01311111])), ('J', array([0.01333333, 0.00222222, 0.01822222, 0.89511111, 0.00555556,
       0.00666667, 0.00577778, 0.00288889, 0.03555556, 0.01466667])), ('Wow', array([0.18822222, 0.06444444, 0.38511111, 0.01711111, 0.02755556,
       0.05644444, 0.03422222, 0.10177778, 0.09755556, 0.02755556])), ('Wow', array([0.13555556, 0.08377778, 0.18133333, 0.01111111, 0.12688889,
       0.10711111, 0.20311111, 0.08088889, 0.03311111, 0.03711111])), ('Why', array([0.08133333, 0.124     , 0.28088889, 0.00088889, 0.07511111,
       0.08511111, 0.15088889, 0.18044444, 0.018     , 0.00333333])), ('Again', array([0.23311111, 0.06777778, 0.19733333, 0.026     , 0.02488889,
       0.05355556, 0.01288889, 0.04333333, 0.32177778, 0.01933333])), ('Z', array([0.00644444, 0.00266667, 0.00844444, 0.00288889, 0.00422222,
       0.00222222, 0.00333333, 0.002     , 0.01066667, 0.95711111])), ('Hello', array([0.00866667, 0.064     , 0.11711111, 0.01222222, 0.14777778,
       0.02422222, 0.02888889, 0.03155556, 0.25488889, 0.31066667])), ('Z', array([0.00133333, 0.00333333, 0.00266667, 0.00222222, 0.004     ,
       0.00577778, 0.00311111, 0.00177778, 0.00377778, 0.972     ])), ('Hello', array([1.77777778e-03, 4.88888889e-02, 9.25555556e-01, 8.88888889e-04,
       4.22222222e-03, 6.00000000e-03, 6.22222222e-03, 2.88888889e-03,
       8.88888889e-04, 2.66666667e-03])), ('J', array([6.66666667e-04, 8.88888889e-04, 2.66666667e-03, 9.90444444e-01,
       2.22222222e-04, 2.22222222e-04, 4.44444444e-04, 0.00000000e+00,
       4.22222222e-03, 2.22222222e-04])), ('Z', array([1.77777778e-03, 1.11111111e-03, 3.77777778e-03, 2.88888889e-03,
       4.00000000e-03, 5.33333333e-03, 2.22222222e-03, 8.88888889e-04,
       9.55555556e-03, 9.68444444e-01])), ('Z', array([0.00777778, 0.00111111, 0.00666667, 0.00311111, 0.00466667,
       0.00111111, 0.00111111, 0.002     , 0.01555556, 0.95688889])), ('Why', array([0.02288889, 0.16044444, 0.25422222, 0.01866667, 0.06288889,
       0.07888889, 0.28155556, 0.05844444, 0.04533333, 0.01666667])), ('Hello', array([0.00622222, 0.076     , 0.786     , 0.004     , 0.02555556,
       0.01355556, 0.03355556, 0.03      , 0.01377778, 0.01133333])), ('Okay', array([0.02466667, 0.12933333, 0.47488889, 0.00333333, 0.05577778,
       0.072     , 0.144     , 0.07288889, 0.01866667, 0.00444444])), ('Wow', array([0.13733333, 0.05777778, 0.166     , 0.08422222, 0.06844444,
       0.08088889, 0.07844444, 0.12      , 0.17933333, 0.02755556])), ('J', array([0.02      , 0.00888889, 0.02555556, 0.84333333, 0.01044444,
       0.01288889, 0.01844444, 0.00555556, 0.03911111, 0.01577778])), ('Why', array([0.00577778, 0.16555556, 0.56866667, 0.00133333, 0.01844444,
       0.03288889, 0.17244444, 0.028     , 0.00444444, 0.00244444])), ('Hello', array([1.55555556e-03, 1.81777778e-01, 7.22222222e-01, 1.11111111e-03,
       2.46666667e-02, 2.17777778e-02, 2.64444444e-02, 1.66666667e-02,
       3.33333333e-03, 4.44444444e-04])), ('Bye', array([4.44444444e-04, 3.38444444e-01, 6.26222222e-01, 0.00000000e+00,
       9.33333333e-03, 5.33333333e-03, 1.20000000e-02, 6.66666667e-03,
       1.33333333e-03, 2.22222222e-04])), ('Hello', array([1.40000000e-02, 2.29333333e-01, 5.00888889e-01, 4.44444444e-04,
       5.86666667e-02, 3.35555556e-02, 1.19333333e-01, 3.48888889e-02,
       7.55555556e-03, 1.33333333e-03])), ('J', array([8.88888889e-04, 2.22222222e-04, 2.88888889e-03, 9.90222222e-01,
       1.11111111e-03, 6.66666667e-04, 8.88888889e-04, 2.22222222e-04,
       8.88888889e-04, 2.00000000e-03])), ('Hello', array([0.24933333, 0.04088889, 0.19555556, 0.04377778, 0.06622222,
       0.04111111, 0.01711111, 0.02444444, 0.21511111, 0.10644444])), ('Z', array([0.00000000e+00, 2.22222222e-04, 0.00000000e+00, 0.00000000e+00,
       0.00000000e+00, 4.44444444e-04, 0.00000000e+00, 0.00000000e+00,
       2.22222222e-04, 9.99111111e-01])), ('Z', array([0.01355556, 0.00911111, 0.018     , 0.01066667, 0.00666667,
       0.00577778, 0.00511111, 0.00733333, 0.018     , 0.90577778])), ('J', array([2.22222222e-04, 0.00000000e+00, 1.11111111e-03, 9.94444444e-01,
       2.22222222e-04, 0.00000000e+00, 6.66666667e-04, 2.22222222e-04,
       2.22222222e-03, 8.88888889e-04])), ('Hello', array([0.05733333, 0.10044444, 0.51133333, 0.03222222, 0.02577778,
       0.03133333, 0.07533333, 0.08      , 0.05688889, 0.02933333])), ('Z', array([0.02177778, 0.01422222, 0.06533333, 0.022     , 0.02022222,
       0.01977778, 0.01155556, 0.01      , 0.05911111, 0.756     ])), ('Z', array([4.44444444e-04, 4.44444444e-04, 2.22222222e-04, 0.00000000e+00,
       2.22222222e-04, 6.66666667e-04, 0.00000000e+00, 0.00000000e+00,
       8.88888889e-04, 9.97111111e-01])), ('J', array([0.01133333, 0.00866667, 0.02711111, 0.71444444, 0.01311111,
       0.00511111, 0.006     , 0.008     , 0.18      , 0.02622222])), ('Again', array([0.26      , 0.07711111, 0.14533333, 0.05555556, 0.03844444,
       0.05644444, 0.06755556, 0.01422222, 0.12977778, 0.15555556])), ('Yes', array([0.09533333, 0.04711111, 0.17244444, 0.07044444, 0.05088889,
       0.04288889, 0.02022222, 0.01466667, 0.32511111, 0.16088889])), ('J', array([0.00755556, 0.00155556, 0.01377778, 0.93555556, 0.006     ,
       0.00577778, 0.00688889, 0.00288889, 0.00844444, 0.01155556])), ('J', array([4.44444444e-04, 0.00000000e+00, 1.11111111e-03, 9.97111111e-01,
       2.22222222e-04, 8.88888889e-04, 2.22222222e-04, 0.00000000e+00,
       0.00000000e+00, 0.00000000e+00])), ('Okay', array([0.15177778, 0.05222222, 0.244     , 0.07222222, 0.05333333,
       0.03866667, 0.04288889, 0.058     , 0.15088889, 0.136     ])), ('Yes', array([0.06155556, 0.19977778, 0.27977778, 0.00133333, 0.04333333,
       0.07711111, 0.17866667, 0.04866667, 0.09444444, 0.01533333])), ('Hello', array([0.05266667, 0.10822222, 0.19377778, 0.01444444, 0.16288889,
       0.09555556, 0.12822222, 0.12022222, 0.10066667, 0.02333333])), ('Hello', array([0.08377778, 0.08533333, 0.37155556, 0.04444444, 0.07177778,
       0.06377778, 0.048     , 0.09244444, 0.1       , 0.03888889])), ('J', array([4.44444444e-04, 2.66666667e-03, 4.00000000e-03, 9.65777778e-01,
       4.44444444e-04, 1.11111111e-03, 1.11111111e-03, 8.88888889e-04,
       1.02222222e-02, 1.33333333e-02])), ('Okay', array([0.11222222, 0.07866667, 0.24622222, 0.02333333, 0.08755556,
       0.09133333, 0.07444444, 0.21444444, 0.04222222, 0.02955556])), ('J', array([0.00622222, 0.00377778, 0.01733333, 0.90533333, 0.00266667,
       0.00155556, 0.00444444, 0.00155556, 0.024     , 0.03311111])), ('J', array([0.00000000e+00, 4.44444444e-04, 1.77777778e-03, 9.91777778e-01,
       6.66666667e-04, 4.44444444e-04, 2.22222222e-04, 6.66666667e-04,
       2.44444444e-03, 1.55555556e-03])), ('Okay', array([0.00666667, 0.18622222, 0.66844444, 0.00644444, 0.02488889,
       0.01822222, 0.03777778, 0.04088889, 0.00755556, 0.00288889])), ('Z', array([0.00000000e+00, 2.22222222e-04, 4.44444444e-04, 6.66666667e-04,
       4.44444444e-04, 6.66666667e-04, 2.22222222e-04, 2.22222222e-04,
       3.55555556e-03, 9.93555556e-01])), ('J', array([3.33333333e-03, 1.33333333e-03, 8.88888889e-03, 9.62666667e-01,
       2.66666667e-03, 6.66666667e-04, 4.22222222e-03, 1.77777778e-03,
       8.66666667e-03, 5.77777778e-03])), ('Wow', array([0.022     , 0.22622222, 0.26111111, 0.00111111, 0.01711111,
       0.054     , 0.17      , 0.128     , 0.11911111, 0.00133333])), ('Hello', array([0.01666667, 0.53933333, 0.25088889, 0.00066667, 0.06      ,
       0.02377778, 0.05      , 0.03866667, 0.01555556, 0.00444444])), ('Hello', array([2.97777778e-02, 1.84222222e-01, 1.78888889e-01, 2.22222222e-04,
       1.33333333e-02, 1.51111111e-02, 2.52444444e-01, 2.43111111e-01,
       8.17777778e-02, 1.11111111e-03])), ('Z', array([0.00000000e+00, 4.44444444e-04, 8.88888889e-04, 2.22222222e-04,
       4.44444444e-04, 4.44444444e-04, 0.00000000e+00, 2.22222222e-04,
       0.00000000e+00, 9.97333333e-01])), ('Z', array([0.00000000e+00, 2.22222222e-04, 1.77777778e-03, 4.44444444e-04,
       8.88888889e-04, 2.22222222e-04, 0.00000000e+00, 4.44444444e-04,
       1.33333333e-03, 9.94666667e-01])), ('Z', array([6.66666667e-04, 4.44444444e-04, 8.88888889e-04, 1.55555556e-03,
       4.44444444e-04, 2.22222222e-04, 0.00000000e+00, 0.00000000e+00,
       3.33333333e-03, 9.92444444e-01])), ('J', array([2.22222222e-03, 4.44444444e-04, 4.22222222e-03, 9.75777778e-01,
       2.88888889e-03, 2.44444444e-03, 8.88888889e-04, 1.55555556e-03,
       5.55555556e-03, 4.00000000e-03])), ('Wow', array([0.01444444, 0.23466667, 0.34577778, 0.004     , 0.07444444,
       0.07377778, 0.08688889, 0.12933333, 0.02355556, 0.01311111])), ('Z', array([4.44444444e-04, 6.66666667e-04, 2.22222222e-03, 2.22222222e-04,
       1.55555556e-03, 2.88888889e-03, 0.00000000e+00, 4.44444444e-04,
       4.00000000e-03, 9.87555556e-01])), ('Bye', array([0.04977778, 0.068     , 0.12222222, 0.01111111, 0.24311111,
       0.24444444, 0.056     , 0.034     , 0.03977778, 0.13155556])), ('J', array([0.00155556, 0.00244444, 0.00511111, 0.96777778, 0.00333333,
       0.00155556, 0.00155556, 0.00177778, 0.01044444, 0.00444444])), ('Z', array([0.00333333, 0.01711111, 0.02044444, 0.00311111, 0.01644444,
       0.02511111, 0.00355556, 0.00333333, 0.02933333, 0.87822222])), ('Z', array([0.006     , 0.00755556, 0.01022222, 0.00377778, 0.01333333,
       0.02088889, 0.00422222, 0.00488889, 0.02377778, 0.90533333])), ('J', array([0.16311111, 0.09444444, 0.18111111, 0.04688889, 0.03088889,
       0.028     , 0.00955556, 0.008     , 0.33111111, 0.10688889])), ('Z', array([0.02777778, 0.01177778, 0.05044444, 0.05155556, 0.02533333,
       0.02355556, 0.00755556, 0.00733333, 0.08222222, 0.71244444])), ('Ready', array([0.036     , 0.08      , 0.17577778, 0.01288889, 0.10911111,
       0.30133333, 0.05577778, 0.05466667, 0.092     , 0.08244444])), ('Hello', array([0.01822222, 0.308     , 0.49511111, 0.00688889, 0.02911111,
       0.02844444, 0.05155556, 0.02355556, 0.01777778, 0.02133333])), ('Z', array([0.00688889, 0.00488889, 0.00933333, 0.006     , 0.00955556,
       0.01377778, 0.00733333, 0.00355556, 0.00688889, 0.93177778])), ('Hello', array([3.55555556e-03, 7.37777778e-02, 7.82000000e-01, 2.22222222e-04,
       1.31111111e-02, 3.00000000e-02, 4.28888889e-02, 5.26666667e-02,
       8.88888889e-04, 8.88888889e-04])), ('Hello', array([0.12444444, 0.02422222, 0.15222222, 0.008     , 0.22933333,
       0.39466667, 0.02422222, 0.006     , 0.03066667, 0.00622222])), ('Wow', array([0.02244444, 0.40622222, 0.12555556, 0.        , 0.00577778,
       0.01177778, 0.10955556, 0.27022222, 0.048     , 0.00044444])), ('Hello', array([0.05511111, 0.07666667, 0.53066667, 0.07911111, 0.03466667,
       0.04311111, 0.05266667, 0.02555556, 0.06111111, 0.04133333])), ('Z', array([0.00000000e+00, 4.44444444e-04, 2.22222222e-04, 4.44444444e-04,
       8.88888889e-04, 1.33333333e-03, 0.00000000e+00, 4.44444444e-04,
       2.66666667e-03, 9.93555556e-01])), ('J', array([4.44444444e-04, 2.44444444e-03, 3.11111111e-03, 9.80000000e-01,
       1.77777778e-03, 1.11111111e-03, 1.11111111e-03, 8.88888889e-04,
       5.55555556e-03, 3.55555556e-03])), ('Why', array([0.02644444, 0.13822222, 0.46044444, 0.01977778, 0.04533333,
       0.03088889, 0.20355556, 0.03933333, 0.02955556, 0.00644444])), ('Hello', array([0.02266667, 0.06533333, 0.18244444, 0.00666667, 0.108     ,
       0.38311111, 0.05133333, 0.04911111, 0.03666667, 0.09466667])), ('J', array([1.55555556e-03, 6.66666667e-04, 3.55555556e-03, 9.87555556e-01,
       0.00000000e+00, 6.66666667e-04, 1.33333333e-03, 0.00000000e+00,
       3.55555556e-03, 1.11111111e-03])), ('Yes', array([0.14533333, 0.08377778, 0.16355556, 0.04511111, 0.12022222,
       0.07333333, 0.068     , 0.09911111, 0.14244444, 0.05911111])), ('Z', array([0.01533333, 0.00533333, 0.03355556, 0.056     , 0.02555556,
       0.01466667, 0.00622222, 0.006     , 0.20355556, 0.63377778])), ('Z', array([0.03177778, 0.01377778, 0.03577778, 0.00555556, 0.02155556,
       0.04333333, 0.01244444, 0.01      , 0.02044444, 0.80533333])), ('Yes', array([0.11555556, 0.06511111, 0.13555556, 0.08377778, 0.10333333,
       0.06155556, 0.03955556, 0.03733333, 0.258     , 0.10022222])), ('Hello', array([0.02888889, 0.12555556, 0.56711111, 0.008     , 0.02422222,
       0.04844444, 0.09377778, 0.06955556, 0.02688889, 0.00755556])), ('J', array([6.66666667e-04, 2.22222222e-04, 2.88888889e-03, 9.86666667e-01,
       8.88888889e-04, 0.00000000e+00, 4.44444444e-04, 0.00000000e+00,
       7.11111111e-03, 1.11111111e-03])), ('Z', array([8.88888889e-04, 1.55555556e-03, 3.33333333e-03, 8.88888889e-04,
       2.00000000e-03, 1.77777778e-03, 8.88888889e-04, 8.88888889e-04,
       4.00000000e-03, 9.83777778e-01])), ('Z', array([2.22222222e-04, 2.22222222e-04, 2.22222222e-04, 2.22222222e-04,
       8.88888889e-04, 2.22222222e-04, 0.00000000e+00, 0.00000000e+00,
       2.22222222e-04, 9.97777778e-01])), ('Z', array([4.44444444e-04, 2.22222222e-04, 8.88888889e-04, 2.22222222e-04,
       6.66666667e-04, 4.44444444e-04, 4.44444444e-04, 0.00000000e+00,
       4.44444444e-04, 9.96222222e-01])), ('Yes', array([0.13266667, 0.05      , 0.14666667, 0.12688889, 0.06333333,
       0.06555556, 0.04466667, 0.05266667, 0.24244444, 0.07511111])), ('Hello', array([4.44444444e-03, 1.25333333e-01, 6.49111111e-01, 4.44444444e-04,
       3.91111111e-02, 7.62222222e-02, 7.86666667e-02, 1.88888889e-02,
       6.00000000e-03, 1.77777778e-03])), ('Bye', array([0.01488889, 0.46955556, 0.38      , 0.00111111, 0.03333333,
       0.03044444, 0.02155556, 0.03911111, 0.00711111, 0.00288889])), ('Hello', array([0.00422222, 0.06155556, 0.88177778, 0.00133333, 0.012     ,
       0.00933333, 0.01933333, 0.00577778, 0.00222222, 0.00244444])), ('Z', array([0., 0., 0., 0., 0., 0., 0., 0., 0., 1.]))]
INFO:root:Couldn't find dynamic-EK.RF-07-05-2024(12-03-32).joblib, so created it.
