INFO:root:About to process dynamic_signs/youtube_final_j_z_nice.csv outputting to trained_models/12-05-2024/dynamic-EK.BCLR-12-05-2024(11-19-21).joblib
INFO:root:training set: Counter({'Z': 310, 'Hello': 250, 'J': 200, 'Bye': 88, 'Ready': 54, 'Yes': 52, 'Why': 52, 'Okay': 39, 'Wow': 38, 'Again': 35})
INFO:root:test set: Counter({'Z': 81, 'Hello': 56, 'J': 49, 'Bye': 26, 'Why': 17, 'Wow': 13, 'Yes': 11, 'Okay': 11, 'Again': 9, 'Ready': 7})
INFO:root:Returning lr model with best hyper parameters
INFO:root:- Search resulted in -
INFO:root:Best Estimator: LogisticRegression(C=590, max_iter=10000, random_state=422)
INFO:root:Best Index: 0
INFO:root:Best Params: {'C': 590}
INFO:root:Best Score: 0.6708800448430494
INFO:root:Returning bclr model with best hyper parameters
INFO:root:- Search resulted in -
INFO:root:Best Estimator: BaggingClassifier(estimator=Pipeline(steps=[('logisticregression',
                                             LogisticRegression(C=590,
                                                                max_iter=10000,
                                                                random_state=422))]),
                  n_estimators=2050)
INFO:root:Best Index: 3
INFO:root:Best Params: {'n_estimators': 2050}
INFO:root:Best Score: 0.6950112107623319
INFO:root:Couldn't find dynamic-EK.BCLR-12-05-2024(11-19-21).joblib, so created it.
INFO:root:Cross val score:
[0.67292225 0.67828418 0.69354839]
INFO:root:Classification Report for training set:
              precision    recall  f1-score   support

       Again       0.26      0.17      0.21        35
         Bye       0.28      0.22      0.25        88
       Hello       0.59      0.71      0.65       250
           J       0.96      0.98      0.97       200
        Okay       0.25      0.21      0.23        39
       Ready       0.76      0.54      0.63        54
         Why       0.19      0.21      0.20        52
         Wow       0.07      0.05      0.06        38
         Yes       0.39      0.33      0.35        52
           Z       0.96      1.00      0.98       310

    accuracy                           0.69      1118
   macro avg       0.47      0.44      0.45      1118
weighted avg       0.68      0.69      0.68      1118

INFO:root:Classification Report for test set:
              precision    recall  f1-score   support

       Again     0.0769    0.1111    0.0909         9
         Bye     0.3500    0.2692    0.3043        26
       Hello     0.5000    0.6250    0.5556        56
           J     1.0000    0.9592    0.9792        49
        Okay     0.0000    0.0000    0.0000        11
       Ready     0.4000    0.2857    0.3333         7
         Why     0.3125    0.2941    0.3030        17
         Wow     0.1250    0.0769    0.0952        13
         Yes     0.2667    0.3636    0.3077        11
           Z     0.9524    0.9877    0.9697        81

    accuracy                         0.6500       280
   macro avg     0.3983    0.3973    0.3939       280
weighted avg     0.6307    0.6500    0.6374       280

INFO:root:Probabilities:
[('Z', array([1.16739927e-11, 3.12489752e-06, 3.92533539e-11, 3.44680930e-27,
       1.82227750e-08, 1.14848832e-17, 1.09909649e-14, 2.64652634e-12,
       5.50944885e-10, 9.99996856e-01])), ('Hello', array([4.24800450e-06, 3.99654844e-03, 9.92830417e-01, 3.27384893e-16,
       2.68452794e-03, 4.73700336e-16, 5.75131403e-12, 4.84254706e-04,
       3.93956487e-09, 2.35091175e-17])), ('Why', array([8.34896891e-01, 2.89763677e-02, 7.29782035e-02, 7.39311846e-05,
       1.11456871e-02, 7.47722266e-04, 3.53957472e-02, 2.73033247e-03,
       1.30526353e-02, 2.48200321e-06])), ('Z', array([2.40555961e-15, 1.34621155e-16, 5.83701695e-18, 7.17601604e-21,
       5.70899461e-15, 1.43683510e-17, 1.57490827e-12, 1.02106324e-13,
       1.43215180e-10, 1.00000000e+00])), ('Yes', array([3.47644399e-07, 3.60006152e-02, 5.65207073e-02, 1.03253204e-01,
       1.99314107e-02, 1.09190246e-01, 3.33600519e-08, 2.42141711e-03,
       2.82368405e-01, 3.90313613e-01])), ('Z', array([1.71357582e-16, 1.28309708e-09, 2.31907387e-16, 2.38315951e-28,
       3.09010081e-19, 1.23926594e-25, 4.03899350e-18, 1.31853709e-18,
       7.44012810e-13, 9.99999999e-01])), ('Why', array([2.87680712e-03, 2.43951055e-01, 3.36929267e-01, 8.36939054e-14,
       4.41768428e-07, 4.63007423e-06, 4.13575145e-01, 2.66164968e-03,
       8.59325441e-07, 1.45208995e-07])), ('Okay', array([2.76758481e-02, 4.47639616e-03, 1.13334527e-01, 6.83406932e-16,
       4.14346001e-02, 1.06307744e-08, 2.93083476e-01, 4.99187759e-01,
       2.08073828e-02, 9.23414567e-12])), ('Bye', array([2.36458559e-02, 5.43944437e-03, 7.90472033e-01, 6.30836654e-11,
       1.15317013e-02, 6.73148446e-02, 5.47867557e-02, 3.92470920e-02,
       7.56227257e-03, 9.77835231e-14])), ('J', array([7.03352843e-12, 3.75018339e-09, 9.03073503e-03, 9.90855866e-01,
       5.81066026e-06, 3.69737835e-18, 1.46706318e-07, 5.50455944e-16,
       1.07437945e-04, 5.95789060e-12])), ('Z', array([7.11390782e-18, 2.57862305e-18, 9.65968745e-13, 3.28866968e-29,
       8.11549053e-21, 2.37030835e-19, 8.67798753e-15, 2.18633074e-14,
       3.16414859e-16, 1.00000000e+00])), ('Hello', array([0.08688884, 0.08225165, 0.0192418 , 0.02089032, 0.15310945,
       0.18889944, 0.06810336, 0.00093021, 0.37100104, 0.0086839 ])), ('Hello', array([5.18634002e-04, 1.48839281e-03, 5.97607930e-01, 1.06302921e-02,
       3.12036366e-02, 1.14197575e-02, 1.01444554e-01, 3.02169644e-03,
       2.42664967e-01, 1.39737993e-07])), ('Why', array([2.46143213e-07, 1.55423165e-01, 2.19600451e-01, 9.98707525e-07,
       1.73575922e-01, 3.48405485e-02, 1.51582179e-02, 3.80348333e-02,
       3.55330632e-01, 8.03498580e-03])), ('Hello', array([4.53512730e-02, 7.54439470e-04, 4.91143419e-01, 3.06778734e-07,
       5.57958930e-02, 2.90588993e-03, 3.92478959e-01, 1.14074460e-02,
       1.62373563e-04, 2.23691650e-17])), ('Hello', array([7.59682514e-01, 1.21731529e-01, 1.04057051e-02, 8.70433233e-02,
       8.45618346e-03, 6.53114609e-07, 1.73059743e-06, 1.71703035e-03,
       4.31189648e-03, 6.64943440e-03])), ('J', array([3.41059656e-29, 6.30976627e-17, 1.58440505e-16, 1.00000000e+00,
       1.38146996e-20, 7.01982899e-25, 1.12013550e-17, 3.64295071e-21,
       2.90941652e-14, 1.73342321e-20])), ('Z', array([1.59747278e-10, 1.47432494e-07, 4.78479617e-12, 1.90842373e-07,
       2.99633134e-10, 5.66766088e-11, 1.37823608e-12, 5.56244883e-12,
       1.90395173e-05, 9.99980622e-01])), ('Hello', array([1.05014139e-03, 2.95141182e-02, 8.58285504e-01, 4.80012457e-05,
       1.87282997e-02, 2.00817909e-05, 7.28509378e-04, 3.27196756e-02,
       5.89056670e-02, 2.23099673e-09])), ('Hello', array([6.94631222e-11, 9.64334765e-05, 9.99731607e-01, 8.28499704e-14,
       1.43614740e-09, 1.44809973e-11, 1.70840512e-04, 1.11760995e-06,
       1.34952667e-14, 4.83079671e-16])), ('Z', array([8.54706940e-11, 1.85990659e-06, 4.98763012e-12, 1.27695627e-25,
       1.36224568e-07, 1.50829037e-18, 1.23764666e-04, 3.97938291e-09,
       2.72516602e-05, 9.99846983e-01])), ('Bye', array([3.98899939e-05, 9.85179394e-01, 7.22877843e-03, 1.26081594e-19,
       1.26723817e-08, 4.52378483e-13, 1.34492009e-07, 4.05838353e-03,
       3.49340698e-03, 8.84632945e-16])), ('Hello', array([3.09200333e-11, 3.40542916e-03, 9.16692399e-01, 9.52169048e-09,
       1.75155289e-02, 2.02595600e-02, 3.21932742e-02, 1.17676524e-03,
       8.75703349e-03, 2.48750216e-16])), ('Z', array([2.65594763e-13, 2.22877516e-07, 1.53507103e-12, 7.69064538e-21,
       4.28630772e-08, 4.25317210e-14, 2.13760341e-09, 1.59504266e-12,
       1.33881310e-13, 9.99999732e-01])), ('J', array([4.34029482e-18, 2.64064996e-27, 1.56162686e-07, 9.99999841e-01,
       4.36458040e-18, 3.57045924e-19, 1.30216044e-15, 7.94696944e-21,
       2.43361936e-09, 9.41154798e-23])), ('Z', array([4.12664658e-11, 3.48767975e-05, 3.05264877e-11, 7.90508009e-28,
       4.49283448e-09, 9.75992649e-21, 4.35867844e-10, 5.43211697e-17,
       1.93345370e-13, 9.99965118e-01])), ('Hello', array([0.03652093, 0.00664518, 0.05801571, 0.00319727, 0.21510476,
       0.00114118, 0.00306817, 0.54210785, 0.13228568, 0.00191328])), ('Why', array([3.52092340e-02, 1.45600654e-01, 9.76743783e-03, 2.40867180e-17,
       6.24467056e-03, 1.21625752e-03, 4.60628700e-01, 6.52027889e-02,
       2.74509573e-01, 1.62068349e-03])), ('Why', array([6.20750025e-06, 9.05157520e-04, 3.30180562e-01, 3.06324371e-15,
       4.30478838e-03, 1.14740769e-03, 6.63398850e-01, 5.70242387e-05,
       3.23976199e-09, 9.27357120e-19])), ('Hello', array([0.05868273, 0.00433794, 0.77179065, 0.00479407, 0.09089741,
       0.00301224, 0.00614651, 0.05805368, 0.00140676, 0.00087802])), ('Bye', array([0.20397677, 0.35704086, 0.15702826, 0.04585521, 0.00481805,
       0.01436504, 0.14371858, 0.00094738, 0.07051088, 0.00173897])), ('Z', array([7.31084366e-23, 6.58577745e-24, 2.50817110e-23, 1.31204725e-24,
       1.11776022e-20, 9.53631394e-26, 4.53083427e-21, 5.73696347e-26,
       7.24651970e-20, 1.00000000e+00])), ('Z', array([1.93720476e-16, 7.72771041e-16, 1.54918194e-15, 1.60912141e-22,
       3.93389357e-22, 9.32225605e-18, 7.06451922e-12, 6.47534922e-18,
       1.95051996e-15, 1.00000000e+00])), ('Hello', array([1.55873037e-12, 1.57571307e-03, 9.97370990e-01, 1.17214600e-12,
       9.92391019e-08, 1.11891454e-09, 1.05319628e-03, 5.80907158e-16,
       2.01229325e-10, 1.05281320e-16])), ('Hello', array([1.38437842e-01, 1.78839869e-02, 1.70100121e-01, 5.29866459e-16,
       6.72190714e-02, 3.80113702e-07, 1.04987877e-01, 3.05520479e-01,
       1.95850243e-01, 5.57599878e-13])), ('Z', array([1.00320372e-10, 4.76593060e-04, 1.81769231e-02, 4.75440212e-24,
       2.31010992e-07, 6.08013180e-10, 5.49020052e-08, 1.98996815e-05,
       4.31212400e-05, 9.81283176e-01])), ('Again', array([3.25532791e-03, 5.84442874e-01, 1.22276223e-01, 1.99545980e-03,
       1.97865286e-02, 8.70105360e-04, 1.14591875e-02, 1.09810198e-01,
       1.46104096e-01, 1.93550948e-11])), ('Hello', array([1.06841743e-08, 4.20896368e-02, 6.49254920e-01, 7.47153388e-02,
       3.37915646e-02, 1.13048672e-12, 4.35726026e-03, 1.90787919e-01,
       4.98835673e-03, 1.49927566e-05])), ('Hello', array([7.63796331e-07, 2.64270011e-05, 4.98458293e-01, 4.29859504e-01,
       3.07627003e-02, 3.19029428e-03, 9.31192932e-03, 4.25898591e-04,
       2.79641903e-02, 1.08716848e-12])), ('Hello', array([4.71528585e-01, 2.91832924e-01, 6.01393737e-02, 2.63060334e-03,
       3.82620045e-03, 6.55128417e-06, 8.13034812e-02, 2.12427995e-02,
       6.74894770e-02, 3.98408775e-09])), ('Wow', array([7.53817034e-03, 4.36778690e-02, 7.86169653e-01, 4.70282516e-11,
       2.01353681e-06, 6.19216011e-03, 5.02670182e-02, 2.98594384e-03,
       1.03165827e-01, 1.34542420e-06])), ('Wow', array([5.01104989e-01, 1.84834558e-02, 2.62818705e-01, 8.85243001e-07,
       8.79358766e-04, 1.34818803e-02, 2.46153897e-02, 1.06289615e-02,
       1.54965470e-01, 1.30209043e-02])), ('Z', array([1.71753804e-15, 8.79300001e-09, 1.16798482e-07, 7.30432586e-23,
       2.12667951e-07, 7.92065850e-16, 7.25795618e-09, 4.12671222e-16,
       2.48680121e-11, 9.99999654e-01])), ('Z', array([2.58801430e-15, 3.23718595e-09, 1.08103040e-11, 3.27444117e-26,
       2.63504833e-11, 5.92184292e-20, 1.97774906e-08, 2.84194697e-12,
       2.18249548e-07, 9.99999759e-01])), ('Z', array([2.12222393e-19, 7.99948553e-13, 1.27647861e-23, 9.22869422e-16,
       2.15265019e-19, 8.88705797e-18, 1.96820792e-20, 9.58983345e-18,
       2.72757262e-14, 1.00000000e+00])), ('Wow', array([3.21795129e-06, 1.49482905e-01, 4.86378416e-01, 1.02772379e-10,
       2.38049807e-02, 4.14773394e-02, 8.60745516e-02, 6.95440243e-02,
       1.43234557e-01, 7.73644379e-09])), ('J', array([2.33265618e-20, 9.64301884e-23, 2.15431713e-05, 9.99978457e-01,
       5.72471087e-15, 2.15250645e-17, 9.39750304e-22, 2.06175827e-28,
       1.18845272e-15, 1.97297335e-21])), ('Bye', array([1.20234687e-02, 1.44363840e-02, 5.24178880e-01, 9.92538810e-21,
       3.32026461e-02, 2.89287327e-01, 6.59441803e-02, 5.94238987e-02,
       1.50321477e-03, 4.19476684e-12])), ('Z', array([3.20082234e-08, 1.50067366e-05, 2.08423324e-06, 3.95134835e-10,
       2.30688765e-06, 6.13044471e-11, 9.03879028e-11, 5.78662502e-07,
       1.12431670e-03, 9.98855674e-01])), ('Hello', array([5.81904506e-08, 5.30842935e-01, 1.14685653e-01, 1.05515589e-11,
       3.24042143e-03, 8.09137574e-03, 3.28875757e-01, 5.88500875e-04,
       1.36752978e-02, 2.43064957e-10])), ('Z', array([1.07623792e-18, 2.63123376e-15, 4.58924407e-13, 1.21708698e-25,
       2.28083745e-25, 6.79785129e-20, 3.30334229e-18, 2.01670295e-17,
       1.52447531e-13, 1.00000000e+00])), ('Z', array([8.84418046e-11, 3.89952004e-05, 1.89280301e-02, 2.01289159e-17,
       4.96408594e-09, 2.49692946e-08, 2.59133988e-09, 9.14580305e-11,
       3.13705694e-12, 9.81032942e-01])), ('J', array([7.64506018e-12, 4.54325181e-06, 1.47856649e-05, 9.99633195e-01,
       3.43167375e-04, 1.05447007e-14, 9.90530090e-15, 1.97935930e-15,
       4.30790342e-06, 1.07727117e-09])), ('Why', array([2.67611714e-02, 3.56855524e-02, 5.31187403e-01, 6.10464553e-05,
       1.06058546e-07, 4.86366696e-04, 3.63906399e-01, 2.44140431e-03,
       3.93693249e-02, 1.01225540e-04])), ('Bye', array([1.42373840e-03, 1.70421122e-03, 7.04387364e-01, 4.13795170e-14,
       1.33266369e-01, 1.24777652e-01, 1.60817671e-02, 1.44846433e-06,
       1.83574500e-02, 5.96295964e-18])), ('Hello', array([8.69947172e-05, 2.76321906e-01, 7.15019592e-01, 3.27787562e-11,
       6.71816210e-04, 8.32507312e-04, 6.06735669e-03, 6.20430875e-04,
       3.79396212e-04, 1.31037562e-11])), ('Z', array([1.02164062e-17, 3.57158413e-05, 9.35778570e-04, 1.03719896e-28,
       1.42397788e-10, 5.36040280e-19, 2.56209230e-12, 7.69443691e-15,
       5.31404171e-08, 9.99028452e-01])), ('Z', array([4.30696450e-22, 2.04295695e-17, 1.34619183e-12, 6.15533472e-21,
       4.54084915e-21, 4.54446257e-15, 2.60098817e-16, 9.05981418e-19,
       1.18733773e-20, 1.00000000e+00])), ('Z', array([5.83141411e-19, 6.51633450e-04, 3.76403007e-07, 9.17496304e-10,
       1.43739710e-17, 1.00575435e-07, 6.61728361e-14, 4.29821586e-08,
       2.80936924e-04, 9.99066909e-01])), ('Why', array([1.14476209e-01, 8.23112775e-01, 5.41980591e-03, 4.90752077e-08,
       5.31171622e-03, 2.90827263e-08, 2.54414972e-02, 2.72926431e-03,
       1.01395902e-03, 2.24946946e-02])), ('Bye', array([6.58852978e-05, 1.71914828e-01, 5.73955109e-01, 6.56486294e-11,
       1.42766670e-02, 3.39576473e-03, 2.10255141e-01, 1.96251782e-02,
       6.51142735e-03, 3.59434150e-12])), ('Why', array([2.77511532e-02, 3.67889585e-02, 2.47509372e-01, 1.39726219e-14,
       2.92347626e-03, 1.36283403e-08, 4.14955418e-01, 9.31145037e-03,
       1.90204010e-04, 2.60569953e-01])), ('Hello', array([5.79976553e-10, 3.39007416e-05, 9.98989842e-01, 9.74155400e-04,
       1.45974854e-06, 1.29549192e-07, 6.38439167e-08, 1.06417106e-07,
       3.69606757e-13, 3.42170936e-07])), ('Okay', array([3.53070692e-03, 2.13450285e-03, 5.13507856e-02, 6.60569700e-22,
       4.23869858e-01, 3.02520739e-02, 4.82622013e-01, 1.10395099e-03,
       5.13610816e-03, 1.06991598e-09])), ('Z', array([2.83579197e-13, 3.35763342e-13, 7.67466185e-08, 1.37957903e-26,
       3.76065434e-16, 1.18856582e-14, 1.57640815e-11, 1.31243696e-15,
       1.41688284e-13, 9.99999923e-01])), ('Bye', array([1.17425853e-03, 3.32231383e-01, 3.64543985e-01, 1.61760772e-03,
       1.40698911e-02, 1.56403865e-05, 2.04706701e-02, 9.71092073e-06,
       2.65833513e-01, 3.33402779e-05])), ('Z', array([8.50181390e-13, 2.26085941e-09, 6.42341519e-06, 1.01171051e-16,
       3.41643292e-12, 2.62443240e-14, 1.26998531e-09, 1.42427219e-09,
       3.21387864e-10, 9.99993571e-01])), ('J', array([9.36167323e-04, 2.46224853e-08, 5.28248362e-02, 9.43542356e-01,
       1.04176123e-07, 2.09595064e-10, 1.10563474e-11, 6.78224798e-16,
       9.91928343e-04, 1.70458266e-03])), ('Z', array([2.52118039e-19, 1.41269415e-19, 6.33052347e-18, 6.07732835e-21,
       2.29978649e-17, 1.76645299e-20, 4.68311034e-20, 4.75031719e-21,
       1.43676803e-13, 1.00000000e+00])), ('Bye', array([5.02070425e-01, 1.24749264e-10, 2.30836773e-01, 1.34741000e-17,
       2.55328060e-02, 1.06714311e-01, 7.77380190e-04, 1.20958759e-01,
       1.31095461e-02, 4.60379217e-23])), ('Z', array([1.29066630e-19, 2.08139121e-14, 1.23693101e-18, 1.94213812e-14,
       1.16414520e-17, 3.19744923e-13, 6.14495209e-20, 4.82612121e-20,
       1.98424335e-13, 1.00000000e+00])), ('Z', array([7.81432546e-17, 3.47578979e-16, 1.53235338e-20, 3.01926936e-22,
       2.60662525e-21, 3.94095059e-20, 4.42780301e-13, 2.37377202e-16,
       4.28607654e-18, 1.00000000e+00])), ('Z', array([2.52585480e-12, 3.63204368e-15, 6.51671584e-18, 3.32249077e-25,
       1.03286206e-16, 3.94108794e-24, 3.22741538e-25, 1.04516389e-20,
       7.64932035e-07, 9.99999235e-01])), ('Bye', array([4.05380542e-02, 4.24581180e-01, 9.40572512e-02, 8.40626715e-07,
       3.67998181e-01, 2.59604088e-02, 2.46787807e-02, 2.05200931e-02,
       7.10133280e-04, 9.55077288e-04])), ('Yes', array([4.63833772e-02, 7.05355827e-03, 7.84024400e-01, 9.18868079e-04,
       3.15881629e-02, 9.10851875e-04, 3.84896392e-02, 1.18148718e-02,
       7.88162562e-02, 1.47654938e-08])), ('Why', array([4.37302481e-03, 8.06603045e-01, 1.29233090e-01, 1.90334256e-09,
       1.58865914e-03, 3.46306580e-03, 3.02396870e-02, 2.29399679e-02,
       1.55945842e-03, 1.13908356e-11])), ('Again', array([7.75697796e-01, 6.56337417e-02, 9.89622796e-02, 4.59826666e-04,
       2.01117072e-02, 2.86578049e-02, 1.81068993e-06, 9.18012019e-03,
       1.26299547e-03, 3.19172238e-05])), ('J', array([2.35187794e-20, 7.77948291e-20, 1.23632303e-10, 1.00000000e+00,
       3.04879679e-18, 6.92578095e-24, 1.05178328e-19, 2.98345770e-20,
       5.38254094e-12, 2.13183363e-21])), ('Okay', array([4.88520937e-03, 2.56487785e-02, 2.69697898e-02, 1.18406951e-25,
       1.33292966e-02, 1.51660133e-07, 7.17341410e-01, 2.10337820e-01,
       1.48754396e-03, 3.57881255e-10])), ('J', array([5.44911989e-26, 9.79648632e-16, 3.67590335e-05, 9.99963237e-01,
       3.75812870e-13, 2.46752419e-17, 2.86157528e-09, 3.18123134e-19,
       6.70912031e-10, 1.04481122e-13])), ('Ready', array([9.99440209e-03, 1.88231778e-02, 9.96161932e-02, 1.51671210e-14,
       4.89079535e-04, 1.36400997e-03, 1.74876913e-04, 2.72566297e-03,
       4.13352064e-01, 4.53460533e-01])), ('Hello', array([8.38723730e-09, 2.37151294e-02, 8.39517025e-01, 5.05026363e-10,
       6.15169351e-06, 1.75373173e-03, 8.84199864e-02, 4.59698151e-02,
       6.18097087e-04, 5.48041987e-08])), ('Bye', array([1.30330774e-09, 2.50853337e-02, 8.75218407e-01, 7.30229764e-09,
       7.05444049e-02, 9.92398631e-03, 7.47962159e-05, 3.29483249e-03,
       1.54764665e-02, 3.81764193e-04])), ('Z', array([1.68692376e-20, 1.07296127e-10, 1.48370158e-08, 5.13294749e-28,
       5.56198955e-12, 5.37766256e-18, 7.20049089e-13, 6.13807808e-18,
       1.03544372e-06, 9.99998950e-01])), ('Bye', array([9.85594407e-06, 1.47778096e-01, 2.74639403e-01, 1.67467037e-10,
       1.12025093e-01, 1.96759739e-06, 6.36733183e-03, 2.60214956e-02,
       4.33156757e-01, 1.94221164e-12])), ('Bye', array([1.79323445e-02, 4.68438475e-01, 4.25056086e-02, 3.25687628e-08,
       5.61117214e-04, 1.55109880e-01, 3.14070104e-01, 3.21803926e-04,
       1.01236284e-03, 4.82704705e-05])), ('J', array([5.35887604e-13, 2.43198585e-10, 2.55555533e-04, 1.72299466e-01,
       2.82174781e-05, 5.54396873e-15, 2.28106656e-09, 8.59359382e-11,
       7.16539977e-02, 7.55762761e-01])), ('J', array([4.02040552e-18, 3.39349866e-23, 1.89082507e-11, 1.00000000e+00,
       1.28182248e-13, 1.85630985e-27, 4.96019620e-24, 5.14582011e-25,
       4.85483478e-11, 2.41216666e-25])), ('Z', array([8.97090453e-14, 1.86857575e-11, 6.37162772e-08, 1.52952392e-24,
       3.19501453e-17, 6.86197726e-22, 8.31257446e-17, 1.85559818e-14,
       1.89800931e-09, 9.99999934e-01])), ('Ready', array([4.65301813e-04, 1.11211958e-01, 3.22676648e-03, 4.05184445e-16,
       6.85250589e-02, 7.07429902e-01, 3.75728094e-02, 4.92090642e-02,
       2.18489186e-02, 5.10220344e-04])), ('J', array([3.16291312e-21, 9.76942243e-25, 8.34621239e-15, 1.00000000e+00,
       8.19373309e-18, 2.06452129e-27, 8.46331095e-29, 1.55206111e-29,
       4.50828806e-15, 1.44069357e-29])), ('Again', array([5.98211457e-02, 6.99918371e-02, 6.52327618e-01, 1.61683566e-13,
       7.81233164e-03, 4.83283522e-04, 2.42292431e-02, 5.36046388e-02,
       1.26037900e-01, 5.69200183e-03])), ('Z', array([5.24112750e-16, 9.85552151e-13, 9.98519334e-16, 4.17239710e-21,
       4.07431564e-14, 3.96134596e-13, 1.63196945e-14, 6.84793343e-11,
       3.63419054e-04, 9.99636581e-01])), ('Hello', array([2.57112254e-05, 2.80419076e-01, 5.83270267e-01, 1.40630102e-08,
       1.41094210e-04, 3.03183125e-02, 4.28319388e-02, 1.32162809e-02,
       4.97752844e-02, 2.02072789e-06])), ('Z', array([8.46376521e-13, 6.11425993e-10, 1.05368869e-19, 2.03286485e-14,
       4.47316437e-10, 1.16929363e-20, 9.47608965e-16, 4.27833264e-13,
       1.25488726e-13, 9.99999999e-01])), ('J', array([1.26232422e-22, 1.28617489e-16, 8.03250906e-11, 9.99989640e-01,
       1.02685150e-16, 2.85088408e-18, 1.86396848e-13, 3.83188731e-25,
       1.03598596e-05, 1.04074794e-20])), ('Z', array([1.22207689e-32, 1.11767510e-08, 1.74218682e-12, 1.99354947e-22,
       1.54327289e-15, 1.47397498e-20, 3.73052638e-14, 1.64359619e-19,
       1.34678458e-11, 9.99999989e-01])), ('Z', array([4.44887899e-19, 4.54911705e-19, 1.83806306e-23, 2.28895308e-15,
       1.36473199e-21, 4.19481489e-20, 1.75294015e-16, 1.26294733e-21,
       7.04346096e-16, 1.00000000e+00])), ('Why', array([1.49526941e-03, 3.15300914e-02, 2.10368976e-01, 1.34269057e-18,
       2.03450679e-05, 5.79424863e-06, 7.49344994e-01, 4.52890831e-03,
       2.70562151e-03, 1.57535746e-12])), ('Hello', array([3.28712596e-07, 1.05869302e-02, 9.82288742e-01, 4.21726211e-13,
       2.31796605e-06, 7.19298107e-05, 3.12614714e-03, 4.77240537e-06,
       3.91883145e-03, 3.89530226e-11])), ('Z', array([7.19553764e-19, 5.55207233e-14, 2.50722258e-16, 4.12483658e-15,
       1.53730332e-16, 1.35690825e-15, 1.85445267e-12, 4.41692730e-19,
       1.72932465e-11, 1.00000000e+00])), ('Hello', array([0.00641165, 0.0407494 , 0.67233278, 0.01162533, 0.00303991,
       0.00426341, 0.13529545, 0.11713388, 0.00732621, 0.001822  ])), ('Z', array([1.07074567e-20, 3.63921409e-16, 5.28980790e-20, 3.77356849e-28,
       1.41328811e-18, 3.56004110e-17, 1.10604298e-18, 9.35922999e-16,
       4.83343245e-14, 1.00000000e+00])), ('Z', array([1.69994624e-19, 2.07553036e-07, 1.43388858e-13, 2.04961790e-30,
       4.61314554e-15, 2.32519142e-26, 6.80494624e-21, 5.83324350e-15,
       1.72199915e-13, 9.99999792e-01])), ('J', array([8.02474545e-23, 9.10323571e-27, 3.10453389e-17, 1.00000000e+00,
       2.06137709e-23, 7.91175444e-27, 4.09582958e-24, 1.39237832e-32,
       2.46715480e-17, 5.78181618e-27])), ('Z', array([3.12399010e-14, 6.05768077e-05, 1.30451807e-09, 2.90043233e-28,
       3.38696086e-17, 4.45613701e-17, 2.44538505e-14, 4.86410094e-16,
       5.70783622e-14, 9.99939422e-01])), ('Bye', array([1.32374545e-02, 7.21963075e-01, 2.02848941e-01, 1.03403554e-07,
       3.75389620e-05, 2.93164978e-06, 2.02090951e-02, 3.36216351e-02,
       8.06583536e-03, 1.33900650e-05])), ('Hello', array([5.63714137e-12, 2.46656253e-01, 1.42086773e-01, 1.88292303e-02,
       9.52838270e-02, 1.04288006e-01, 9.22876339e-02, 2.60496036e-03,
       2.97731812e-01, 2.31504463e-04])), ('Bye', array([7.65215485e-06, 2.30238405e-02, 8.66834035e-01, 2.21432233e-03,
       6.37606464e-04, 1.72351953e-02, 2.35535757e-03, 5.64175007e-02,
       3.42048702e-03, 2.78540030e-02])), ('Hello', array([3.51619467e-02, 4.74958847e-01, 3.98733825e-01, 4.65972063e-20,
       2.15887198e-03, 9.72523733e-04, 4.72668753e-02, 1.77501518e-02,
       2.25673393e-02, 4.29619918e-04])), ('Z', array([1.63880845e-05, 4.28924339e-11, 2.02458212e-10, 2.17842721e-14,
       1.90020047e-09, 7.96884128e-05, 2.95893662e-02, 2.96735445e-03,
       2.76636916e-05, 9.67319537e-01])), ('Z', array([2.68746597e-19, 3.51676297e-08, 2.43393939e-09, 3.28433980e-30,
       1.67456038e-12, 1.49644037e-19, 3.65004674e-10, 1.18738249e-15,
       8.85806787e-12, 9.99999962e-01])), ('Hello', array([4.91700363e-02, 4.03462599e-02, 5.01986612e-01, 3.35849549e-12,
       8.62733705e-03, 1.08538782e-01, 9.19712875e-03, 1.88764508e-01,
       9.33693175e-02, 1.78648451e-08])), ('Ready', array([5.27432874e-08, 2.68958643e-09, 2.75045076e-03, 4.99048613e-21,
       4.53382250e-04, 9.14431522e-01, 1.10845523e-03, 7.99125012e-02,
       1.23171568e-03, 1.11917507e-04])), ('Z', array([2.76619088e-13, 1.52757853e-08, 3.61249136e-12, 1.25710320e-13,
       1.02559404e-11, 5.65186603e-15, 4.06750921e-17, 1.13849813e-16,
       3.20037454e-11, 9.99999985e-01])), ('Hello', array([6.14474355e-03, 1.69525822e-03, 9.48373921e-01, 8.24069776e-10,
       3.76851380e-07, 4.29623590e-07, 1.44208599e-03, 4.81926502e-03,
       3.73453202e-02, 1.78598618e-04])), ('Hello', array([9.28547743e-03, 3.69922197e-02, 9.20169019e-01, 1.47918066e-05,
       5.11602445e-03, 1.20247393e-03, 2.20505290e-02, 3.42796705e-04,
       1.20256707e-03, 3.62410083e-03])), ('Wow', array([5.02178278e-01, 6.76940308e-03, 3.04699859e-01, 2.79574445e-19,
       2.31660867e-03, 6.01801535e-03, 1.88571913e-03, 1.76020425e-01,
       1.11691327e-04, 4.15265012e-15])), ('Hello', array([9.79420165e-02, 8.00083294e-02, 4.94836394e-01, 2.37443377e-11,
       5.93358763e-04, 1.18447547e-02, 7.34317294e-02, 2.33772053e-01,
       7.57135398e-03, 1.01988316e-08])), ('Yes', array([3.48769948e-03, 3.37368144e-03, 1.58824755e-01, 1.25525417e-10,
       3.03070898e-01, 2.72804355e-02, 1.80311927e-02, 6.74953526e-02,
       4.15685092e-01, 2.75089338e-03])), ('Bye', array([4.19372276e-03, 1.27647455e-01, 8.16375309e-01, 1.37944492e-02,
       5.90468553e-04, 2.56218904e-05, 1.05413383e-02, 5.07014016e-03,
       2.16294428e-02, 1.32052555e-04])), ('Why', array([4.08841944e-02, 8.64406264e-02, 6.29142333e-01, 1.68961006e-09,
       5.42983354e-02, 1.12983679e-02, 1.52611756e-01, 2.53227251e-02,
       1.65994575e-06, 2.14698341e-13])), ('Hello', array([1.13357427e-09, 1.81263095e-01, 4.26269748e-01, 1.70562342e-01,
       9.76850922e-04, 5.80548360e-02, 5.46084238e-03, 1.28171476e-01,
       2.50403558e-02, 4.20045312e-03])), ('Hello', array([6.48276473e-04, 1.28886900e-01, 7.55045423e-01, 1.18634792e-04,
       8.24727745e-02, 2.55100445e-02, 2.57670647e-04, 4.55198291e-03,
       1.24610390e-03, 1.26218975e-03])), ('J', array([1.84258039e-18, 8.15434906e-15, 2.08344875e-19, 9.99999998e-01,
       2.41626075e-09, 8.71876523e-25, 8.33792628e-18, 5.20991539e-17,
       6.43436538e-11, 6.68163556e-22])), ('Z', array([1.37328441e-18, 3.97710826e-11, 1.56696369e-11, 2.13259987e-31,
       2.07090930e-12, 3.33618063e-24, 2.04396867e-14, 1.16264062e-18,
       5.96695448e-17, 1.00000000e+00])), ('J', array([2.17936823e-17, 1.83157835e-21, 1.01546709e-09, 9.99999999e-01,
       6.33900093e-19, 6.06512903e-19, 8.50241852e-24, 9.54934526e-28,
       2.43851697e-11, 2.26149290e-22])), ('J', array([1.11381928e-13, 1.77920882e-15, 1.28101703e-11, 1.00000000e+00,
       5.07806003e-11, 5.57748366e-26, 3.19675899e-15, 3.31784046e-20,
       5.10518403e-12, 1.23562308e-17])), ('Yes', array([3.54717235e-03, 2.36470282e-03, 2.68477840e-01, 3.95477572e-21,
       1.92736508e-03, 1.44341582e-08, 5.43321409e-01, 1.72487253e-01,
       7.87424432e-03, 3.61950022e-12])), ('Why', array([8.20929585e-02, 4.17277874e-01, 8.55327989e-02, 2.59093855e-09,
       1.62757093e-02, 2.85505049e-11, 3.06637652e-01, 1.85600276e-02,
       7.31578882e-02, 4.65088799e-04])), ('Z', array([1.05093554e-12, 2.23369283e-12, 6.29251543e-17, 3.04550221e-21,
       4.41075382e-17, 3.33171263e-18, 4.91703218e-17, 7.30576843e-18,
       1.59474908e-15, 1.00000000e+00])), ('J', array([5.63545905e-15, 1.65325012e-21, 1.46414853e-03, 9.98535843e-01,
       4.96360933e-17, 3.67513893e-14, 1.33790982e-17, 1.27643422e-21,
       8.71301528e-09, 3.31490772e-21])), ('Wow', array([9.16274886e-04, 9.19803245e-02, 4.37837263e-02, 6.47545944e-09,
       4.43254500e-02, 2.76903447e-03, 6.47086532e-01, 7.70157631e-02,
       3.38362237e-02, 5.82866649e-02])), ('Why', array([2.33610000e-04, 1.04489993e-01, 3.83554369e-06, 8.84440220e-09,
       2.32541862e-02, 1.40189690e-01, 4.28951910e-02, 2.50690428e-01,
       4.38237393e-01, 5.66342902e-06])), ('Again', array([3.83437263e-02, 4.37118955e-04, 7.61288593e-01, 2.18575335e-06,
       1.81404865e-01, 1.59796956e-05, 1.01003087e-03, 9.61552578e-03,
       7.88151105e-03, 4.63529309e-07])), ('Z', array([1.43351610e-13, 1.09075825e-12, 8.51477989e-13, 5.81014950e-27,
       5.20613748e-10, 3.12781589e-22, 9.70576385e-14, 3.42746658e-14,
       5.50430448e-10, 9.99999999e-01])), ('Bye', array([5.26844806e-02, 4.30757473e-01, 1.88153660e-01, 1.61913589e-13,
       3.79198711e-02, 4.60249343e-02, 4.96223139e-03, 3.03533251e-03,
       2.35957141e-01, 5.04876206e-04])), ('Again', array([1.27460078e-01, 2.00511744e-04, 8.12099694e-01, 8.66312003e-18,
       1.81952156e-03, 1.03935908e-05, 1.79931117e-02, 3.94522638e-02,
       9.64425468e-04, 2.96199475e-10])), ('Z', array([1.44707059e-14, 9.34955838e-12, 4.73946192e-16, 1.52814902e-09,
       4.29725744e-16, 6.49094451e-14, 1.69892611e-14, 1.57997250e-18,
       4.57661289e-09, 9.99999994e-01])), ('Wow', array([6.19789816e-02, 1.73387283e-02, 6.37992898e-01, 6.31892084e-04,
       6.10131429e-03, 1.78059041e-01, 2.53287241e-03, 9.13516209e-02,
       4.01265140e-03, 1.28174300e-14])), ('Z', array([5.33033739e-18, 4.30641644e-18, 1.78384566e-19, 6.66574668e-22,
       2.34254840e-19, 9.74565866e-17, 3.33483874e-16, 7.23072168e-18,
       6.59357098e-18, 1.00000000e+00])), ('Z', array([4.47958284e-19, 5.84611261e-11, 6.30356483e-09, 6.76873682e-35,
       2.07664332e-11, 4.25529865e-25, 9.17047382e-17, 1.05653854e-15,
       1.03487975e-17, 9.99999994e-01])), ('Z', array([5.79196665e-28, 6.84638763e-19, 2.10113487e-26, 7.92687081e-24,
       1.24924075e-20, 8.69367536e-22, 4.06250324e-26, 1.02421862e-22,
       4.79553168e-14, 1.00000000e+00])), ('Z', array([1.33535076e-17, 3.54699657e-08, 1.78453449e-17, 2.30574973e-24,
       4.67007718e-16, 2.52924839e-17, 9.50814321e-17, 3.96456832e-18,
       4.28302640e-13, 9.99999965e-01])), ('Hello', array([4.72977381e-08, 8.48034952e-04, 9.97985022e-01, 1.55638541e-12,
       9.56387963e-04, 2.06274081e-07, 1.72649259e-04, 3.76525385e-05,
       4.61004935e-13, 2.40287424e-18])), ('Z', array([4.74846885e-28, 5.92861190e-04, 4.97843228e-15, 1.27081327e-33,
       2.31392952e-22, 1.18357889e-26, 8.96775955e-22, 9.06069957e-22,
       7.70215836e-15, 9.99407139e-01])), ('Okay', array([7.47735128e-05, 1.43494707e-01, 4.08182740e-01, 2.42314320e-14,
       1.97271500e-01, 1.25704886e-02, 5.93404563e-03, 2.25718790e-01,
       6.75262387e-03, 3.31791594e-07])), ('Z', array([1.04917466e-09, 7.39895906e-04, 1.20611057e-06, 1.64218020e-15,
       1.38353166e-14, 2.38707214e-14, 1.05003067e-03, 4.15431405e-11,
       5.35079273e-04, 9.97673787e-01])), ('Bye', array([1.74685832e-01, 8.15187042e-02, 4.87383644e-02, 5.14719184e-06,
       1.25762458e-01, 4.83337895e-04, 2.13677483e-01, 2.47884419e-02,
       3.29120387e-01, 1.21984408e-03])), ('Z', array([2.05990021e-11, 2.59149806e-09, 4.13626215e-03, 2.29662727e-27,
       6.79671665e-11, 1.48770095e-15, 3.24732528e-11, 2.19249350e-08,
       1.02623639e-04, 9.95761090e-01])), ('Yes', array([1.17962353e-09, 4.87324213e-05, 1.03472394e-01, 5.45852690e-03,
       4.88758121e-02, 7.20500742e-03, 5.47294359e-09, 5.63401432e-08,
       8.33394095e-01, 1.54536955e-03])), ('Hello', array([9.09718198e-03, 7.88852935e-02, 8.69094147e-01, 2.40389236e-09,
       1.46809728e-02, 1.73018279e-07, 6.57927792e-03, 1.65769430e-02,
       5.08575728e-03, 2.50819695e-07])), ('J', array([8.39898323e-20, 1.98226548e-18, 1.48221431e-11, 9.99979824e-01,
       1.11428238e-13, 4.38985098e-20, 1.31907672e-17, 3.99609168e-20,
       2.01760455e-05, 5.83150358e-21])), ('Ready', array([1.40299120e-04, 8.89344778e-02, 8.43014694e-01, 2.26357554e-14,
       2.56226497e-03, 5.02912955e-02, 9.17705653e-03, 2.57453161e-05,
       3.14910524e-03, 2.70506133e-03])), ('Okay', array([8.63755216e-02, 1.19897531e-02, 6.66316452e-01, 1.67091277e-07,
       1.25855250e-01, 1.19435807e-06, 7.09087814e-02, 7.12331824e-03,
       3.14295618e-02, 2.08639268e-10])), ('J', array([6.72082149e-12, 7.80137301e-19, 1.20424966e-04, 9.99619449e-01,
       8.71118855e-06, 4.09937835e-15, 8.70592085e-09, 1.87183979e-14,
       2.51406441e-04, 4.70517350e-18])), ('J', array([3.94595592e-14, 6.31193453e-14, 9.35130264e-07, 9.94726923e-01,
       1.08147879e-09, 8.55524950e-15, 7.07723502e-07, 3.55601894e-16,
       5.27143334e-03, 8.35586952e-11])), ('J', array([1.46572383e-10, 3.51941345e-12, 3.41399161e-04, 9.98550923e-01,
       6.31035182e-08, 5.27928217e-15, 3.14420152e-16, 1.17107540e-15,
       1.10761432e-03, 5.59628903e-20])), ('Z', array([2.29727855e-01, 4.80374801e-02, 4.14262527e-02, 1.14005481e-21,
       3.80594958e-03, 3.50491179e-06, 3.17772186e-01, 3.48983770e-01,
       1.02424571e-02, 5.44385331e-07])), ('Yes', array([8.53501123e-03, 6.80697012e-02, 1.85961940e-03, 5.23336512e-12,
       1.40773217e-03, 5.31320967e-05, 6.43417317e-02, 1.54384496e-02,
       5.45705811e-01, 2.94588812e-01])), ('Bye', array([5.47881086e-02, 3.62089158e-01, 5.36375533e-01, 2.72290368e-03,
       8.90409335e-04, 2.19703437e-02, 1.70100452e-02, 4.96341424e-07,
       4.15300132e-03, 6.52066267e-10])), ('J', array([1.00075144e-19, 3.24638139e-21, 1.58723949e-11, 9.99999999e-01,
       2.59009344e-15, 6.04466107e-24, 1.55120988e-24, 2.68171719e-27,
       5.45512757e-10, 3.15141341e-21])), ('Okay', array([4.84276461e-03, 9.74449804e-02, 2.20830369e-01, 2.16923270e-20,
       1.05960316e-04, 2.69723393e-02, 3.50556083e-01, 2.23862080e-01,
       4.05628365e-02, 3.48225864e-02])), ('J', array([2.06347614e-14, 2.16365808e-04, 9.40406167e-04, 9.04836083e-01,
       6.68354637e-07, 4.69586649e-16, 1.94334597e-20, 4.58142403e-20,
       1.51524555e-03, 9.24912315e-02])), ('Hello', array([2.94163613e-01, 1.44271088e-02, 1.26825908e-01, 3.40160413e-05,
       1.14810132e-01, 2.69894822e-02, 2.58846298e-02, 3.52618121e-01,
       4.42449726e-02, 2.01589299e-06])), ('J', array([3.43856214e-17, 6.44308687e-25, 5.14439604e-06, 9.99994856e-01,
       5.00648995e-15, 3.10748041e-20, 5.58919058e-21, 2.68042333e-24,
       1.44122794e-12, 6.05021332e-24])), ('Z', array([5.34858241e-12, 2.58774070e-13, 2.60994723e-07, 8.17471190e-11,
       6.64337685e-06, 3.32147719e-10, 1.30629527e-12, 5.29865695e-13,
       1.02557036e-04, 9.99890538e-01])), ('Z', array([1.00813445e-20, 2.28672910e-19, 3.93450293e-20, 3.62056907e-12,
       3.79799756e-11, 8.37592913e-19, 1.02136906e-17, 4.18219684e-15,
       2.55844033e-11, 1.00000000e+00])), ('Z', array([4.14009681e-04, 3.59092857e-03, 8.24378235e-07, 8.84253051e-17,
       2.07683553e-06, 4.81185387e-04, 4.33643617e-04, 3.02137413e-09,
       7.81982603e-10, 9.95077328e-01])), ('Ready', array([0.00751053, 0.0068546 , 0.15798907, 0.29295527, 0.02112127,
       0.00225278, 0.11322762, 0.00868815, 0.35077582, 0.0386249 ])), ('Hello', array([4.33293763e-10, 2.18433983e-04, 9.98867009e-01, 1.94003499e-11,
       1.18234925e-05, 3.97126022e-11, 9.02534146e-04, 1.98536252e-07,
       7.39261151e-10, 8.70383392e-15])), ('Hello', array([1.05343919e-04, 3.87433118e-01, 5.68155188e-01, 1.62832872e-09,
       3.93555228e-03, 6.59699080e-03, 2.32799010e-02, 3.34240390e-03,
       7.15148279e-03, 1.73280200e-08])), ('J', array([1.13308954e-23, 2.70478364e-17, 3.08764182e-17, 1.00000000e+00,
       8.08246332e-17, 6.86327838e-23, 9.66512345e-11, 8.79830808e-15,
       5.55210658e-11, 2.15939137e-13])), ('Hello', array([9.62464305e-01, 7.85777707e-07, 3.07715189e-02, 1.01893581e-06,
       6.51175367e-06, 1.65193071e-03, 1.83729598e-05, 5.05491657e-03,
       3.06373454e-05, 2.19564358e-09])), ('Again', array([9.88578420e-02, 2.13537840e-02, 1.08523179e-02, 1.33520789e-03,
       5.00908828e-02, 3.07534694e-03, 2.54293075e-01, 4.52299914e-01,
       1.07841629e-01, 1.51973371e-12])), ('Bye', array([2.95369313e-03, 1.00010443e-02, 2.62368311e-02, 7.32225713e-08,
       8.68146762e-01, 1.38934811e-04, 6.25198761e-04, 3.80144723e-02,
       5.37382371e-02, 1.44753265e-04])), ('Bye', array([2.95222207e-03, 3.77182840e-02, 8.51074716e-01, 1.23842192e-16,
       2.88068006e-02, 4.01777793e-02, 7.47721786e-03, 3.95307354e-03,
       2.78398590e-02, 4.77569692e-08])), ('Z', array([1.16409906e-18, 1.05051781e-17, 2.41864707e-16, 2.12795613e-26,
       3.86397161e-15, 1.40355015e-19, 4.55310607e-16, 6.40396942e-16,
       1.85321075e-16, 1.00000000e+00])), ('Ready', array([1.52802867e-12, 1.88708625e-02, 8.66155496e-01, 2.38123465e-20,
       1.70072096e-03, 2.86297078e-02, 8.52197563e-03, 7.52913109e-02,
       8.29925924e-04, 9.29820077e-15])), ('Hello', array([1.18555109e-03, 6.21831091e-02, 1.73572988e-01, 5.16792330e-02,
       1.26307625e-02, 2.02562414e-02, 3.75085646e-02, 1.53572389e-05,
       6.39499898e-01, 1.46829449e-03])), ('Okay', array([3.09212777e-01, 6.63562131e-02, 3.10518728e-01, 5.28220067e-05,
       2.05617584e-01, 1.53711342e-02, 4.21627052e-02, 6.62415786e-03,
       4.40651878e-02, 1.86905347e-05])), ('J', array([2.37188282e-17, 1.39555196e-16, 9.78625494e-11, 9.99999995e-01,
       1.66818793e-16, 3.76925271e-21, 8.96048637e-10, 6.22301993e-16,
       3.88634661e-09, 5.59413787e-16])), ('J', array([3.10972294e-07, 2.22137534e-22, 1.28518863e-07, 9.99987842e-01,
       1.10207707e-05, 6.37859065e-16, 1.77687395e-13, 8.44756710e-17,
       6.97985789e-07, 3.98927543e-20])), ('Bye', array([1.99867581e-02, 8.71102190e-02, 3.45671434e-01, 3.52916568e-06,
       1.33508898e-03, 1.63798787e-08, 3.60332145e-03, 2.52473907e-02,
       4.43877188e-01, 7.31650549e-02])), ('Wow', array([1.01329021e-02, 1.02700652e-09, 9.20671650e-01, 2.57157768e-03,
       4.14003355e-03, 7.80060035e-03, 3.83711011e-02, 1.21535387e-06,
       1.63109177e-02, 1.29304395e-09])), ('Bye', array([7.60577530e-04, 2.52059244e-01, 4.36860721e-01, 1.19821453e-02,
       4.36455902e-03, 1.85685500e-01, 3.77151225e-02, 4.10647086e-04,
       2.86362009e-02, 4.15252832e-02])), ('Again', array([1.92102541e-01, 9.96009147e-02, 6.25714033e-01, 1.34116543e-03,
       3.61838851e-06, 1.30765299e-02, 4.33962624e-02, 3.27732763e-03,
       2.14875615e-02, 4.63378034e-08])), ('J', array([3.94960203e-11, 1.00113104e-18, 1.91907283e-04, 9.99334337e-01,
       2.91663130e-08, 5.63427191e-15, 2.60234913e-15, 2.38744533e-21,
       4.73726091e-04, 2.00526227e-18])), ('Z', array([6.98421006e-10, 4.40272433e-10, 1.13834478e-09, 8.27601476e-03,
       3.88573726e-08, 1.66574197e-10, 1.22470927e-17, 4.51546348e-14,
       2.10662871e-06, 9.91721837e-01])), ('Z', array([5.30272177e-11, 3.02411532e-14, 3.59877589e-06, 6.74514237e-19,
       2.45925593e-16, 3.15386715e-13, 1.11723015e-08, 1.95632094e-12,
       8.74153728e-13, 9.99996390e-01])), ('Bye', array([5.57988323e-01, 1.45406642e-02, 1.84069397e-01, 3.17780567e-11,
       1.67280216e-02, 1.30471639e-01, 8.34911962e-02, 1.16184338e-02,
       1.09232592e-03, 2.04940702e-25])), ('J', array([1.33801656e-14, 4.24470162e-11, 9.64665368e-04, 9.99035213e-01,
       3.97662414e-11, 7.98506133e-21, 1.10615445e-16, 1.75763300e-14,
       2.07593215e-08, 1.00443302e-07])), ('J', array([9.31463155e-18, 2.59832086e-21, 2.25232333e-06, 9.99997742e-01,
       7.66873771e-13, 1.52032410e-19, 8.45291515e-15, 6.37894284e-23,
       5.54465676e-09, 1.39218677e-22])), ('J', array([8.40259242e-19, 1.43261468e-21, 6.58084404e-05, 9.99919323e-01,
       1.48678124e-05, 7.73235803e-21, 1.22514633e-09, 7.23864368e-16,
       1.00701930e-13, 6.34471701e-18])), ('J', array([6.87800308e-18, 2.97884707e-20, 1.41455650e-07, 9.99999857e-01,
       9.79652968e-14, 6.27852012e-16, 3.05757511e-18, 4.88569311e-23,
       1.57043648e-09, 2.45624326e-21])), ('Wow', array([7.46484638e-01, 1.08378805e-05, 1.72302762e-01, 3.17610934e-10,
       3.46005473e-05, 1.85076898e-03, 3.18327104e-02, 4.66826122e-02,
       6.50635344e-06, 7.94563216e-04])), ('Wow', array([2.17918420e-03, 2.71954548e-04, 1.01508037e-03, 1.23748410e-24,
       2.15402174e-10, 2.11842625e-03, 9.71129649e-01, 2.32857040e-02,
       1.01820780e-11, 1.02559407e-09])), ('Why', array([6.17026647e-02, 2.48442004e-01, 6.12797026e-01, 2.03568245e-14,
       1.50202574e-04, 1.41979099e-03, 3.84230312e-02, 1.64419182e-02,
       2.06050087e-02, 1.83539867e-05])), ('Again', array([2.55250422e-03, 3.13682607e-06, 7.91167558e-01, 1.72025259e-08,
       6.59127058e-04, 1.38870041e-01, 1.20520872e-03, 4.55524396e-02,
       1.99899676e-02, 2.12574558e-17])), ('Z', array([2.49143539e-15, 5.87035446e-08, 3.83600039e-05, 6.44935163e-18,
       1.37181023e-14, 1.73210416e-14, 5.15982629e-05, 9.72528468e-12,
       1.34022410e-05, 9.99896581e-01])), ('Hello', array([8.57306951e-09, 6.36189687e-03, 8.97932627e-03, 3.45112288e-02,
       2.43242094e-02, 1.04765234e-04, 5.16939318e-12, 1.44748272e-07,
       8.41371582e-01, 8.43468376e-02])), ('Z', array([9.65211638e-09, 2.83728804e-09, 8.65103836e-13, 8.84909963e-26,
       5.50367605e-15, 1.34212704e-18, 1.82683877e-07, 1.55898399e-13,
       2.52617873e-07, 9.99999552e-01])), ('Hello', array([3.70063552e-17, 4.41553352e-05, 9.99883376e-01, 1.07322703e-05,
       4.84782650e-09, 1.79054165e-05, 1.24983498e-13, 4.15580391e-05,
       2.26848435e-06, 1.47838898e-15])), ('J', array([3.79456888e-21, 8.09135752e-18, 1.47061091e-11, 9.99997961e-01,
       2.29787677e-18, 3.46947859e-23, 1.68250444e-20, 7.02792053e-20,
       2.03891275e-06, 1.49756764e-20])), ('Z', array([9.67876874e-17, 4.55096998e-04, 1.01059359e-06, 4.02445054e-20,
       5.59250786e-16, 6.73072192e-07, 9.02771151e-10, 1.10387661e-10,
       1.64859740e-04, 9.99378359e-01])), ('Z', array([3.34323077e-16, 1.07282929e-11, 5.30198958e-13, 4.93031269e-22,
       3.94426510e-21, 3.71322808e-11, 8.52757521e-10, 5.32820029e-20,
       1.08861114e-07, 9.99999890e-01])), ('Why', array([5.92031102e-03, 8.10118644e-01, 7.45089919e-03, 3.44936563e-06,
       2.73512088e-06, 3.19573413e-13, 8.34772017e-02, 4.09232910e-03,
       7.91912725e-02, 9.74315814e-03])), ('Hello', array([8.23192191e-03, 4.19494152e-04, 9.08962923e-01, 2.89835877e-06,
       3.61317705e-04, 6.01941408e-04, 1.85311669e-03, 7.14834724e-07,
       7.95656712e-02, 5.19015962e-10])), ('Okay', array([1.68327110e-04, 9.05222369e-03, 6.00884941e-01, 1.47759859e-12,
       4.03660761e-04, 4.88595908e-04, 3.68839332e-01, 1.69615817e-02,
       3.20133847e-03, 5.93422599e-12])), ('Wow', array([8.48480279e-02, 5.59307260e-03, 1.66411006e-01, 1.78865767e-09,
       6.15966961e-02, 6.14025135e-02, 2.21409391e-03, 3.62573185e-01,
       2.55361403e-01, 1.05760081e-13])), ('J', array([4.26587548e-06, 1.44217521e-17, 8.49345576e-06, 9.99963182e-01,
       1.09701838e-06, 5.82541210e-17, 4.43580522e-08, 2.17268375e-18,
       2.29173766e-05, 3.62584216e-17])), ('Why', array([2.28967669e-02, 9.38277696e-02, 5.90235251e-01, 1.20638813e-08,
       1.56713392e-02, 1.12462297e-02, 1.03236045e-01, 1.42721236e-01,
       1.64589484e-04, 2.00007608e-02])), ('Hello', array([1.30006558e-05, 5.70923109e-01, 7.95710690e-02, 2.18514030e-12,
       7.63854102e-04, 6.28064323e-03, 3.19917644e-02, 2.40228627e-01,
       7.02279225e-02, 1.05814453e-08])), ('Bye', array([1.47274118e-02, 4.28762934e-01, 3.73863109e-01, 1.22666510e-06,
       3.12096288e-04, 4.63145041e-03, 1.37545783e-01, 3.86474979e-02,
       1.50848625e-03, 3.69380127e-09])), ('Hello', array([2.34217768e-02, 8.60822244e-02, 6.32144309e-01, 1.75896249e-19,
       8.56057648e-02, 1.25096792e-03, 1.46069357e-01, 2.49433640e-02,
       4.82220511e-04, 1.51883458e-08])), ('J', array([1.16152314e-10, 3.98542524e-14, 4.38970388e-03, 9.95141931e-01,
       9.11214002e-11, 8.67429394e-15, 4.33390591e-10, 1.65076742e-17,
       4.68364785e-04, 1.74270968e-18])), ('Hello', array([8.47998467e-04, 5.08580902e-03, 6.61712221e-01, 1.22507364e-09,
       7.21507218e-03, 2.25279282e-01, 3.35117820e-04, 1.00394228e-08,
       9.85667043e-02, 9.57784368e-04])), ('Z', array([4.83820331e-12, 8.18946041e-11, 3.32172868e-14, 7.06126740e-27,
       5.86670634e-19, 2.57936271e-21, 7.46709243e-16, 3.93202205e-18,
       5.54124052e-15, 1.00000000e+00])), ('Z', array([1.49132072e-09, 1.85286464e-08, 3.53859334e-03, 1.24377779e-17,
       1.22471332e-11, 3.92415534e-10, 4.71561437e-04, 7.77654566e-12,
       2.38431731e-10, 9.95989825e-01])), ('J', array([2.73438927e-19, 1.84555037e-29, 2.21072573e-09, 9.99999998e-01,
       2.24771935e-13, 9.76679259e-15, 5.56518776e-15, 2.35133516e-27,
       1.04168788e-12, 5.74261049e-27])), ('Hello', array([3.49441097e-02, 5.94699962e-01, 1.81321850e-01, 1.57217367e-05,
       1.62295519e-02, 1.94959762e-02, 1.44486188e-01, 4.91052882e-05,
       6.66686834e-03, 2.09066700e-03])), ('Z', array([1.15076869e-19, 5.84403281e-12, 1.40697694e-11, 2.65442953e-28,
       7.21641081e-20, 2.83354004e-14, 8.54674065e-13, 8.72881127e-16,
       3.22322130e-14, 1.00000000e+00])), ('Z', array([2.07658858e-13, 6.28865156e-04, 4.77458041e-07, 9.72506344e-26,
       9.13707730e-12, 8.46667901e-19, 1.85277563e-11, 6.03762575e-18,
       9.65263583e-09, 9.99370648e-01])), ('J', array([4.10998764e-09, 1.46833498e-03, 1.46086578e-05, 9.96575568e-01,
       2.20298319e-06, 5.46097502e-21, 1.14692980e-16, 5.26712225e-23,
       1.93822939e-03, 1.05141223e-06])), ('Again', array([1.74297185e-02, 1.16112616e-01, 4.11678848e-02, 8.12892389e-02,
       9.89622461e-02, 3.70095928e-02, 4.92531102e-02, 3.39858718e-08,
       5.57838688e-01, 9.36870560e-04])), ('Yes', array([2.69125147e-02, 8.44609158e-02, 3.60541894e-02, 2.69230053e-05,
       2.12116019e-01, 4.89450769e-03, 3.38865230e-07, 3.09562779e-14,
       6.05397286e-01, 3.01373064e-02])), ('J', array([4.22109847e-09, 2.99601203e-16, 1.33360109e-07, 9.99999861e-01,
       4.74151522e-11, 1.36366420e-17, 1.04626715e-09, 2.61396906e-18,
       7.19102064e-10, 1.04794606e-20])), ('J', array([1.01255869e-14, 1.27815022e-24, 8.36754880e-12, 1.00000000e+00,
       3.23395591e-13, 3.60911828e-19, 4.01836443e-18, 1.73842756e-24,
       4.21289933e-11, 2.38095962e-24])), ('Okay', array([5.01632365e-01, 4.86169545e-04, 1.57882168e-01, 3.08716001e-03,
       2.99941878e-02, 9.07017851e-04, 1.17893123e-01, 1.63595612e-01,
       1.73588546e-02, 7.16334155e-03])), ('Yes', array([1.04454418e-08, 3.22858574e-02, 9.82755986e-06, 3.44176786e-03,
       5.60817145e-02, 2.00182246e-08, 5.00163182e-04, 7.46058847e-05,
       1.95450738e-01, 7.12155295e-01])), ('Hello', array([5.90172405e-02, 2.86921983e-02, 3.46998285e-03, 2.36325624e-12,
       3.94113498e-01, 7.12465880e-04, 7.20234013e-02, 2.67303735e-01,
       1.74656210e-01, 1.12681747e-05])), ('Hello', array([7.63188027e-02, 3.26066296e-02, 8.41069473e-01, 2.26179882e-11,
       2.25655782e-02, 1.21116267e-02, 6.11134067e-03, 1.26496837e-03,
       6.76723640e-04, 7.27485691e-03])), ('J', array([4.26622982e-26, 9.95161743e-19, 4.97414791e-14, 1.00000000e+00,
       2.33751902e-16, 9.51173574e-26, 1.36154639e-14, 1.16774766e-21,
       1.23866650e-15, 3.79894293e-14])), ('Okay', array([4.72310447e-02, 4.52960930e-02, 4.03062143e-01, 4.34459487e-12,
       8.21293504e-02, 1.29386429e-02, 8.92552812e-03, 3.96141150e-01,
       4.27604773e-03, 3.93723258e-23])), ('J', array([1.67869352e-21, 1.31391305e-12, 5.04675437e-14, 9.98252216e-01,
       7.28997260e-13, 3.59828794e-17, 3.76919381e-17, 2.00107136e-18,
       1.74754932e-03, 2.34655078e-07])), ('J', array([4.16144882e-31, 2.70541340e-19, 7.08882589e-17, 1.00000000e+00,
       1.00370171e-19, 5.93967367e-23, 9.78437826e-19, 2.73673602e-23,
       2.11406586e-14, 2.46408817e-24])), ('Okay', array([9.87198662e-04, 1.49814399e-01, 7.83967063e-01, 2.67429439e-05,
       1.47803682e-07, 6.09011853e-13, 5.97668696e-03, 9.84297217e-03,
       4.93847888e-02, 3.58056657e-11])), ('Z', array([9.43607002e-17, 1.50719558e-12, 1.68031311e-11, 3.07880515e-27,
       1.54705539e-12, 2.45122240e-19, 2.18881725e-16, 1.27183970e-15,
       3.43772203e-14, 1.00000000e+00])), ('J', array([4.36128511e-20, 2.42091549e-20, 1.33667356e-09, 9.99999999e-01,
       2.14377945e-12, 4.28907398e-18, 6.04840936e-23, 4.98027411e-24,
       2.02976011e-21, 5.47266214e-31])), ('Wow', array([4.43633446e-02, 6.09380796e-01, 1.01963353e-01, 9.10337934e-24,
       8.78727389e-04, 9.87318399e-03, 3.39193732e-02, 1.75587195e-01,
       2.40340241e-02, 1.55461304e-09])), ('Hello', array([1.41159230e-03, 8.60894411e-01, 1.11708661e-01, 2.35380033e-07,
       8.27446409e-03, 1.79645469e-06, 1.18076602e-02, 4.64349293e-05,
       5.85474425e-03, 1.58449655e-10])), ('Hello', array([5.48417730e-05, 3.42688890e-01, 2.85986416e-02, 1.82310631e-22,
       4.56744132e-02, 2.73314463e-03, 2.10625587e-01, 3.69624469e-01,
       8.62103522e-09, 4.56391317e-09])), ('Z', array([7.63645276e-24, 1.24086578e-13, 8.80001976e-16, 3.13442189e-36,
       2.13455115e-19, 2.60501655e-25, 4.31093106e-19, 4.44912447e-18,
       3.58548575e-13, 1.00000000e+00])), ('Z', array([8.72942506e-15, 2.87779808e-14, 9.97782793e-14, 9.48092395e-14,
       2.13052189e-12, 6.35029872e-16, 2.82854480e-15, 4.16485257e-17,
       5.55370898e-11, 1.00000000e+00])), ('Z', array([3.34512755e-18, 7.47391690e-18, 2.92223055e-17, 7.68251036e-21,
       1.41273799e-20, 1.73432574e-21, 1.14461241e-17, 2.53558206e-20,
       1.77117281e-16, 1.00000000e+00])), ('J', array([1.22377292e-29, 2.94757606e-26, 9.73531135e-22, 1.00000000e+00,
       1.18635542e-16, 4.75537584e-18, 8.08262871e-22, 3.47950165e-28,
       4.49793970e-10, 1.61682902e-31])), ('Wow', array([1.14504234e-02, 8.83288008e-01, 4.12470875e-02, 5.12340167e-11,
       5.87916618e-02, 2.86494157e-07, 8.51714313e-08, 4.69859643e-03,
       5.23851161e-04, 1.98021214e-12])), ('Z', array([3.19300669e-13, 2.12524295e-11, 3.14392846e-12, 1.78686944e-20,
       4.86996344e-13, 9.64447594e-10, 4.04223236e-10, 3.61582356e-11,
       6.17915419e-13, 9.99999999e-01])), ('Bye', array([4.44236797e-04, 2.24467758e-02, 3.01049186e-03, 1.86059808e-14,
       5.82549613e-04, 6.64841594e-15, 7.35397464e-01, 1.46999187e-04,
       1.12738603e-02, 2.26697622e-01])), ('J', array([6.04197519e-19, 3.29530759e-13, 2.56999696e-11, 9.99999945e-01,
       1.36783363e-09, 3.66248016e-24, 8.76929713e-22, 9.52062744e-24,
       5.35364874e-08, 2.81145999e-16])), ('Z', array([1.34760546e-12, 1.07261187e-04, 3.72915468e-11, 9.68658352e-23,
       2.06833044e-10, 9.25252193e-06, 3.41366755e-07, 2.83633945e-07,
       4.85981060e-04, 9.99396880e-01])), ('Z', array([3.71618464e-09, 5.34489956e-04, 2.23124200e-06, 8.09665651e-21,
       1.45747894e-09, 2.19019781e-18, 7.33963107e-12, 1.15984008e-13,
       2.14911897e-08, 9.99463252e-01])), ('J', array([4.57576122e-06, 4.33872948e-03, 7.67860809e-01, 2.31038663e-03,
       4.85099697e-04, 1.53014318e-01, 3.58549618e-08, 1.89921843e-07,
       7.19802546e-02, 5.60166911e-06])), ('Z', array([2.63552362e-09, 6.08721451e-06, 1.08639010e-03, 7.89930195e-21,
       7.04865144e-07, 1.43048384e-03, 1.63876218e-04, 1.59359531e-06,
       1.15361317e-07, 9.97310746e-01])), ('Ready', array([1.92695456e-04, 3.53281932e-02, 3.66853415e-01, 1.36209489e-18,
       1.79696060e-02, 5.95422873e-02, 5.02593010e-01, 1.04538216e-02,
       4.70720333e-03, 2.35976841e-03])), ('Hello', array([1.70233418e-03, 1.81421410e-01, 8.12342830e-01, 3.35676582e-15,
       3.34184904e-03, 1.16587489e-05, 1.04907872e-03, 8.77470702e-05,
       4.30915635e-05, 2.37602328e-10])), ('Z', array([3.47503436e-10, 5.37714127e-09, 1.91719709e-10, 1.11853983e-26,
       1.54790690e-14, 1.72916197e-18, 6.65844781e-04, 2.58272302e-11,
       1.06822547e-18, 9.99334149e-01])), ('Hello', array([9.62876319e-03, 5.49482183e-02, 9.01378113e-01, 8.04017124e-11,
       1.36939879e-02, 7.85237510e-08, 4.37562284e-03, 1.27679267e-02,
       3.20726089e-03, 2.86839225e-08])), ('Hello', array([2.55030581e-02, 5.21920117e-02, 9.66117648e-02, 1.09069618e-01,
       3.31085189e-03, 5.10506400e-01, 3.88860018e-07, 5.16488831e-03,
       1.32223181e-01, 6.54178372e-02])), ('Wow', array([4.53050377e-04, 7.42124334e-01, 4.97809249e-02, 3.70240356e-13,
       1.24528360e-03, 3.51986901e-04, 1.81736505e-01, 1.29576578e-02,
       1.13502507e-02, 7.10259086e-09])), ('Hello', array([1.53873086e-03, 1.29005918e-01, 5.23150690e-01, 1.02537037e-02,
       4.55259932e-02, 2.47572542e-01, 3.01247063e-02, 4.17195302e-04,
       1.09084272e-02, 1.50209292e-03])), ('Z', array([2.37662138e-12, 2.63516225e-10, 2.04047961e-11, 7.30144076e-19,
       2.63490338e-10, 1.00172173e-09, 2.88539628e-10, 1.81598591e-11,
       1.20678970e-11, 9.99999998e-01])), ('J', array([4.51516330e-19, 7.83208938e-16, 1.96006804e-07, 9.99988094e-01,
       7.35533608e-11, 5.41004233e-20, 2.09399004e-12, 3.13214375e-22,
       1.17100299e-05, 2.99628445e-19])), ('Why', array([3.29803150e-01, 1.27443813e-01, 2.03735034e-01, 8.12852150e-04,
       2.20136437e-01, 3.27835246e-06, 5.41689658e-02, 2.00335290e-02,
       2.39876742e-02, 1.98752653e-02])), ('Hello', array([7.94480036e-03, 2.98164433e-01, 8.45759733e-02, 4.88998585e-17,
       3.21855911e-02, 1.95650849e-01, 3.00997386e-01, 2.08785856e-02,
       5.87722470e-02, 8.30134776e-04])), ('J', array([8.87337984e-28, 4.82988352e-30, 1.48286339e-13, 1.00000000e+00,
       7.20844195e-25, 9.44125465e-24, 3.03454916e-31, 3.05003205e-32,
       7.20275632e-11, 2.13559196e-23])), ('Yes', array([2.98493924e-01, 3.29993321e-02, 1.71143301e-01, 3.98976991e-16,
       1.68924299e-02, 1.26549445e-02, 3.64545688e-02, 2.51752825e-01,
       1.79608652e-01, 2.29665477e-08])), ('Z', array([5.12759249e-05, 4.72047784e-08, 1.64704638e-03, 2.39877609e-08,
       2.03904378e-03, 1.92369860e-03, 2.79033259e-06, 2.19016677e-03,
       3.47152148e-03, 9.88674386e-01])), ('Z', array([7.56850172e-12, 2.61988510e-03, 8.73395390e-14, 1.78828039e-23,
       2.48652946e-19, 4.94992645e-15, 1.78785752e-08, 4.27181342e-12,
       2.06706282e-14, 9.97380097e-01])), ('Yes', array([2.63339068e-03, 2.24210689e-04, 9.44039438e-01, 3.79124458e-18,
       4.86436879e-02, 5.11021385e-04, 2.69854998e-03, 1.07651833e-03,
       1.73142630e-04, 4.01215744e-08])), ('Hello', array([8.02956466e-02, 1.11016870e-02, 1.37689709e-01, 3.35899093e-07,
       7.12970573e-02, 2.54561986e-01, 1.95987536e-02, 2.47314516e-01,
       1.78138408e-01, 1.90076542e-06])), ('J', array([4.62637214e-20, 4.31182846e-17, 1.96071281e-05, 9.99980393e-01,
       1.57703101e-13, 4.63485051e-18, 1.40147265e-23, 9.19056715e-31,
       3.24922320e-13, 8.32459849e-25])), ('Z', array([1.92243781e-13, 5.71518744e-12, 4.25840332e-15, 3.49692637e-13,
       2.59706131e-14, 1.56544336e-12, 2.12642556e-12, 6.48463365e-15,
       9.07193512e-08, 9.99999909e-01])), ('Z', array([1.03115676e-09, 7.07381619e-15, 3.95756701e-13, 1.28187616e-32,
       1.21200999e-13, 6.69718815e-20, 3.92250850e-15, 3.27652114e-13,
       2.63458741e-17, 9.99999999e-01])), ('Z', array([4.80116953e-17, 4.51656064e-15, 1.72638845e-16, 4.93795916e-28,
       7.61878495e-23, 1.14940525e-18, 2.32601299e-13, 1.10746586e-18,
       1.80903327e-15, 1.00000000e+00])), ('Yes', array([1.28391004e-05, 1.29655192e-02, 2.93534322e-01, 3.20541295e-03,
       1.02381080e-02, 4.47486831e-01, 7.06310581e-02, 1.86907766e-02,
       1.43173401e-01, 6.17323430e-05])), ('Hello', array([1.97732829e-03, 2.71856658e-01, 2.58531980e-01, 9.68633623e-14,
       1.97402739e-03, 1.27029518e-01, 3.24360311e-01, 1.21083862e-02,
       2.16077684e-03, 1.01404938e-06])), ('Bye', array([5.44965415e-04, 5.89744289e-02, 3.04274673e-01, 1.18405441e-06,
       3.90359799e-02, 1.60074783e-02, 4.77807872e-01, 7.70362720e-02,
       2.57200150e-02, 5.97131861e-04])), ('Hello', array([3.69040846e-07, 8.37315012e-03, 9.90426039e-01, 5.15083733e-04,
       6.43697331e-04, 3.36163318e-05, 7.02769138e-06, 1.71620704e-09,
       1.01481526e-06, 3.11609746e-13])), ('Z', array([1.60197520e-16, 5.02478385e-13, 3.20922590e-17, 1.74314814e-23,
       1.49638403e-18, 1.65937481e-20, 7.81047190e-14, 2.36574465e-16,
       4.68133864e-14, 1.00000000e+00]))]
